2024-09-27 14:00:32.533 | INFO     | phold.utils.util:begin_phold:72 - phold: annotating phage genomes with protein structures
2024-09-27 14:00:32.537 | INFO     | phold.utils.util:begin_phold:74 - You are using phold version 0.2.0
2024-09-27 14:00:32.539 | INFO     | phold.utils.util:begin_phold:75 - Repository homepage is https://github.com/gbouras13/phold
2024-09-27 14:00:32.541 | INFO     | phold.utils.util:begin_phold:76 - You are running phold run
2024-09-27 14:00:32.542 | INFO     | phold.utils.util:begin_phold:77 - Listing parameters
2024-09-27 14:00:32.545 | INFO     | phold.utils.util:begin_phold:79 - Parameter: --input 3_Project/3.4_Dataset_30/10_pharokka/pharokka.gbk
2024-09-27 14:00:32.548 | INFO     | phold.utils.util:begin_phold:79 - Parameter: --output 3_Project/3.4_Dataset_30/20_phold_pharokka
2024-09-27 14:00:32.550 | INFO     | phold.utils.util:begin_phold:79 - Parameter: --threads 96
2024-09-27 14:00:32.552 | INFO     | phold.utils.util:begin_phold:79 - Parameter: --force True
2024-09-27 14:00:32.554 | INFO     | phold.utils.util:begin_phold:79 - Parameter: --prefix phold
2024-09-27 14:00:32.556 | INFO     | phold.utils.util:begin_phold:79 - Parameter: --evalue 0.001
2024-09-27 14:00:32.558 | INFO     | phold.utils.util:begin_phold:79 - Parameter: --database /veodata/01/databases/phold/v240724/
2024-09-27 14:00:32.560 | INFO     | phold.utils.util:begin_phold:79 - Parameter: --batch_size 1
2024-09-27 14:00:32.562 | INFO     | phold.utils.util:begin_phold:79 - Parameter: --sensitivity 9.5
2024-09-27 14:00:32.564 | INFO     | phold.utils.util:begin_phold:79 - Parameter: --keep_tmp_files False
2024-09-27 14:00:32.565 | INFO     | phold.utils.util:begin_phold:79 - Parameter: --cpu True
2024-09-27 14:00:32.568 | INFO     | phold.utils.util:begin_phold:79 - Parameter: --omit_probs False
2024-09-27 14:00:32.571 | INFO     | phold.utils.util:begin_phold:79 - Parameter: --finetune False
2024-09-27 14:00:32.575 | INFO     | phold.utils.util:begin_phold:79 - Parameter: --finetune_path None
2024-09-27 14:00:32.579 | INFO     | phold.utils.util:begin_phold:79 - Parameter: --card_vfdb_evalue 1e-10
2024-09-27 14:00:32.582 | INFO     | phold.utils.util:begin_phold:79 - Parameter: --separate False
2024-09-27 14:00:32.585 | INFO     | phold.utils.util:begin_phold:79 - Parameter: --max_seqs 10000
2024-09-27 14:00:32.588 | INFO     | phold.utils.util:begin_phold:79 - Parameter: --save_per_residue_embeddings False
2024-09-27 14:00:32.592 | INFO     | phold.utils.util:begin_phold:79 - Parameter: --save_per_protein_embeddings False
2024-09-27 14:00:32.595 | INFO     | phold.utils.util:begin_phold:79 - Parameter: --only_representatives False
2024-09-27 14:00:32.597 | INFO     | phold.utils.util:begin_phold:79 - Parameter: --ultra_sensitive False
2024-09-27 14:00:32.615 | INFO     | phold.utils.validation:check_dependencies:126 - Foldseek version found is v9.427df8a
2024-09-27 14:00:32.618 | INFO     | phold.utils.validation:check_dependencies:135 - Foldseek version is ok
2024-09-27 14:00:32.620 | INFO     | phold.databases.db:validate_db:361 - Checking Phold database installation in /veodata/01/databases/phold/v240724
2024-09-27 14:00:32.628 | INFO     | phold.databases.db:validate_db:364 - All Phold databases files are present
2024-09-27 14:00:32.630 | INFO     | phold.io.handle_genbank:get_genbank:57 - Checking if input 3_Project/3.4_Dataset_30/10_pharokka/pharokka.gbk is a Genbank file
2024-09-27 14:00:33.101 | INFO     | phold.utils.validation:validate_input:50 - Successfully parsed input 3_Project/3.4_Dataset_30/10_pharokka/pharokka.gbk as a Genbank format file
2024-09-27 14:00:33.114 | INFO     | phold.features.predict_3Di:get_T5_model:121 - Using device: cpu
2024-09-27 14:00:33.116 | INFO     | phold.features.predict_3Di:get_T5_model:127 - Loading T5 from: /veodata/01/databases/phold/v240724/Rostlab/ProstT5_fp16
2024-09-27 14:00:33.117 | INFO     | phold.features.predict_3Di:get_T5_model:128 - If /veodata/01/databases/phold/v240724/Rostlab/ProstT5_fp16 is not found, it will be downloaded
2024-09-27 14:00:47.227 | INFO     | phold.features.predict_3Di:get_T5_model:164 - Rostlab/ProstT5_fp16 loaded
2024-09-27 14:00:47.272 | INFO     | phold.features.predict_3Di:get_embeddings:436 - Beginning ProstT5 predictions
2024-09-27 14:00:47.276 | INFO     | phold.features.predict_3Di:get_embeddings:443 - Using models in full-precision
2024-09-27 14:19:35.638 | INFO     | phold.features.predict_3Di:write_predictions:278 - Finished writing results to 3_Project/3.4_Dataset_30/20_phold_pharokka/phold_3di.fasta
2024-09-27 14:19:36.099 | INFO     | phold.utils.external_tools:run:44 - Started running foldseek tsv2db 3_Project/3.4_Dataset_30/20_phold_pharokka/foldseek_db/aa.tsv 3_Project/3.4_Dataset_30/20_phold_pharokka/foldseek_db/phold --output-dbtype 0 ...
2024-09-27 14:19:36.180 | INFO     | phold.utils.external_tools:run:46 - Done running foldseek tsv2db 3_Project/3.4_Dataset_30/20_phold_pharokka/foldseek_db/aa.tsv 3_Project/3.4_Dataset_30/20_phold_pharokka/foldseek_db/phold --output-dbtype 0
2024-09-27 14:19:36.183 | INFO     | phold.utils.external_tools:run:44 - Started running foldseek tsv2db 3_Project/3.4_Dataset_30/20_phold_pharokka/foldseek_db/3di.tsv 3_Project/3.4_Dataset_30/20_phold_pharokka/foldseek_db/phold_ss --output-dbtype 0 ...
2024-09-27 14:19:36.249 | INFO     | phold.utils.external_tools:run:46 - Done running foldseek tsv2db 3_Project/3.4_Dataset_30/20_phold_pharokka/foldseek_db/3di.tsv 3_Project/3.4_Dataset_30/20_phold_pharokka/foldseek_db/phold_ss --output-dbtype 0
2024-09-27 14:19:36.253 | INFO     | phold.utils.external_tools:run:44 - Started running foldseek tsv2db 3_Project/3.4_Dataset_30/20_phold_pharokka/foldseek_db/header.tsv 3_Project/3.4_Dataset_30/20_phold_pharokka/foldseek_db/phold_h --output-dbtype 12 ...
2024-09-27 14:19:36.296 | INFO     | phold.utils.external_tools:run:46 - Done running foldseek tsv2db 3_Project/3.4_Dataset_30/20_phold_pharokka/foldseek_db/header.tsv 3_Project/3.4_Dataset_30/20_phold_pharokka/foldseek_db/phold_h --output-dbtype 12
2024-09-27 14:19:36.302 | INFO     | phold.utils.external_tools:run:44 - Started running foldseek search 3_Project/3.4_Dataset_30/20_phold_pharokka/foldseek_db/phold /veodata/01/databases/phold/v240724/all_phold_structures_clustered_searchDB 3_Project/3.4_Dataset_30/20_phold_pharokka/result_db/result_db 3_Project/3.4_Dataset_30/20_phold_pharokka/temp_db --threads 96 -e 0.001 -s 9.5 --max-seqs 10000 --cluster-search 1 ...
2024-09-27 14:21:13.106 | INFO     | phold.utils.external_tools:run:46 - Done running foldseek search 3_Project/3.4_Dataset_30/20_phold_pharokka/foldseek_db/phold /veodata/01/databases/phold/v240724/all_phold_structures_clustered_searchDB 3_Project/3.4_Dataset_30/20_phold_pharokka/result_db/result_db 3_Project/3.4_Dataset_30/20_phold_pharokka/temp_db --threads 96 -e 0.001 -s 9.5 --max-seqs 10000 --cluster-search 1
2024-09-27 14:21:13.111 | INFO     | phold.utils.external_tools:run:44 - Started running foldseek createtsv 3_Project/3.4_Dataset_30/20_phold_pharokka/foldseek_db/phold /veodata/01/databases/phold/v240724/all_phold_structures 3_Project/3.4_Dataset_30/20_phold_pharokka/result_db/result_db 3_Project/3.4_Dataset_30/20_phold_pharokka/foldseek_results.tsv ...
2024-09-27 14:21:14.997 | INFO     | phold.utils.external_tools:run:46 - Done running foldseek createtsv 3_Project/3.4_Dataset_30/20_phold_pharokka/foldseek_db/phold /veodata/01/databases/phold/v240724/all_phold_structures 3_Project/3.4_Dataset_30/20_phold_pharokka/result_db/result_db 3_Project/3.4_Dataset_30/20_phold_pharokka/foldseek_results.tsv
2024-09-27 14:21:15.001 | INFO     | phold.results.topfunction:get_topfunctions:35 - Processing Foldseek output
2024-09-27 14:21:27.907 | INFO     | phold.utils.util:end_phold:101 - phold run has finished
2024-09-27 14:21:27.909 | INFO     | phold.utils.util:end_phold:102 - Elapsed time: 1255.4 seconds
