2024-09-19 13:48:41.495 | INFO     | __main__:main:95 - Starting Pharokka v1.7.1
2024-09-19 13:48:41.500 | INFO     | __main__:main:96 - Command executed: Namespace(infile='1.3_virus_identification/40_results_filter_contigs/assembly.fasta', outdir='1.4_annotation/10_pharokka', database='/work/groups/VEO/databases/pharokka/v1.7.1/', threads='10', force=True, prefix='Default', locustag='Default', gene_predictor='phanotate', meta=True, split=False, coding_table='11', evalue='1E-05', fast=False, mmseqs2_only=False, meta_hmm=True, dnaapler=False, custom_hmm='', genbank=False, terminase=False, terminase_strand='nothing', terminase_start='nothing', skip_extra_annotations=False, skip_mash=False, minced_args='', mash_distance=0.2, citation=False)
2024-09-19 13:48:41.504 | INFO     | __main__:main:97 - Repository homepage is https://github.com/gbouras13/pharokka
2024-09-19 13:48:41.509 | INFO     | __main__:main:98 - Written by George Bouras: george.bouras@adelaide.edu.au
2024-09-19 13:48:41.514 | INFO     | __main__:main:100 - Checking database installation in /work/groups/VEO/databases/pharokka/v1.7.1/.
2024-09-19 13:48:41.524 | INFO     | __main__:main:103 - All databases have been successfully checked.
2024-09-19 13:48:41.528 | INFO     | __main__:main:119 - Checking dependencies.
2024-09-19 13:48:43.474 | INFO     | input_commands:check_dependencies:379 - Phanotate version found is v1.5.1
2024-09-19 13:48:43.479 | INFO     | input_commands:check_dependencies:388 - Phanotate version is ok.
2024-09-19 13:48:43.619 | INFO     | input_commands:check_dependencies:410 - MMseqs2 version found is v13.45111
2024-09-19 13:48:43.623 | INFO     | input_commands:check_dependencies:419 - MMseqs2 version is ok.
2024-09-19 13:48:44.337 | INFO     | input_commands:check_dependencies:443 - tRNAscan-SE version found is v2.0.12
2024-09-19 13:48:44.341 | INFO     | input_commands:check_dependencies:454 - tRNAscan-SE version is ok.
2024-09-19 13:48:45.016 | INFO     | input_commands:check_dependencies:478 - MinCED version found is v0.4.2
2024-09-19 13:48:45.020 | INFO     | input_commands:check_dependencies:489 - MinCED version is ok.
2024-09-19 13:48:45.055 | INFO     | input_commands:check_dependencies:515 - ARAGORN version found is v1.2.41
2024-09-19 13:48:45.058 | INFO     | input_commands:check_dependencies:526 - ARAGORN version is ok.
2024-09-19 13:48:45.221 | INFO     | input_commands:check_dependencies:543 - mash version found is v2.3
2024-09-19 13:48:45.225 | INFO     | input_commands:check_dependencies:550 - mash version is ok.
2024-09-19 13:48:52.659 | INFO     | input_commands:check_dependencies:569 - Dnaapler version found is v0.7.0
2024-09-19 13:48:52.663 | INFO     | input_commands:check_dependencies:576 - Dnaapler version is ok.
2024-09-19 13:48:52.668 | INFO     | input_commands:check_dependencies:588 - Pyrodigal version is v3.3.0
2024-09-19 13:48:52.672 | INFO     | input_commands:check_dependencies:589 - Pyrodigal version is ok.
2024-09-19 13:48:52.675 | INFO     | input_commands:check_dependencies:601 - Pyrodigal_gv version is v0.3.1
2024-09-19 13:48:52.678 | INFO     | input_commands:check_dependencies:602 - Pyrodigal_gv version is ok.
2024-09-19 13:48:52.802 | INFO     | input_commands:validate_fasta:230 - Checking input 1.3_virus_identification/40_results_filter_contigs/assembly.fasta.
2024-09-19 13:48:52.809 | INFO     | input_commands:validate_fasta:232 - Input 1.3_virus_identification/40_results_filter_contigs/assembly.fasta is in FASTA format.
2024-09-19 13:48:52.814 | INFO     | input_commands:validate_fasta:237 - Checking input 1.3_virus_identification/40_results_filter_contigs/assembly.fasta for duplicate FASTA headers.
2024-09-19 13:48:52.930 | INFO     | input_commands:validate_fasta:239 - All headers in 1.3_virus_identification/40_results_filter_contigs/assembly.fasta are unique.
2024-09-19 13:48:52.934 | INFO     | input_commands:validate_gene_predictor:264 - Phanotate will be used for gene prediction.
2024-09-19 13:48:52.936 | INFO     | __main__:main:238 - You have specified --meta_hmm and -m/--meta to run PyHMMER as well as MMseqs2 in meta mode. This may be take a while, please be patient.
2024-09-19 13:48:52.968 | INFO     | input_commands:validate_meta:294 - 256 input contigs detected.
2024-09-19 13:48:54.823 | INFO     | __main__:main:280 - Running Phanotate.
2024-09-19 13:48:54.827 | INFO     | __main__:main:282 - Applying meta mode.
2024-09-19 14:03:09.521 | INFO     | __main__:main:305 - Starting tRNA-scanSE. Applying meta mode.
2024-09-19 14:03:47.412 | INFO     | processes:run_minced:822 - Running MinCED.
2024-09-19 14:03:47.427 | INFO     | external_tools:run:50 - Started running minced 1.3_virus_identification/40_results_filter_contigs/assembly.fasta 1.4_annotation/10_pharokka/pharokka_minced_spacers.txt 1.4_annotation/10_pharokka/pharokka_minced.gff ...
2024-09-19 14:03:53.886 | INFO     | external_tools:run:52 - Done running minced 1.3_virus_identification/40_results_filter_contigs/assembly.fasta 1.4_annotation/10_pharokka/pharokka_minced_spacers.txt 1.4_annotation/10_pharokka/pharokka_minced.gff
2024-09-19 14:03:53.894 | INFO     | processes:run_aragorn:854 - Running Aragorn.
2024-09-19 14:03:53.908 | INFO     | external_tools:run:50 - Started running aragorn -l -gcbact -w -m -o 1.4_annotation/10_pharokka/pharokka_aragorn.txt 1.3_virus_identification/40_results_filter_contigs/assembly.fasta ...
2024-09-19 14:03:56.206 | INFO     | external_tools:run:52 - Done running aragorn -l -gcbact -w -m -o 1.4_annotation/10_pharokka/pharokka_aragorn.txt 1.3_virus_identification/40_results_filter_contigs/assembly.fasta
2024-09-19 14:03:56.213 | INFO     | __main__:main:317 - Starting MMseqs2.
2024-09-19 14:03:56.217 | INFO     | processes:run_mmseqs:675 - Running MMseqs2 on PHROG Database.
2024-09-19 14:03:56.234 | INFO     | external_tools:run:50 - Started running mmseqs createdb 1.4_annotation/10_pharokka/phanotate_aas_tmp.fasta 1.4_annotation/10_pharokka/target_dir/target_seqs ...
2024-09-19 14:03:58.879 | INFO     | external_tools:run:52 - Done running mmseqs createdb 1.4_annotation/10_pharokka/phanotate_aas_tmp.fasta 1.4_annotation/10_pharokka/target_dir/target_seqs
2024-09-19 14:03:58.897 | INFO     | external_tools:run:50 - Started running mmseqs search -e 1E-05 /work/groups/VEO/databases/pharokka/v1.7.1/phrogs_profile_db 1.4_annotation/10_pharokka/target_dir/target_seqs 1.4_annotation/10_pharokka/mmseqs/results_mmseqs 1.4_annotation/10_pharokka/tmp_dir/ -s 8.5 --threads 10 ...
2024-09-19 14:06:07.402 | INFO     | external_tools:run:52 - Done running mmseqs search -e 1E-05 /work/groups/VEO/databases/pharokka/v1.7.1/phrogs_profile_db 1.4_annotation/10_pharokka/target_dir/target_seqs 1.4_annotation/10_pharokka/mmseqs/results_mmseqs 1.4_annotation/10_pharokka/tmp_dir/ -s 8.5 --threads 10
2024-09-19 14:06:07.423 | INFO     | external_tools:run:50 - Started running mmseqs createtsv /work/groups/VEO/databases/pharokka/v1.7.1/phrogs_profile_db 1.4_annotation/10_pharokka/target_dir/target_seqs 1.4_annotation/10_pharokka/mmseqs/results_mmseqs 1.4_annotation/10_pharokka/mmseqs_results.tsv --full-header --threads 10 ...
2024-09-19 14:06:08.269 | INFO     | external_tools:run:52 - Done running mmseqs createtsv /work/groups/VEO/databases/pharokka/v1.7.1/phrogs_profile_db 1.4_annotation/10_pharokka/target_dir/target_seqs 1.4_annotation/10_pharokka/mmseqs/results_mmseqs 1.4_annotation/10_pharokka/mmseqs_results.tsv --full-header --threads 10
2024-09-19 14:06:08.295 | INFO     | processes:run_mmseqs:675 - Running MMseqs2 on CARD Database.
2024-09-19 14:06:08.311 | INFO     | external_tools:run:50 - Started running mmseqs createdb 1.4_annotation/10_pharokka/phanotate_aas_tmp.fasta 1.4_annotation/10_pharokka/CARD_target_dir/target_seqs ...
2024-09-19 14:06:10.905 | INFO     | external_tools:run:52 - Done running mmseqs createdb 1.4_annotation/10_pharokka/phanotate_aas_tmp.fasta 1.4_annotation/10_pharokka/CARD_target_dir/target_seqs
2024-09-19 14:06:10.923 | INFO     | external_tools:run:50 - Started running mmseqs search --min-seq-id 0.8 -c 0.4 /work/groups/VEO/databases/pharokka/v1.7.1/CARD 1.4_annotation/10_pharokka/CARD_target_dir/target_seqs 1.4_annotation/10_pharokka/CARD/results_mmseqs 1.4_annotation/10_pharokka/CARD_dir/ -s 8.5 --threads 10 ...
2024-09-19 14:06:31.459 | INFO     | external_tools:run:52 - Done running mmseqs search --min-seq-id 0.8 -c 0.4 /work/groups/VEO/databases/pharokka/v1.7.1/CARD 1.4_annotation/10_pharokka/CARD_target_dir/target_seqs 1.4_annotation/10_pharokka/CARD/results_mmseqs 1.4_annotation/10_pharokka/CARD_dir/ -s 8.5 --threads 10
2024-09-19 14:06:31.478 | INFO     | external_tools:run:50 - Started running mmseqs createtsv /work/groups/VEO/databases/pharokka/v1.7.1/CARD 1.4_annotation/10_pharokka/CARD_target_dir/target_seqs 1.4_annotation/10_pharokka/CARD/results_mmseqs 1.4_annotation/10_pharokka/CARD_results.tsv --full-header --threads 10 ...
2024-09-19 14:06:32.061 | INFO     | external_tools:run:52 - Done running mmseqs createtsv /work/groups/VEO/databases/pharokka/v1.7.1/CARD 1.4_annotation/10_pharokka/CARD_target_dir/target_seqs 1.4_annotation/10_pharokka/CARD/results_mmseqs 1.4_annotation/10_pharokka/CARD_results.tsv --full-header --threads 10
2024-09-19 14:06:32.086 | INFO     | processes:run_mmseqs:675 - Running MMseqs2 on VFDB Database.
2024-09-19 14:06:32.104 | INFO     | external_tools:run:50 - Started running mmseqs createdb 1.4_annotation/10_pharokka/phanotate_aas_tmp.fasta 1.4_annotation/10_pharokka/VFDB_target_dir/target_seqs ...
2024-09-19 14:06:34.713 | INFO     | external_tools:run:52 - Done running mmseqs createdb 1.4_annotation/10_pharokka/phanotate_aas_tmp.fasta 1.4_annotation/10_pharokka/VFDB_target_dir/target_seqs
2024-09-19 14:06:34.732 | INFO     | external_tools:run:50 - Started running mmseqs search --min-seq-id 0.8 -c 0.4 /work/groups/VEO/databases/pharokka/v1.7.1/vfdb 1.4_annotation/10_pharokka/VFDB_target_dir/target_seqs 1.4_annotation/10_pharokka/VFDB/results_mmseqs 1.4_annotation/10_pharokka/VFDB_dir/ -s 8.5 --threads 10 ...
2024-09-19 14:07:08.017 | INFO     | external_tools:run:52 - Done running mmseqs search --min-seq-id 0.8 -c 0.4 /work/groups/VEO/databases/pharokka/v1.7.1/vfdb 1.4_annotation/10_pharokka/VFDB_target_dir/target_seqs 1.4_annotation/10_pharokka/VFDB/results_mmseqs 1.4_annotation/10_pharokka/VFDB_dir/ -s 8.5 --threads 10
2024-09-19 14:07:08.035 | INFO     | external_tools:run:50 - Started running mmseqs createtsv /work/groups/VEO/databases/pharokka/v1.7.1/vfdb 1.4_annotation/10_pharokka/VFDB_target_dir/target_seqs 1.4_annotation/10_pharokka/VFDB/results_mmseqs 1.4_annotation/10_pharokka/vfdb_results.tsv --full-header --threads 10 ...
2024-09-19 14:07:08.651 | INFO     | external_tools:run:52 - Done running mmseqs createtsv /work/groups/VEO/databases/pharokka/v1.7.1/vfdb 1.4_annotation/10_pharokka/VFDB_target_dir/target_seqs 1.4_annotation/10_pharokka/VFDB/results_mmseqs 1.4_annotation/10_pharokka/vfdb_results.tsv --full-header --threads 10
2024-09-19 14:07:08.676 | INFO     | __main__:main:348 - Running PyHMMER on PHROGs.
2024-09-19 14:12:56.399 | INFO     | __main__:main:364 - Post Processing Output.
2024-09-19 14:12:57.860 | INFO     | post_processing:create_mmseqs_tophits:2146 - Processing MMseqs2 outputs.
2024-09-19 14:12:57.864 | INFO     | post_processing:create_mmseqs_tophits:2147 - Processing PHROGs output.
2024-09-19 14:13:01.455 | INFO     | post_processing:process_vfdb_results:2351 - Processing VFDB output.
2024-09-19 14:13:01.506 | INFO     | post_processing:process_vfdb_results:2437 - 0 VFDB virulence factors identified.
2024-09-19 14:13:01.512 | INFO     | post_processing:process_card_results:2455 - Processing CARD output.
2024-09-19 14:13:01.564 | INFO     | post_processing:process_card_results:2578 - 0 CARD AMR genes identified.
2024-09-19 14:13:06.613 | INFO     | __main__:main:435 - Converting gff to genbank.
2024-09-19 14:13:09.949 | INFO     | post_processing:extract_terl:1982 - Terminase large subunit found.
2024-09-19 14:13:09.958 | INFO     | post_processing:extract_terl:1985 - More than one CDS annotated as terminase large subunit found. 
Saving all.
2024-09-19 14:13:10.888 | INFO     | __main__:main:453 - Finding the closest match for each contig in INPHARED using mash.
2024-09-19 14:13:10.902 | INFO     | external_tools:run:50 - Started running mash sketch 1.3_virus_identification/40_results_filter_contigs/assembly.fasta -o 1.4_annotation/10_pharokka/input_mash_sketch.msh -i ...
2024-09-19 14:13:11.414 | INFO     | external_tools:run:52 - Done running mash sketch 1.3_virus_identification/40_results_filter_contigs/assembly.fasta -o 1.4_annotation/10_pharokka/input_mash_sketch.msh -i
2024-09-19 14:13:11.430 | INFO     | external_tools:run_to_stdout:59 - Started running mash dist 1.4_annotation/10_pharokka/input_mash_sketch.msh /work/groups/VEO/databases/pharokka/v1.7.1/1Aug2023_genomes.fa.msh -d 0.2 -i ...
2024-09-19 14:14:18.881 | INFO     | external_tools:run_to_stdout:61 - Done running mash dist 1.4_annotation/10_pharokka/input_mash_sketch.msh /work/groups/VEO/databases/pharokka/v1.7.1/1Aug2023_genomes.fa.msh -d 0.2 -i
2024-09-19 14:14:21.198 | INFO     | __main__:main:473 - Pharokka has finished.
2024-09-19 14:14:21.202 | INFO     | __main__:main:474 - Elapsed time: 1539.73 seconds
2024-09-19 14:14:21.206 | INFO     | __main__:main:476 - If you use Pharokka in your research, please cite:
2024-09-19 14:14:21.210 | INFO     | __main__:main:477 - George Bouras, Roshan Nepal, Ghais Houtak, Alkis James Psaltis, Peter-John Wormald, Sarah Vreugde.
2024-09-19 14:14:21.214 | INFO     | __main__:main:480 - Pharokka: a fast scalable bacteriophage annotation tool.
2024-09-19 14:14:21.218 | INFO     | __main__:main:481 - Bioinformatics, Volume 39, Issue 1, January 2023, btac776.
2024-09-19 14:14:21.222 | INFO     | __main__:main:482 - https://doi.org/10.1093/bioinformatics/btac776.
2024-09-19 14:14:21.226 | INFO     | __main__:main:483 - You should also cite the full list of tools Pharokka uses, which can be found at https://github.com/gbouras13/pharokka#citation.
