2024-09-30 03:05:09.177 | INFO     | phold.utils.util:begin_phold:72 - phold: annotating phage genomes with protein structures
2024-09-30 03:05:09.182 | INFO     | phold.utils.util:begin_phold:74 - You are using phold version 0.2.0
2024-09-30 03:05:09.186 | INFO     | phold.utils.util:begin_phold:75 - Repository homepage is https://github.com/gbouras13/phold
2024-09-30 03:05:09.189 | INFO     | phold.utils.util:begin_phold:76 - You are running phold run
2024-09-30 03:05:09.192 | INFO     | phold.utils.util:begin_phold:77 - Listing parameters
2024-09-30 03:05:09.197 | INFO     | phold.utils.util:begin_phold:79 - Parameter: --input 1.4_annotation/10_pharokka/11_selected_contig/pharokka.gbk
2024-09-30 03:05:09.201 | INFO     | phold.utils.util:begin_phold:79 - Parameter: --output 1.4_annotation/10_pharokka/12_selected_contig_phold
2024-09-30 03:05:09.205 | INFO     | phold.utils.util:begin_phold:79 - Parameter: --threads 96
2024-09-30 03:05:09.209 | INFO     | phold.utils.util:begin_phold:79 - Parameter: --force True
2024-09-30 03:05:09.213 | INFO     | phold.utils.util:begin_phold:79 - Parameter: --prefix phold
2024-09-30 03:05:09.218 | INFO     | phold.utils.util:begin_phold:79 - Parameter: --evalue 0.001
2024-09-30 03:05:09.222 | INFO     | phold.utils.util:begin_phold:79 - Parameter: --database /veodata/01/databases/phold/v240724/
2024-09-30 03:05:09.227 | INFO     | phold.utils.util:begin_phold:79 - Parameter: --batch_size 1
2024-09-30 03:05:09.232 | INFO     | phold.utils.util:begin_phold:79 - Parameter: --sensitivity 9.5
2024-09-30 03:05:09.236 | INFO     | phold.utils.util:begin_phold:79 - Parameter: --keep_tmp_files False
2024-09-30 03:05:09.240 | INFO     | phold.utils.util:begin_phold:79 - Parameter: --cpu True
2024-09-30 03:05:09.245 | INFO     | phold.utils.util:begin_phold:79 - Parameter: --omit_probs False
2024-09-30 03:05:09.250 | INFO     | phold.utils.util:begin_phold:79 - Parameter: --finetune False
2024-09-30 03:05:09.254 | INFO     | phold.utils.util:begin_phold:79 - Parameter: --finetune_path None
2024-09-30 03:05:09.259 | INFO     | phold.utils.util:begin_phold:79 - Parameter: --card_vfdb_evalue 1e-10
2024-09-30 03:05:09.264 | INFO     | phold.utils.util:begin_phold:79 - Parameter: --separate False
2024-09-30 03:05:09.269 | INFO     | phold.utils.util:begin_phold:79 - Parameter: --max_seqs 10000
2024-09-30 03:05:09.273 | INFO     | phold.utils.util:begin_phold:79 - Parameter: --save_per_residue_embeddings False
2024-09-30 03:05:09.277 | INFO     | phold.utils.util:begin_phold:79 - Parameter: --save_per_protein_embeddings False
2024-09-30 03:05:09.282 | INFO     | phold.utils.util:begin_phold:79 - Parameter: --only_representatives False
2024-09-30 03:05:09.285 | INFO     | phold.utils.util:begin_phold:79 - Parameter: --ultra_sensitive False
2024-09-30 03:05:09.310 | INFO     | phold.utils.validation:check_dependencies:126 - Foldseek version found is v9.427df8a
2024-09-30 03:05:09.315 | INFO     | phold.utils.validation:check_dependencies:135 - Foldseek version is ok
2024-09-30 03:05:09.319 | INFO     | phold.databases.db:validate_db:361 - Checking Phold database installation in /veodata/01/databases/phold/v240724
2024-09-30 03:05:09.334 | INFO     | phold.databases.db:validate_db:364 - All Phold databases files are present
2024-09-30 03:05:09.337 | INFO     | phold.io.handle_genbank:get_genbank:57 - Checking if input 1.4_annotation/10_pharokka/11_selected_contig/pharokka.gbk is a Genbank file
