Create directory 3_Project/3.4_Dataset_30/10_pharokka/tmp_dir/
search -e 1E-05 /work/groups/VEO/databases/pharokka/v1.7.1/phrogs_profile_db 3_Project/3.4_Dataset_30/10_pharokka/target_dir/target_seqs 3_Project/3.4_Dataset_30/10_pharokka/mmseqs/results_mmseqs 3_Project/3.4_Dataset_30/10_pharokka/tmp_dir/ -s 8.5 --threads 10 

MMseqs Version:                        	13.45111
Substitution matrix                    	nucl:nucleotide.out,aa:blosum62.out
Add backtrace                          	false
Alignment mode                         	2
Alignment mode                         	0
Allow wrapped scoring                  	false
E-value threshold                      	1e-05
Seq. id. threshold                     	0
Min alignment length                   	0
Seq. id. mode                          	0
Alternative alignments                 	0
Coverage threshold                     	0
Coverage mode                          	0
Max sequence length                    	65535
Compositional bias                     	1
Max reject                             	2147483647
Max accept                             	2147483647
Include identical seq. id.             	false
Preload mode                           	0
Pseudo count a                         	1
Pseudo count b                         	1.5
Score bias                             	0
Realign hits                           	false
Realign score bias                     	-0.2
Realign max seqs                       	2147483647
Gap open cost                          	nucl:5,aa:11
Gap extension cost                     	nucl:2,aa:1
Zdrop                                  	40
Threads                                	10
Compressed                             	0
Verbosity                              	3
Seed substitution matrix               	nucl:nucleotide.out,aa:VTML80.out
Sensitivity                            	8.5
k-mer length                           	0
k-score                                	2147483647
Alphabet size                          	nucl:5,aa:21
Max results per query                  	300
Split database                         	0
Split mode                             	2
Split memory limit                     	0
Diagonal scoring                       	true
Exact k-mer matching                   	0
Mask residues                          	1
Mask lower case residues               	0
Minimum diagonal score                 	15
Spaced k-mers                          	1
Spaced k-mer pattern                   	
Local temporary path                   	
Rescore mode                           	0
Remove hits by seq. id. and coverage   	false
Sort results                           	0
Mask profile                           	1
Profile E-value threshold              	0.1
Global sequence weighting              	false
Allow deletions                        	false
Filter MSA                             	1
Maximum seq. id. threshold             	0.9
Minimum seq. id.                       	0
Minimum score per column               	-20
Minimum coverage                       	0
Select N most diverse seqs             	1000
Min codons in orf                      	30
Max codons in length                   	32734
Max orf gaps                           	2147483647
Contig start mode                      	2
Contig end mode                        	2
Orf start mode                         	1
Forward frames                         	1,2,3
Reverse frames                         	1,2,3
Translation table                      	1
Translate orf                          	0
Use all table starts                   	false
Offset of numeric ids                  	0
Create lookup                          	0
Add orf stop                           	false
Overlap between sequences              	0
Sequence split mode                    	1
Header split mode                      	0
Chain overlapping alignments           	0
Merge query                            	1
Search type                            	0
Search iterations                      	1
Start sensitivity                      	4
Search steps                           	1
Exhaustive search mode                 	false
Filter results during exhaustive search	0
Strand selection                       	1
LCA search mode                        	false
Disk space limit                       	0
MPI runner                             	
Force restart with latest tmp          	false
Remove temporary files                 	false

prefilter /work/groups/VEO/databases/pharokka/v1.7.1/phrogs_profile_db 3_Project/3.4_Dataset_30/10_pharokka/target_dir/target_seqs 3_Project/3.4_Dataset_30/10_pharokka/tmp_dir//11926017625498883007/pref_0 --sub-mat nucl:nucleotide.out,aa:blosum62.out --seed-sub-mat nucl:nucleotide.out,aa:VTML80.out -k 0 --k-score 2147483647 --alph-size nucl:5,aa:21 --max-seq-len 65535 --max-seqs 300 --split 0 --split-mode 2 --split-memory-limit 0 -c 0 --cov-mode 0 --comp-bias-corr 1 --diag-score 1 --exact-kmer-matching 0 --mask 1 --mask-lower-case 0 --min-ungapped-score 15 --add-self-matches 0 --spaced-kmer-mode 1 --db-load-mode 0 --pca 1 --pcb 1.5 --threads 10 --compressed 0 -v 3 -s 8.5 

Query database size: 38880 type: Profile
Estimated memory consumption: 492M
Target database size: 4025 type: Aminoacid
Index table k-mer threshold: 0 at k-mer size 6 
Index table: counting k-mers
[=================================================================] 4.03K 0s 31ms
Index table: Masked residues: 3930
Index table: fill
[=================================================================] 4.03K 0s 28ms
Index statistics
Entries:          344806
DB size:          490 MB
Avg k-mer size:   0.005388
Top 10 k-mers
    KLESDL	5
    AAAGAA	4
    ATWGAA	4
    SKLKDA	4
    DTAAEA	4
    SFAEFA	4
    TVAAVA	4
    NKGVVD	4
    PRSRAG	4
    KVQAAK	4
Time for index table init: 0h 0m 0s 436ms
Process prefiltering step 1 of 1

k-mer similarity threshold: 81
Starting prefiltering scores calculation (step 1 of 1)
Query db start 1 to 38880
Target db start 1 to 4025
[=================================================================] 38.88K 2m 21s 28ms

5386.328443 k-mers per position
4665 DB matches per sequence
0 overflows
0 queries produce too many hits (truncated result)
107 sequences passed prefiltering per query sequence
83 median result list length
1 sequences with 0 size result lists
Time for merging to pref_0: 0h 0m 0s 84ms
Time for processing: 0h 2m 21s 788ms
align /work/groups/VEO/databases/pharokka/v1.7.1/phrogs_profile_db 3_Project/3.4_Dataset_30/10_pharokka/target_dir/target_seqs 3_Project/3.4_Dataset_30/10_pharokka/tmp_dir//11926017625498883007/pref_0 3_Project/3.4_Dataset_30/10_pharokka/mmseqs/results_mmseqs --sub-mat nucl:nucleotide.out,aa:blosum62.out -a 0 --alignment-mode 2 --alignment-output-mode 0 --wrapped-scoring 0 -e 1e-05 --min-seq-id 0 --min-aln-len 0 --seq-id-mode 0 --alt-ali 0 -c 0 --cov-mode 0 --max-seq-len 65535 --comp-bias-corr 1 --max-rejected 2147483647 --max-accept 2147483647 --add-self-matches 0 --db-load-mode 0 --pca 1 --pcb 1.5 --score-bias 0 --realign 0 --realign-score-bias -0.2 --realign-max-seqs 2147483647 --gap-open nucl:5,aa:11 --gap-extend nucl:2,aa:1 --zdrop 40 --threads 10 --compressed 0 -v 3 

Compute score and coverage
Query database size: 38880 type: Profile
Target database size: 4025 type: Aminoacid
Calculation of alignments
[=================================================================] 38.88K 7s 793ms
Time for merging to results_mmseqs: 0h 0m 0s 42ms
4160897 alignments calculated
888 sequence pairs passed the thresholds (0.000213 of overall calculated)
0.022840 hits per query sequence
Time for processing: 0h 0m 7s 952ms
