2024-09-26 11:54:55.246 | INFO     | phold.utils.util:begin_phold:72 - phold: annotating phage genomes with protein structures
2024-09-26 11:54:55.251 | INFO     | phold.utils.util:begin_phold:74 - You are using phold version 0.2.0
2024-09-26 11:54:55.256 | INFO     | phold.utils.util:begin_phold:75 - Repository homepage is https://github.com/gbouras13/phold
2024-09-26 11:54:55.260 | INFO     | phold.utils.util:begin_phold:76 - You are running phold run
2024-09-26 11:54:55.264 | INFO     | phold.utils.util:begin_phold:77 - Listing parameters
2024-09-26 11:54:55.268 | INFO     | phold.utils.util:begin_phold:79 - Parameter: --input 3_Project/3.0_select_contigs/select_contigs_30.gbk
2024-09-26 11:54:55.273 | INFO     | phold.utils.util:begin_phold:79 - Parameter: --output 3_Project/3.2_subsampled_phold/10_phold_on_pharoka/11_subset_30
2024-09-26 11:54:55.277 | INFO     | phold.utils.util:begin_phold:79 - Parameter: --threads 96
2024-09-26 11:54:55.282 | INFO     | phold.utils.util:begin_phold:79 - Parameter: --force False
2024-09-26 11:54:55.286 | INFO     | phold.utils.util:begin_phold:79 - Parameter: --prefix phold
2024-09-26 11:54:55.291 | INFO     | phold.utils.util:begin_phold:79 - Parameter: --evalue 0.001
2024-09-26 11:54:55.296 | INFO     | phold.utils.util:begin_phold:79 - Parameter: --database /veodata/01/databases/phold/v240724/
2024-09-26 11:54:55.300 | INFO     | phold.utils.util:begin_phold:79 - Parameter: --batch_size 1
2024-09-26 11:54:55.305 | INFO     | phold.utils.util:begin_phold:79 - Parameter: --sensitivity 9.5
2024-09-26 11:54:55.309 | INFO     | phold.utils.util:begin_phold:79 - Parameter: --keep_tmp_files False
2024-09-26 11:54:55.315 | INFO     | phold.utils.util:begin_phold:79 - Parameter: --cpu True
2024-09-26 11:54:55.320 | INFO     | phold.utils.util:begin_phold:79 - Parameter: --omit_probs False
2024-09-26 11:54:55.325 | INFO     | phold.utils.util:begin_phold:79 - Parameter: --finetune False
2024-09-26 11:54:55.330 | INFO     | phold.utils.util:begin_phold:79 - Parameter: --finetune_path None
2024-09-26 11:54:55.335 | INFO     | phold.utils.util:begin_phold:79 - Parameter: --card_vfdb_evalue 1e-10
2024-09-26 11:54:55.340 | INFO     | phold.utils.util:begin_phold:79 - Parameter: --separate False
2024-09-26 11:54:55.346 | INFO     | phold.utils.util:begin_phold:79 - Parameter: --max_seqs 10000
2024-09-26 11:54:55.352 | INFO     | phold.utils.util:begin_phold:79 - Parameter: --save_per_residue_embeddings False
2024-09-26 11:54:55.356 | INFO     | phold.utils.util:begin_phold:79 - Parameter: --save_per_protein_embeddings False
2024-09-26 11:54:55.361 | INFO     | phold.utils.util:begin_phold:79 - Parameter: --only_representatives False
2024-09-26 11:54:55.366 | INFO     | phold.utils.util:begin_phold:79 - Parameter: --ultra_sensitive False
2024-09-26 11:54:55.392 | INFO     | phold.utils.validation:check_dependencies:126 - Foldseek version found is v9.427df8a
2024-09-26 11:54:55.397 | INFO     | phold.utils.validation:check_dependencies:135 - Foldseek version is ok
2024-09-26 11:54:55.402 | INFO     | phold.databases.db:validate_db:361 - Checking Phold database installation in /veodata/01/databases/phold/v240724
2024-09-26 11:54:55.410 | INFO     | phold.databases.db:validate_db:364 - All Phold databases files are present
2024-09-26 11:54:55.416 | INFO     | phold.io.handle_genbank:get_genbank:57 - Checking if input 3_Project/3.0_select_contigs/select_contigs_30.gbk is a Genbank file
2024-09-26 11:54:55.767 | INFO     | phold.utils.validation:validate_input:50 - Successfully parsed input 3_Project/3.0_select_contigs/select_contigs_30.gbk as a Genbank format file
2024-09-26 11:54:55.801 | INFO     | phold.features.predict_3Di:get_T5_model:121 - Using device: cpu
2024-09-26 11:54:55.805 | INFO     | phold.features.predict_3Di:get_T5_model:127 - Loading T5 from: /veodata/01/databases/phold/v240724/Rostlab/ProstT5_fp16
2024-09-26 11:54:55.810 | INFO     | phold.features.predict_3Di:get_T5_model:128 - If /veodata/01/databases/phold/v240724/Rostlab/ProstT5_fp16 is not found, it will be downloaded
2024-09-26 11:55:05.423 | INFO     | phold.features.predict_3Di:get_T5_model:164 - Rostlab/ProstT5_fp16 loaded
2024-09-26 11:55:05.442 | INFO     | phold.features.predict_3Di:get_embeddings:436 - Beginning ProstT5 predictions
2024-09-26 11:55:05.446 | INFO     | phold.features.predict_3Di:get_embeddings:443 - Using models in full-precision
2024-09-26 12:15:50.445 | INFO     | phold.features.predict_3Di:write_predictions:278 - Finished writing results to 3_Project/3.2_subsampled_phold/10_phold_on_pharoka/11_subset_30/phold_3di.fasta
2024-09-26 12:15:50.829 | INFO     | phold.utils.external_tools:run:44 - Started running foldseek tsv2db 3_Project/3.2_subsampled_phold/10_phold_on_pharoka/11_subset_30/foldseek_db/aa.tsv 3_Project/3.2_subsampled_phold/10_phold_on_pharoka/11_subset_30/foldseek_db/phold --output-dbtype 0 ...
2024-09-26 12:15:50.922 | INFO     | phold.utils.external_tools:run:46 - Done running foldseek tsv2db 3_Project/3.2_subsampled_phold/10_phold_on_pharoka/11_subset_30/foldseek_db/aa.tsv 3_Project/3.2_subsampled_phold/10_phold_on_pharoka/11_subset_30/foldseek_db/phold --output-dbtype 0
2024-09-26 12:15:50.938 | INFO     | phold.utils.external_tools:run:44 - Started running foldseek tsv2db 3_Project/3.2_subsampled_phold/10_phold_on_pharoka/11_subset_30/foldseek_db/3di.tsv 3_Project/3.2_subsampled_phold/10_phold_on_pharoka/11_subset_30/foldseek_db/phold_ss --output-dbtype 0 ...
2024-09-26 12:15:51.020 | INFO     | phold.utils.external_tools:run:46 - Done running foldseek tsv2db 3_Project/3.2_subsampled_phold/10_phold_on_pharoka/11_subset_30/foldseek_db/3di.tsv 3_Project/3.2_subsampled_phold/10_phold_on_pharoka/11_subset_30/foldseek_db/phold_ss --output-dbtype 0
2024-09-26 12:15:51.035 | INFO     | phold.utils.external_tools:run:44 - Started running foldseek tsv2db 3_Project/3.2_subsampled_phold/10_phold_on_pharoka/11_subset_30/foldseek_db/header.tsv 3_Project/3.2_subsampled_phold/10_phold_on_pharoka/11_subset_30/foldseek_db/phold_h --output-dbtype 12 ...
2024-09-26 12:15:51.109 | INFO     | phold.utils.external_tools:run:46 - Done running foldseek tsv2db 3_Project/3.2_subsampled_phold/10_phold_on_pharoka/11_subset_30/foldseek_db/header.tsv 3_Project/3.2_subsampled_phold/10_phold_on_pharoka/11_subset_30/foldseek_db/phold_h --output-dbtype 12
2024-09-26 12:15:51.136 | INFO     | phold.utils.external_tools:run:44 - Started running foldseek search 3_Project/3.2_subsampled_phold/10_phold_on_pharoka/11_subset_30/foldseek_db/phold /veodata/01/databases/phold/v240724/all_phold_structures_clustered_searchDB 3_Project/3.2_subsampled_phold/10_phold_on_pharoka/11_subset_30/result_db/result_db 3_Project/3.2_subsampled_phold/10_phold_on_pharoka/11_subset_30/temp_db --threads 96 -e 0.001 -s 9.5 --max-seqs 10000 --cluster-search 1 ...
2024-09-26 12:17:26.280 | INFO     | phold.utils.external_tools:run:46 - Done running foldseek search 3_Project/3.2_subsampled_phold/10_phold_on_pharoka/11_subset_30/foldseek_db/phold /veodata/01/databases/phold/v240724/all_phold_structures_clustered_searchDB 3_Project/3.2_subsampled_phold/10_phold_on_pharoka/11_subset_30/result_db/result_db 3_Project/3.2_subsampled_phold/10_phold_on_pharoka/11_subset_30/temp_db --threads 96 -e 0.001 -s 9.5 --max-seqs 10000 --cluster-search 1
2024-09-26 12:17:26.316 | INFO     | phold.utils.external_tools:run:44 - Started running foldseek createtsv 3_Project/3.2_subsampled_phold/10_phold_on_pharoka/11_subset_30/foldseek_db/phold /veodata/01/databases/phold/v240724/all_phold_structures 3_Project/3.2_subsampled_phold/10_phold_on_pharoka/11_subset_30/result_db/result_db 3_Project/3.2_subsampled_phold/10_phold_on_pharoka/11_subset_30/foldseek_results.tsv ...
2024-09-26 12:17:29.656 | INFO     | phold.utils.external_tools:run:46 - Done running foldseek createtsv 3_Project/3.2_subsampled_phold/10_phold_on_pharoka/11_subset_30/foldseek_db/phold /veodata/01/databases/phold/v240724/all_phold_structures 3_Project/3.2_subsampled_phold/10_phold_on_pharoka/11_subset_30/result_db/result_db 3_Project/3.2_subsampled_phold/10_phold_on_pharoka/11_subset_30/foldseek_results.tsv
2024-09-26 12:17:29.663 | INFO     | phold.results.topfunction:get_topfunctions:35 - Processing Foldseek output
2024-09-26 12:17:41.188 | INFO     | phold.utils.util:end_phold:101 - phold run has finished
2024-09-26 12:17:41.192 | INFO     | phold.utils.util:end_phold:102 - Elapsed time: 1365.96 seconds
