2024-09-25 23:32:53.797 | INFO     | phold.utils.util:begin_phold:72 - phold: annotating phage genomes with protein structures
2024-09-25 23:32:53.802 | INFO     | phold.utils.util:begin_phold:74 - You are using phold version 0.2.0
2024-09-25 23:32:53.807 | INFO     | phold.utils.util:begin_phold:75 - Repository homepage is https://github.com/gbouras13/phold
2024-09-25 23:32:53.813 | INFO     | phold.utils.util:begin_phold:76 - You are running phold run
2024-09-25 23:32:53.817 | INFO     | phold.utils.util:begin_phold:77 - Listing parameters
2024-09-25 23:32:53.822 | INFO     | phold.utils.util:begin_phold:79 - Parameter: --input 3_Project/3.0_select_contigs/select_contigs.fasta
2024-09-25 23:32:53.827 | INFO     | phold.utils.util:begin_phold:79 - Parameter: --output 3_Project/3.2_subsampled_phold/30_phold_on_fasta
2024-09-25 23:32:53.833 | INFO     | phold.utils.util:begin_phold:79 - Parameter: --threads 96
2024-09-25 23:32:53.838 | INFO     | phold.utils.util:begin_phold:79 - Parameter: --force False
2024-09-25 23:32:53.843 | INFO     | phold.utils.util:begin_phold:79 - Parameter: --prefix phold
2024-09-25 23:32:53.848 | INFO     | phold.utils.util:begin_phold:79 - Parameter: --evalue 0.001
2024-09-25 23:32:53.853 | INFO     | phold.utils.util:begin_phold:79 - Parameter: --database /veodata/01/databases/phold/v240724/
2024-09-25 23:32:53.859 | INFO     | phold.utils.util:begin_phold:79 - Parameter: --batch_size 1
2024-09-25 23:32:53.864 | INFO     | phold.utils.util:begin_phold:79 - Parameter: --sensitivity 9.5
2024-09-25 23:32:53.869 | INFO     | phold.utils.util:begin_phold:79 - Parameter: --keep_tmp_files False
2024-09-25 23:32:53.874 | INFO     | phold.utils.util:begin_phold:79 - Parameter: --cpu True
2024-09-25 23:32:53.878 | INFO     | phold.utils.util:begin_phold:79 - Parameter: --omit_probs False
2024-09-25 23:32:53.884 | INFO     | phold.utils.util:begin_phold:79 - Parameter: --finetune False
2024-09-25 23:32:53.889 | INFO     | phold.utils.util:begin_phold:79 - Parameter: --finetune_path None
2024-09-25 23:32:53.894 | INFO     | phold.utils.util:begin_phold:79 - Parameter: --card_vfdb_evalue 1e-10
2024-09-25 23:32:53.898 | INFO     | phold.utils.util:begin_phold:79 - Parameter: --separate False
2024-09-25 23:32:53.903 | INFO     | phold.utils.util:begin_phold:79 - Parameter: --max_seqs 10000
2024-09-25 23:32:53.908 | INFO     | phold.utils.util:begin_phold:79 - Parameter: --save_per_residue_embeddings False
2024-09-25 23:32:53.913 | INFO     | phold.utils.util:begin_phold:79 - Parameter: --save_per_protein_embeddings False
2024-09-25 23:32:53.918 | INFO     | phold.utils.util:begin_phold:79 - Parameter: --only_representatives False
2024-09-25 23:32:53.922 | INFO     | phold.utils.util:begin_phold:79 - Parameter: --ultra_sensitive False
2024-09-25 23:32:53.957 | INFO     | phold.utils.validation:check_dependencies:126 - Foldseek version found is v9.427df8a
2024-09-25 23:32:53.962 | INFO     | phold.utils.validation:check_dependencies:135 - Foldseek version is ok
2024-09-25 23:32:53.966 | INFO     | phold.databases.db:validate_db:361 - Checking Phold database installation in /veodata/01/databases/phold/v240724
2024-09-25 23:32:53.976 | INFO     | phold.databases.db:validate_db:364 - All Phold databases files are present
2024-09-25 23:32:53.982 | INFO     | phold.io.handle_genbank:get_genbank:57 - Checking if input 3_Project/3.0_select_contigs/select_contigs.fasta is a Genbank file
2024-09-25 23:32:54.025 | WARNING  | phold.utils.validation:validate_input:28 - 3_Project/3.0_select_contigs/select_contigs.fasta was not a Genbank format file
2024-09-25 23:32:54.030 | WARNING  | phold.utils.validation:validate_input:29 - Now checking if the input 3_Project/3.0_select_contigs/select_contigs.fasta is a genome in nucleotide FASTA format
2024-09-25 23:32:54.034 | WARNING  | phold.utils.validation:validate_input:32 - pyrodigal-gv will be used to predict CDS
2024-09-25 23:32:54.038 | WARNING  | phold.utils.validation:validate_input:33 - Phold will not predict tRNAs, tmRNAs or CRISPR repeats
2024-09-25 23:32:54.044 | WARNING  | phold.utils.validation:validate_input:34 - Please use pharokka https://github.com/gbouras13/pharokka if you would like to predict these
2024-09-25 23:32:54.048 | WARNING  | phold.utils.validation:validate_input:37 - And then use the genbank output pharokka.gbk as --input for phold
2024-09-25 23:32:54.622 | INFO     | phold.utils.validation:validate_input:45 - Successfully parsed input 3_Project/3.0_select_contigs/select_contigs.fasta as a FASTA and predicted CDS
2024-09-25 23:32:54.637 | INFO     | phold.features.predict_3Di:get_T5_model:121 - Using device: cpu
2024-09-25 23:32:54.642 | INFO     | phold.features.predict_3Di:get_T5_model:127 - Loading T5 from: /veodata/01/databases/phold/v240724/Rostlab/ProstT5_fp16
2024-09-25 23:32:54.646 | INFO     | phold.features.predict_3Di:get_T5_model:128 - If /veodata/01/databases/phold/v240724/Rostlab/ProstT5_fp16 is not found, it will be downloaded
2024-09-25 23:33:03.627 | INFO     | phold.features.predict_3Di:get_T5_model:164 - Rostlab/ProstT5_fp16 loaded
2024-09-25 23:33:03.640 | INFO     | phold.features.predict_3Di:get_embeddings:436 - Beginning ProstT5 predictions
2024-09-25 23:33:03.644 | INFO     | phold.features.predict_3Di:get_embeddings:443 - Using models in full-precision
2024-09-25 23:39:36.885 | INFO     | phold.features.predict_3Di:write_predictions:278 - Finished writing results to 3_Project/3.2_subsampled_phold/30_phold_on_fasta/phold_3di.fasta
2024-09-25 23:39:37.113 | INFO     | phold.utils.external_tools:run:44 - Started running foldseek tsv2db 3_Project/3.2_subsampled_phold/30_phold_on_fasta/foldseek_db/aa.tsv 3_Project/3.2_subsampled_phold/30_phold_on_fasta/foldseek_db/phold --output-dbtype 0 ...
2024-09-25 23:39:37.204 | INFO     | phold.utils.external_tools:run:46 - Done running foldseek tsv2db 3_Project/3.2_subsampled_phold/30_phold_on_fasta/foldseek_db/aa.tsv 3_Project/3.2_subsampled_phold/30_phold_on_fasta/foldseek_db/phold --output-dbtype 0
2024-09-25 23:39:37.219 | INFO     | phold.utils.external_tools:run:44 - Started running foldseek tsv2db 3_Project/3.2_subsampled_phold/30_phold_on_fasta/foldseek_db/3di.tsv 3_Project/3.2_subsampled_phold/30_phold_on_fasta/foldseek_db/phold_ss --output-dbtype 0 ...
2024-09-25 23:39:37.291 | INFO     | phold.utils.external_tools:run:46 - Done running foldseek tsv2db 3_Project/3.2_subsampled_phold/30_phold_on_fasta/foldseek_db/3di.tsv 3_Project/3.2_subsampled_phold/30_phold_on_fasta/foldseek_db/phold_ss --output-dbtype 0
2024-09-25 23:39:37.306 | INFO     | phold.utils.external_tools:run:44 - Started running foldseek tsv2db 3_Project/3.2_subsampled_phold/30_phold_on_fasta/foldseek_db/header.tsv 3_Project/3.2_subsampled_phold/30_phold_on_fasta/foldseek_db/phold_h --output-dbtype 12 ...
2024-09-25 23:39:37.378 | INFO     | phold.utils.external_tools:run:46 - Done running foldseek tsv2db 3_Project/3.2_subsampled_phold/30_phold_on_fasta/foldseek_db/header.tsv 3_Project/3.2_subsampled_phold/30_phold_on_fasta/foldseek_db/phold_h --output-dbtype 12
2024-09-25 23:39:37.406 | INFO     | phold.utils.external_tools:run:44 - Started running foldseek search 3_Project/3.2_subsampled_phold/30_phold_on_fasta/foldseek_db/phold /veodata/01/databases/phold/v240724/all_phold_structures_clustered_searchDB 3_Project/3.2_subsampled_phold/30_phold_on_fasta/result_db/result_db 3_Project/3.2_subsampled_phold/30_phold_on_fasta/temp_db --threads 96 -e 0.001 -s 9.5 --max-seqs 10000 --cluster-search 1 ...
2024-09-25 23:40:26.925 | INFO     | phold.utils.external_tools:run:46 - Done running foldseek search 3_Project/3.2_subsampled_phold/30_phold_on_fasta/foldseek_db/phold /veodata/01/databases/phold/v240724/all_phold_structures_clustered_searchDB 3_Project/3.2_subsampled_phold/30_phold_on_fasta/result_db/result_db 3_Project/3.2_subsampled_phold/30_phold_on_fasta/temp_db --threads 96 -e 0.001 -s 9.5 --max-seqs 10000 --cluster-search 1
2024-09-25 23:40:26.942 | INFO     | phold.utils.external_tools:run:44 - Started running foldseek createtsv 3_Project/3.2_subsampled_phold/30_phold_on_fasta/foldseek_db/phold /veodata/01/databases/phold/v240724/all_phold_structures 3_Project/3.2_subsampled_phold/30_phold_on_fasta/result_db/result_db 3_Project/3.2_subsampled_phold/30_phold_on_fasta/foldseek_results.tsv ...
2024-09-25 23:40:30.133 | INFO     | phold.utils.external_tools:run:46 - Done running foldseek createtsv 3_Project/3.2_subsampled_phold/30_phold_on_fasta/foldseek_db/phold /veodata/01/databases/phold/v240724/all_phold_structures 3_Project/3.2_subsampled_phold/30_phold_on_fasta/result_db/result_db 3_Project/3.2_subsampled_phold/30_phold_on_fasta/foldseek_results.tsv
2024-09-25 23:40:30.140 | INFO     | phold.results.topfunction:get_topfunctions:35 - Processing Foldseek output
2024-09-25 23:40:35.375 | INFO     | phold.utils.util:end_phold:101 - phold run has finished
2024-09-25 23:40:35.379 | INFO     | phold.utils.util:end_phold:102 - Elapsed time: 461.61 seconds
