2024-09-26 09:39:17.536 | INFO     | input_commands:instantiate_dirs:191 - --force was specified even though the output directory 3_Project/3.3_subsampled_pharokka/10_pharokka_results does not already exist. Continuing.
2024-09-26 09:39:17.569 | INFO     | __main__:main:95 - Starting Pharokka v1.7.1
2024-09-26 09:39:17.574 | INFO     | __main__:main:96 - Command executed: Namespace(infile='3_Project/3.0_select_contigs/select_contigs.fasta', outdir='3_Project/3.3_subsampled_pharokka/10_pharokka_results', database='/work/groups/VEO/databases/pharokka/v1.7.1/', threads='10', force=True, prefix='Default', locustag='Default', gene_predictor='phanotate', meta=True, split=False, coding_table='11', evalue='1E-05', fast=False, mmseqs2_only=False, meta_hmm=True, dnaapler=False, custom_hmm='', genbank=False, terminase=False, terminase_strand='nothing', terminase_start='nothing', skip_extra_annotations=False, skip_mash=False, minced_args='', mash_distance=0.2, citation=False)
2024-09-26 09:39:17.579 | INFO     | __main__:main:97 - Repository homepage is https://github.com/gbouras13/pharokka
2024-09-26 09:39:17.584 | INFO     | __main__:main:98 - Written by George Bouras: george.bouras@adelaide.edu.au
2024-09-26 09:39:17.588 | INFO     | __main__:main:100 - Checking database installation in /work/groups/VEO/databases/pharokka/v1.7.1/.
2024-09-26 09:39:17.612 | INFO     | __main__:main:103 - All databases have been successfully checked.
2024-09-26 09:39:17.617 | INFO     | __main__:main:119 - Checking dependencies.
2024-09-26 09:39:19.900 | INFO     | input_commands:check_dependencies:379 - Phanotate version found is v1.5.1
2024-09-26 09:39:19.906 | INFO     | input_commands:check_dependencies:388 - Phanotate version is ok.
2024-09-26 09:39:20.274 | INFO     | input_commands:check_dependencies:410 - MMseqs2 version found is v13.45111
2024-09-26 09:39:20.278 | INFO     | input_commands:check_dependencies:419 - MMseqs2 version is ok.
2024-09-26 09:39:22.499 | INFO     | input_commands:check_dependencies:443 - tRNAscan-SE version found is v2.0.12
2024-09-26 09:39:22.504 | INFO     | input_commands:check_dependencies:454 - tRNAscan-SE version is ok.
2024-09-26 09:39:23.629 | INFO     | input_commands:check_dependencies:478 - MinCED version found is v0.4.2
2024-09-26 09:39:23.634 | INFO     | input_commands:check_dependencies:489 - MinCED version is ok.
2024-09-26 09:39:23.724 | INFO     | input_commands:check_dependencies:515 - ARAGORN version found is v1.2.41
2024-09-26 09:39:23.729 | INFO     | input_commands:check_dependencies:526 - ARAGORN version is ok.
2024-09-26 09:39:23.976 | INFO     | input_commands:check_dependencies:543 - mash version found is v2.3
2024-09-26 09:39:23.980 | INFO     | input_commands:check_dependencies:550 - mash version is ok.
2024-09-26 09:39:30.650 | INFO     | input_commands:check_dependencies:569 - Dnaapler version found is v0.7.0
2024-09-26 09:39:30.655 | INFO     | input_commands:check_dependencies:576 - Dnaapler version is ok.
2024-09-26 09:39:30.660 | INFO     | input_commands:check_dependencies:588 - Pyrodigal version is v3.3.0
2024-09-26 09:39:30.665 | INFO     | input_commands:check_dependencies:589 - Pyrodigal version is ok.
2024-09-26 09:39:30.669 | INFO     | input_commands:check_dependencies:601 - Pyrodigal_gv version is v0.3.1
2024-09-26 09:39:30.674 | INFO     | input_commands:check_dependencies:602 - Pyrodigal_gv version is ok.
2024-09-26 09:39:30.973 | INFO     | input_commands:validate_fasta:230 - Checking input 3_Project/3.0_select_contigs/select_contigs.fasta.
2024-09-26 09:39:30.979 | INFO     | input_commands:validate_fasta:232 - Input 3_Project/3.0_select_contigs/select_contigs.fasta is in FASTA format.
2024-09-26 09:39:30.985 | INFO     | input_commands:validate_fasta:237 - Checking input 3_Project/3.0_select_contigs/select_contigs.fasta for duplicate FASTA headers.
2024-09-26 09:39:30.999 | INFO     | input_commands:validate_fasta:239 - All headers in 3_Project/3.0_select_contigs/select_contigs.fasta are unique.
2024-09-26 09:39:31.004 | INFO     | input_commands:validate_gene_predictor:264 - Phanotate will be used for gene prediction.
2024-09-26 09:39:31.009 | INFO     | __main__:main:238 - You have specified --meta_hmm and -m/--meta to run PyHMMER as well as MMseqs2 in meta mode. This may be take a while, please be patient.
2024-09-26 09:39:31.020 | INFO     | input_commands:validate_meta:294 - 12 input contigs detected.
2024-09-26 09:39:31.122 | INFO     | __main__:main:280 - Running Phanotate.
2024-09-26 09:39:31.128 | INFO     | __main__:main:282 - Applying meta mode.
2024-09-26 09:40:57.920 | INFO     | __main__:main:305 - Starting tRNA-scanSE. Applying meta mode.
2024-09-26 09:41:00.150 | INFO     | processes:run_minced:822 - Running MinCED.
2024-09-26 09:41:00.166 | INFO     | external_tools:run:50 - Started running minced 3_Project/3.0_select_contigs/select_contigs.fasta 3_Project/3.3_subsampled_pharokka/10_pharokka_results/pharokka_minced_spacers.txt 3_Project/3.3_subsampled_pharokka/10_pharokka_results/pharokka_minced.gff ...
2024-09-26 09:41:01.101 | INFO     | external_tools:run:52 - Done running minced 3_Project/3.0_select_contigs/select_contigs.fasta 3_Project/3.3_subsampled_pharokka/10_pharokka_results/pharokka_minced_spacers.txt 3_Project/3.3_subsampled_pharokka/10_pharokka_results/pharokka_minced.gff
2024-09-26 09:41:01.108 | INFO     | processes:run_aragorn:854 - Running Aragorn.
2024-09-26 09:41:01.121 | INFO     | external_tools:run:50 - Started running aragorn -l -gcbact -w -m -o 3_Project/3.3_subsampled_pharokka/10_pharokka_results/pharokka_aragorn.txt 3_Project/3.0_select_contigs/select_contigs.fasta ...
2024-09-26 09:41:01.346 | INFO     | external_tools:run:52 - Done running aragorn -l -gcbact -w -m -o 3_Project/3.3_subsampled_pharokka/10_pharokka_results/pharokka_aragorn.txt 3_Project/3.0_select_contigs/select_contigs.fasta
2024-09-26 09:41:01.353 | INFO     | __main__:main:317 - Starting MMseqs2.
2024-09-26 09:41:01.358 | INFO     | processes:run_mmseqs:675 - Running MMseqs2 on PHROG Database.
2024-09-26 09:41:01.375 | INFO     | external_tools:run:50 - Started running mmseqs createdb 3_Project/3.3_subsampled_pharokka/10_pharokka_results/phanotate_aas_tmp.fasta 3_Project/3.3_subsampled_pharokka/10_pharokka_results/target_dir/target_seqs ...
2024-09-26 09:41:03.361 | INFO     | external_tools:run:52 - Done running mmseqs createdb 3_Project/3.3_subsampled_pharokka/10_pharokka_results/phanotate_aas_tmp.fasta 3_Project/3.3_subsampled_pharokka/10_pharokka_results/target_dir/target_seqs
2024-09-26 09:41:03.377 | INFO     | external_tools:run:50 - Started running mmseqs search -e 1E-05 /work/groups/VEO/databases/pharokka/v1.7.1/phrogs_profile_db 3_Project/3.3_subsampled_pharokka/10_pharokka_results/target_dir/target_seqs 3_Project/3.3_subsampled_pharokka/10_pharokka_results/mmseqs/results_mmseqs 3_Project/3.3_subsampled_pharokka/10_pharokka_results/tmp_dir/ -s 8.5 --threads 10 ...
2024-09-26 09:43:21.775 | INFO     | external_tools:run:52 - Done running mmseqs search -e 1E-05 /work/groups/VEO/databases/pharokka/v1.7.1/phrogs_profile_db 3_Project/3.3_subsampled_pharokka/10_pharokka_results/target_dir/target_seqs 3_Project/3.3_subsampled_pharokka/10_pharokka_results/mmseqs/results_mmseqs 3_Project/3.3_subsampled_pharokka/10_pharokka_results/tmp_dir/ -s 8.5 --threads 10
2024-09-26 09:43:21.794 | INFO     | external_tools:run:50 - Started running mmseqs createtsv /work/groups/VEO/databases/pharokka/v1.7.1/phrogs_profile_db 3_Project/3.3_subsampled_pharokka/10_pharokka_results/target_dir/target_seqs 3_Project/3.3_subsampled_pharokka/10_pharokka_results/mmseqs/results_mmseqs 3_Project/3.3_subsampled_pharokka/10_pharokka_results/mmseqs_results.tsv --full-header --threads 10 ...
2024-09-26 09:43:22.575 | INFO     | external_tools:run:52 - Done running mmseqs createtsv /work/groups/VEO/databases/pharokka/v1.7.1/phrogs_profile_db 3_Project/3.3_subsampled_pharokka/10_pharokka_results/target_dir/target_seqs 3_Project/3.3_subsampled_pharokka/10_pharokka_results/mmseqs/results_mmseqs 3_Project/3.3_subsampled_pharokka/10_pharokka_results/mmseqs_results.tsv --full-header --threads 10
2024-09-26 09:43:22.595 | INFO     | processes:run_mmseqs:675 - Running MMseqs2 on CARD Database.
2024-09-26 09:43:22.611 | INFO     | external_tools:run:50 - Started running mmseqs createdb 3_Project/3.3_subsampled_pharokka/10_pharokka_results/phanotate_aas_tmp.fasta 3_Project/3.3_subsampled_pharokka/10_pharokka_results/CARD_target_dir/target_seqs ...
2024-09-26 09:43:24.438 | INFO     | external_tools:run:52 - Done running mmseqs createdb 3_Project/3.3_subsampled_pharokka/10_pharokka_results/phanotate_aas_tmp.fasta 3_Project/3.3_subsampled_pharokka/10_pharokka_results/CARD_target_dir/target_seqs
2024-09-26 09:43:24.454 | INFO     | external_tools:run:50 - Started running mmseqs search --min-seq-id 0.8 -c 0.4 /work/groups/VEO/databases/pharokka/v1.7.1/CARD 3_Project/3.3_subsampled_pharokka/10_pharokka_results/CARD_target_dir/target_seqs 3_Project/3.3_subsampled_pharokka/10_pharokka_results/CARD/results_mmseqs 3_Project/3.3_subsampled_pharokka/10_pharokka_results/CARD_dir/ -s 8.5 --threads 10 ...
2024-09-26 09:43:45.329 | INFO     | external_tools:run:52 - Done running mmseqs search --min-seq-id 0.8 -c 0.4 /work/groups/VEO/databases/pharokka/v1.7.1/CARD 3_Project/3.3_subsampled_pharokka/10_pharokka_results/CARD_target_dir/target_seqs 3_Project/3.3_subsampled_pharokka/10_pharokka_results/CARD/results_mmseqs 3_Project/3.3_subsampled_pharokka/10_pharokka_results/CARD_dir/ -s 8.5 --threads 10
2024-09-26 09:43:45.346 | INFO     | external_tools:run:50 - Started running mmseqs createtsv /work/groups/VEO/databases/pharokka/v1.7.1/CARD 3_Project/3.3_subsampled_pharokka/10_pharokka_results/CARD_target_dir/target_seqs 3_Project/3.3_subsampled_pharokka/10_pharokka_results/CARD/results_mmseqs 3_Project/3.3_subsampled_pharokka/10_pharokka_results/CARD_results.tsv --full-header --threads 10 ...
2024-09-26 09:43:45.835 | INFO     | external_tools:run:52 - Done running mmseqs createtsv /work/groups/VEO/databases/pharokka/v1.7.1/CARD 3_Project/3.3_subsampled_pharokka/10_pharokka_results/CARD_target_dir/target_seqs 3_Project/3.3_subsampled_pharokka/10_pharokka_results/CARD/results_mmseqs 3_Project/3.3_subsampled_pharokka/10_pharokka_results/CARD_results.tsv --full-header --threads 10
2024-09-26 09:43:45.856 | INFO     | processes:run_mmseqs:675 - Running MMseqs2 on VFDB Database.
2024-09-26 09:43:45.872 | INFO     | external_tools:run:50 - Started running mmseqs createdb 3_Project/3.3_subsampled_pharokka/10_pharokka_results/phanotate_aas_tmp.fasta 3_Project/3.3_subsampled_pharokka/10_pharokka_results/VFDB_target_dir/target_seqs ...
2024-09-26 09:43:47.671 | INFO     | external_tools:run:52 - Done running mmseqs createdb 3_Project/3.3_subsampled_pharokka/10_pharokka_results/phanotate_aas_tmp.fasta 3_Project/3.3_subsampled_pharokka/10_pharokka_results/VFDB_target_dir/target_seqs
2024-09-26 09:43:47.688 | INFO     | external_tools:run:50 - Started running mmseqs search --min-seq-id 0.8 -c 0.4 /work/groups/VEO/databases/pharokka/v1.7.1/vfdb 3_Project/3.3_subsampled_pharokka/10_pharokka_results/VFDB_target_dir/target_seqs 3_Project/3.3_subsampled_pharokka/10_pharokka_results/VFDB/results_mmseqs 3_Project/3.3_subsampled_pharokka/10_pharokka_results/VFDB_dir/ -s 8.5 --threads 10 ...
2024-09-26 09:44:22.723 | INFO     | external_tools:run:52 - Done running mmseqs search --min-seq-id 0.8 -c 0.4 /work/groups/VEO/databases/pharokka/v1.7.1/vfdb 3_Project/3.3_subsampled_pharokka/10_pharokka_results/VFDB_target_dir/target_seqs 3_Project/3.3_subsampled_pharokka/10_pharokka_results/VFDB/results_mmseqs 3_Project/3.3_subsampled_pharokka/10_pharokka_results/VFDB_dir/ -s 8.5 --threads 10
2024-09-26 09:44:22.739 | INFO     | external_tools:run:50 - Started running mmseqs createtsv /work/groups/VEO/databases/pharokka/v1.7.1/vfdb 3_Project/3.3_subsampled_pharokka/10_pharokka_results/VFDB_target_dir/target_seqs 3_Project/3.3_subsampled_pharokka/10_pharokka_results/VFDB/results_mmseqs 3_Project/3.3_subsampled_pharokka/10_pharokka_results/vfdb_results.tsv --full-header --threads 10 ...
2024-09-26 09:44:23.303 | INFO     | external_tools:run:52 - Done running mmseqs createtsv /work/groups/VEO/databases/pharokka/v1.7.1/vfdb 3_Project/3.3_subsampled_pharokka/10_pharokka_results/VFDB_target_dir/target_seqs 3_Project/3.3_subsampled_pharokka/10_pharokka_results/VFDB/results_mmseqs 3_Project/3.3_subsampled_pharokka/10_pharokka_results/vfdb_results.tsv --full-header --threads 10
2024-09-26 09:44:23.326 | INFO     | __main__:main:348 - Running PyHMMER on PHROGs.
2024-09-26 09:45:09.286 | INFO     | __main__:main:364 - Post Processing Output.
2024-09-26 09:45:09.446 | INFO     | post_processing:create_mmseqs_tophits:2146 - Processing MMseqs2 outputs.
2024-09-26 09:45:09.450 | INFO     | post_processing:create_mmseqs_tophits:2147 - Processing PHROGs output.
2024-09-26 09:45:09.963 | INFO     | post_processing:process_vfdb_results:2351 - Processing VFDB output.
2024-09-26 09:45:09.995 | INFO     | post_processing:process_vfdb_results:2437 - 0 VFDB virulence factors identified.
2024-09-26 09:45:10.001 | INFO     | post_processing:process_card_results:2455 - Processing CARD output.
2024-09-26 09:45:10.040 | INFO     | post_processing:process_card_results:2578 - 0 CARD AMR genes identified.
2024-09-26 09:45:10.508 | INFO     | __main__:main:435 - Converting gff to genbank.
2024-09-26 09:45:10.818 | INFO     | post_processing:extract_terl:1982 - Terminase large subunit found.
2024-09-26 09:45:10.823 | INFO     | post_processing:extract_terl:1985 - More than one CDS annotated as terminase large subunit found. 
Saving all.
2024-09-26 09:45:10.918 | INFO     | __main__:main:453 - Finding the closest match for each contig in INPHARED using mash.
2024-09-26 09:45:10.932 | INFO     | external_tools:run:50 - Started running mash sketch 3_Project/3.0_select_contigs/select_contigs.fasta -o 3_Project/3.3_subsampled_pharokka/10_pharokka_results/input_mash_sketch.msh -i ...
2024-09-26 09:45:11.139 | INFO     | external_tools:run:52 - Done running mash sketch 3_Project/3.0_select_contigs/select_contigs.fasta -o 3_Project/3.3_subsampled_pharokka/10_pharokka_results/input_mash_sketch.msh -i
2024-09-26 09:45:11.153 | INFO     | external_tools:run_to_stdout:59 - Started running mash dist 3_Project/3.3_subsampled_pharokka/10_pharokka_results/input_mash_sketch.msh /work/groups/VEO/databases/pharokka/v1.7.1/1Aug2023_genomes.fa.msh -d 0.2 -i ...
2024-09-26 09:45:15.494 | INFO     | external_tools:run_to_stdout:61 - Done running mash dist 3_Project/3.3_subsampled_pharokka/10_pharokka_results/input_mash_sketch.msh /work/groups/VEO/databases/pharokka/v1.7.1/1Aug2023_genomes.fa.msh -d 0.2 -i
2024-09-26 09:45:16.075 | INFO     | __main__:main:473 - Pharokka has finished.
2024-09-26 09:45:16.080 | INFO     | __main__:main:474 - Elapsed time: 358.53 seconds
2024-09-26 09:45:16.084 | INFO     | __main__:main:476 - If you use Pharokka in your research, please cite:
2024-09-26 09:45:16.090 | INFO     | __main__:main:477 - George Bouras, Roshan Nepal, Ghais Houtak, Alkis James Psaltis, Peter-John Wormald, Sarah Vreugde.
2024-09-26 09:45:16.094 | INFO     | __main__:main:480 - Pharokka: a fast scalable bacteriophage annotation tool.
2024-09-26 09:45:16.099 | INFO     | __main__:main:481 - Bioinformatics, Volume 39, Issue 1, January 2023, btac776.
2024-09-26 09:45:16.104 | INFO     | __main__:main:482 - https://doi.org/10.1093/bioinformatics/btac776.
2024-09-26 09:45:16.108 | INFO     | __main__:main:483 - You should also cite the full list of tools Pharokka uses, which can be found at https://github.com/gbouras13/pharokka#citation.
