2024-09-17 10:28:09,670 NanoPlot 1.41.3 started with arguments Namespace(N50=True, alength=False, bam=None, barcoded=False, color='slateblue', colormap='Greens', cram=None, downsample=None, dpi=100, drop_outliers=False, fasta=None, fastq=['./1.1_QC/20_chopper/full_barcode63_filtered_reads.fastq.gz'], fastq_minimal=None, fastq_rich=None, feather=None, font_scale=1, format=['png'], hide_stats=False, huge=False, info_in_report=False, legacy=None, listcolormaps=False, listcolors=False, loglength=False, maxlength=None, minlength=None, minqual=None, no_N50=False, no_static=False, no_supplementary=False, outdir='./1.1_QC/20_chopper/checked_files/full_barcode63_filtered_reads/', path='./1.1_QC/20_chopper/checked_files/full_barcode63_filtered_reads/', percentqual=False, pickle=None, plots=['dot'], prefix='', raw=False, readtype='1D', runtime_until=None, store=False, summary=None, threads=10, title=None, tsv_stats=False, ubam=None, verbose=False)
2024-09-17 10:28:09,671 Python version is: 3.7.16 (default, Jan 17 2023, 22:20:44)  [GCC 11.2.0]
2024-09-17 10:28:09,713 Nanoget: Starting to collect statistics from plain fastq file.
2024-09-17 10:28:09,721 Nanoget: Decompressing gzipped fastq ./1.1_QC/20_chopper/full_barcode63_filtered_reads.fastq.gz
2024-09-17 10:28:18,522 Reduced DataFrame memory usage from 0.7251434326171875Mb to 0.483428955078125Mb
2024-09-17 10:28:18,538 Nanoget: Gathered all metrics of 31682 reads
2024-09-17 10:28:18,583 Calculated statistics
2024-09-17 10:28:18,584 Using sequenced read lengths for plotting.
2024-09-17 10:28:18,587 NanoPlot:  Valid color slateblue.
2024-09-17 10:28:18,588 NanoPlot:  Valid colormap Greens.
2024-09-17 10:28:18,593 NanoPlot:  Creating length plots for Read length.
2024-09-17 10:28:18,594 NanoPlot: Using 31682 reads with read length N50 of 6859bp and maximum of 39999bp.
2024-09-17 10:28:20,453 Saved ./1.1_QC/20_chopper/checked_files/full_barcode63_filtered_reads/WeightedHistogramReadlength  as png (or png for --legacy)
2024-09-17 10:28:22,227 Saved ./1.1_QC/20_chopper/checked_files/full_barcode63_filtered_reads/WeightedLogTransformed_HistogramReadlength  as png (or png for --legacy)
2024-09-17 10:28:24,086 Saved ./1.1_QC/20_chopper/checked_files/full_barcode63_filtered_reads/Non_weightedHistogramReadlength  as png (or png for --legacy)
2024-09-17 10:28:25,954 Saved ./1.1_QC/20_chopper/checked_files/full_barcode63_filtered_reads/Non_weightedLogTransformed_HistogramReadlength  as png (or png for --legacy)
2024-09-17 10:28:29,502 Saved ./1.1_QC/20_chopper/checked_files/full_barcode63_filtered_reads/Yield_By_Length  as png (or png for --legacy)
2024-09-17 10:28:29,506 Created length plots
2024-09-17 10:28:29,517 NanoPlot: Creating Read lengths vs Average read quality plots using 31682 reads.
2024-09-17 10:28:32,153 Saved ./1.1_QC/20_chopper/checked_files/full_barcode63_filtered_reads/LengthvsQualityScatterPlot_dot  as png (or png for --legacy)
2024-09-17 10:28:32,156 Created LengthvsQual plot
2024-09-17 10:28:32,157 Writing html report.
2024-09-17 10:28:32,184 Finished!
