[2024-09-17 14:19:32] INFO: Starting Flye 2.9.2-b1786
[2024-09-17 14:19:32] INFO: >>>STAGE: configure
[2024-09-17 14:19:32] INFO: Configuring run
[2024-09-17 14:19:39] INFO: Total read length: 323863854
[2024-09-17 14:19:39] INFO: Reads N50/N90: 7978 / 1431
[2024-09-17 14:19:39] INFO: Minimum overlap set to 1000
[2024-09-17 14:19:39] INFO: >>>STAGE: assembly
[2024-09-17 14:19:39] INFO: Assembling disjointigs
[2024-09-17 14:19:39] INFO: Reading sequences
[2024-09-17 14:19:46] INFO: Counting k-mers:
0% 10% 20% 30% 40% 50% 60% 70% 80% 90% 100% 
[2024-09-17 14:20:43] INFO: Filling index table (1/2)
0% 10% 20% 30% 40% 50% 60% 70% 80% 90% 100% 
[2024-09-17 14:20:48] INFO: Filling index table (2/2)
0% 10% 20% 30% 40% 50% 60% 70% 80% 90% 100% 
[2024-09-17 14:20:53] INFO: Extending reads
[2024-09-17 14:20:55] INFO: Overlap-based coverage: 1
[2024-09-17 14:20:55] INFO: Median overlap divergence: 0.0631129
0% 10% 20% 30% 40% 50% 60% 70% 80% 90% 100% 
[2024-09-17 14:21:13] INFO: Assembled 2895 disjointigs
[2024-09-17 14:21:13] INFO: Generating sequence
0% 10% 20% 30% 40% 50% 60% 70% 80% 90% 100% 
[2024-09-17 14:21:19] INFO: Filtering contained disjointigs
0% 10% 20% 30% 40% 50% 60% 70% 80% 90% 100% 
[2024-09-17 14:21:20] INFO: Contained seqs: 74
[2024-09-17 14:21:21] INFO: >>>STAGE: consensus
[2024-09-17 14:21:21] INFO: Running Minimap2
[2024-09-17 14:22:16] INFO: Computing consensus
[2024-09-17 14:22:33] INFO: Alignment error rate: 0.125811
[2024-09-17 14:22:34] INFO: >>>STAGE: repeat
[2024-09-17 14:22:34] INFO: Building and resolving repeat graph
[2024-09-17 14:22:34] INFO: Parsing disjointigs
[2024-09-17 14:22:37] INFO: Building repeat graph
0% 10% 20% 30% 40% 50% 60% 70% 80% 90% 100% 
[2024-09-17 14:22:47] INFO: Median overlap divergence: 0.233276
[2024-09-17 14:23:03] INFO: Parsing reads
[2024-09-17 14:23:09] INFO: Aligning reads to the graph
0% 10% 20% 30% 40% 50% 60% 70% 80% 90% 100% 
[2024-09-17 14:23:18] INFO: Aligned read sequence: 136526036 / 323783854 (0.421658)
[2024-09-17 14:23:18] INFO: Median overlap divergence: 0.0346152
[2024-09-17 14:23:18] INFO: Mean edge coverage: 3
[2024-09-17 14:23:44] INFO: Simplifying the graph
[2024-09-17 14:24:12] INFO: >>>STAGE: contigger
[2024-09-17 14:24:12] INFO: Generating contigs
[2024-09-17 14:24:12] INFO: Reading sequences
[2024-09-17 14:24:27] INFO: Generated 1535 contigs
[2024-09-17 14:24:27] INFO: Added 1 scaffold connections
[2024-09-17 14:24:28] INFO: >>>STAGE: polishing
[2024-09-17 14:24:28] INFO: Polishing genome (1/1)
[2024-09-17 14:24:28] INFO: Running minimap2
[2024-09-17 14:25:27] INFO: Separating alignment into bubbles
[2024-09-17 14:25:56] INFO: Alignment error rate: 0.121686
[2024-09-17 14:25:56] INFO: Correcting bubbles
0% 10% 20% 30% 40% 50% 60% 70% 80% 90% 100% 
[2024-09-17 14:42:06] INFO: >>>STAGE: finalize
[2024-09-17 14:42:06] INFO: Assembly statistics:

	Total length:	15511574
	Fragments:	1140
	Fragments N50:	22094
	Largest frg:	109562
	Scaffolds:	0
	Mean coverage:	6

[2024-09-17 14:42:06] INFO: Final assembly: /home/qe76qox/Viromics-Bioinformatics/1.2_assembly/10_results_assembly_flye/assembly.fasta
