search 3_Project/3.2_subsampled_phold/10_phold_on_pharoka/11_subset_30/foldseek_db/phold /veodata/01/databases/phold/v240724/all_phold_structures_clustered_searchDB 3_Project/3.2_subsampled_phold/10_phold_on_pharoka/11_subset_30/result_db/result_db 3_Project/3.2_subsampled_phold/10_phold_on_pharoka/11_subset_30/temp_db --threads 96 -e 0.001 -s 9.5 --max-seqs 10000 --cluster-search 1 

MMseqs Version:              	9.427df8a
Seq. id. threshold           	0
Coverage threshold           	0
Coverage mode                	0
Max reject                   	2147483647
Max accept                   	2147483647
Add backtrace                	false
TMscore threshold            	0
TMalign hit order            	0
TMalign fast                 	1
Preload mode                 	0
Threads                      	96
Verbosity                    	3
LDDT threshold               	0
Sort by structure bit score  	1
Alignment type               	2
Exact TMscore                	0
Substitution matrix          	aa:3di.out,nucl:3di.out
Alignment mode               	3
Alignment mode               	0
E-value threshold            	0.001
Min alignment length         	0
Seq. id. mode                	0
Alternative alignments       	0
Max sequence length          	65535
Compositional bias           	1
Compositional bias           	1
Gap open cost                	aa:10,nucl:10
Gap extension cost           	aa:1,nucl:1
Compressed                   	0
Seed substitution matrix     	aa:3di.out,nucl:3di.out
Sensitivity                  	9.5
k-mer length                 	0
Target search mode           	0
k-score                      	seq:2147483647,prof:2147483647
Max results per query        	10000
Split database               	0
Split mode                   	2
Split memory limit           	0
Diagonal scoring             	true
Exact k-mer matching         	0
Mask residues                	0
Mask residues probability    	0.99995
Mask lower case residues     	1
Minimum diagonal score       	30
Selected taxa                	
Spaced k-mers                	1
Spaced k-mer pattern         	
Local temporary path         	
Exhaustive search mode       	false
Prefilter mode               	0
Search iterations            	1
Remove temporary files       	true
MPI runner                   	
Force restart with latest tmp	false
Cluster search               	1

prefilter 3_Project/3.2_subsampled_phold/10_phold_on_pharoka/11_subset_30/foldseek_db/phold_ss /veodata/01/databases/phold/v240724/all_phold_structures_clustered_searchDB_ss 3_Project/3.2_subsampled_phold/10_phold_on_pharoka/11_subset_30/temp_db/13775603487487868133/pref --sub-mat 'aa:3di.out,nucl:3di.out' --seed-sub-mat 'aa:3di.out,nucl:3di.out' -s 9.5 -k 0 --target-search-mode 0 --k-score seq:2147483647,prof:2147483647 --alph-size aa:21,nucl:5 --max-seq-len 65535 --max-seqs 10000 --split 0 --split-mode 2 --split-memory-limit 0 -c 0 --cov-mode 0 --comp-bias-corr 1 --comp-bias-corr-scale 0.15 --diag-score 1 --exact-kmer-matching 0 --mask 0 --mask-prob 0.99995 --mask-lower-case 1 --min-ungapped-score 30 --add-self-matches 0 --spaced-kmer-mode 1 --db-load-mode 0 --pca substitution:1.100,context:1.400 --pcb substitution:4.100,context:5.800 --threads 96 --compressed 0 -v 3 

Query database size: 3470 type: Aminoacid
Estimated memory consumption: 3G
Target database size: 372645 type: Aminoacid
Index table k-mer threshold: 78 at k-mer size 6 
Index table: counting k-mers
[=================================================================] 372.64K 0s 364ms
Index table: Masked residues: 0
Index table: fill
[=================================================================] 372.64K 0s 724ms
Index statistics
Entries:          91326864
DB size:          1010 MB
Avg k-mer size:   1.426982
Top 10 k-mers
    DDDDDD	137912
    VVLVVV	128606
    SVVVVV	121636
    SVSVVV	114664
    VVSVVV	106457
    DPVVVV	105783
    LVVVVV	96573
    DDVVVV	77979
    PPVVVV	77605
    CVVVVV	75319
Time for index table init: 0h 0m 2s 445ms
Process prefiltering step 1 of 1

k-mer similarity threshold: 78
Starting prefiltering scores calculation (step 1 of 1)
Query db start 1 to 3470
Target db start 1 to 372645
[=================================================================] 3.47K 11s 468ms

1217.440708 k-mers per position
4438919 DB matches per sequence
1710 overflows
8072 sequences passed prefiltering per query sequence
10000 median result list length
336 sequences with 0 size result lists
Time for merging to pref: 0h 0m 1s 35ms
Time for processing: 0h 0m 19s 384ms
structurealign 3_Project/3.2_subsampled_phold/10_phold_on_pharoka/11_subset_30/foldseek_db/phold /veodata/01/databases/phold/v240724/all_phold_structures_clustered_searchDB 3_Project/3.2_subsampled_phold/10_phold_on_pharoka/11_subset_30/temp_db/13775603487487868133/pref 3_Project/3.2_subsampled_phold/10_phold_on_pharoka/11_subset_30/temp_db/13775603487487868133/strualn --tmscore-threshold 0 --lddt-threshold 0 --sort-by-structure-bits 1 --alignment-type 2 --exact-tmscore 0 --sub-mat 'aa:3di.out,nucl:3di.out' -a 0 --alignment-mode 3 --alignment-output-mode 0 --wrapped-scoring 0 -e 0.001 --min-seq-id 0 --min-aln-len 0 --seq-id-mode 0 --alt-ali 0 -c 0 --cov-mode 0 --max-seq-len 65535 --comp-bias-corr 1 --comp-bias-corr-scale 0.5 --max-rejected 2147483647 --max-accept 2147483647 --add-self-matches 0 --db-load-mode 0 --pca substitution:1.100,context:1.400 --pcb substitution:4.100,context:5.800 --score-bias 0 --realign 0 --realign-score-bias -0.2 --realign-max-seqs 2147483647 --corr-score-weight 0 --gap-open aa:10,nucl:10 --gap-extend aa:1,nucl:1 --zdrop 40 --threads 96 --compressed 0 -v 3 

Cannot find phold C-alpha or all_phold_structures_clustered_searchDB C-alpha database
Disabling --sort-by-structure-bits
This impacts the final score and ranking of hits, but not E-values themselves. Ranking alterations primarily occur for E-values < 10^-1.
[=================================================================] 3.47K 37s 896ms
Time for merging to strualn: 0h 0m 1s 56ms
Time for processing: 0h 0m 44s 933ms
mergeresultsbyset 3_Project/3.2_subsampled_phold/10_phold_on_pharoka/11_subset_30/temp_db/13775603487487868133/strualn /veodata/01/databases/phold/v240724/all_phold_structures_clustered_searchDB 3_Project/3.2_subsampled_phold/10_phold_on_pharoka/11_subset_30/temp_db/13775603487487868133/strualn_expanded --db-load-mode 0 --threads 96 --compressed 0 -v 3 

Time for merging to strualn_expanded: 0h 0m 1s 54ms
Time for processing: 0h 0m 2s 862ms
setextendeddbtype 3_Project/3.2_subsampled_phold/10_phold_on_pharoka/11_subset_30/temp_db/13775603487487868133/strualn_expanded --extended-dbtype 2 

Time for processing: 0h 0m 0s 23ms
structurealign 3_Project/3.2_subsampled_phold/10_phold_on_pharoka/11_subset_30/foldseek_db/phold /veodata/01/databases/phold/v240724/all_phold_structures_clustered_searchDB 3_Project/3.2_subsampled_phold/10_phold_on_pharoka/11_subset_30/temp_db/13775603487487868133/strualn_expanded 3_Project/3.2_subsampled_phold/10_phold_on_pharoka/11_subset_30/temp_db/13775603487487868133/aln --tmscore-threshold 0 --lddt-threshold 0 --sort-by-structure-bits 1 --alignment-type 2 --exact-tmscore 0 --sub-mat 'aa:3di.out,nucl:3di.out' -a 0 --alignment-mode 3 --alignment-output-mode 0 --wrapped-scoring 0 -e 0.001 --min-seq-id 0 --min-aln-len 0 --seq-id-mode 0 --alt-ali 0 -c 0 --cov-mode 0 --max-seq-len 65535 --comp-bias-corr 1 --comp-bias-corr-scale 0.5 --max-rejected 2147483647 --max-accept 2147483647 --add-self-matches 0 --db-load-mode 0 --pca substitution:1.100,context:1.400 --pcb substitution:4.100,context:5.800 --score-bias 0 --realign 0 --realign-score-bias -0.2 --realign-max-seqs 2147483647 --corr-score-weight 0 --gap-open aa:10,nucl:10 --gap-extend aa:1,nucl:1 --zdrop 40 --threads 96 --compressed 0 -v 3 

Cannot find phold C-alpha or all_phold_structures_clustered_searchDB C-alpha database
Disabling --sort-by-structure-bits
This impacts the final score and ranking of hits, but not E-values themselves. Ranking alterations primarily occur for E-values < 10^-1.
[=================================================================] 3.47K 6s 408ms
Time for merging to aln: 0h 0m 1s 57ms
Time for processing: 0h 0m 26s 312ms
mvdb 3_Project/3.2_subsampled_phold/10_phold_on_pharoka/11_subset_30/temp_db/13775603487487868133/aln 3_Project/3.2_subsampled_phold/10_phold_on_pharoka/11_subset_30/result_db/result_db -v 3 

Time for processing: 0h 0m 0s 723ms
Removing temporary files
rmdb 3_Project/3.2_subsampled_phold/10_phold_on_pharoka/11_subset_30/temp_db/13775603487487868133/strualn_expanded -v 3 

Time for processing: 0h 0m 0s 261ms
rmdb 3_Project/3.2_subsampled_phold/10_phold_on_pharoka/11_subset_30/temp_db/13775603487487868133/pref -v 3 

Time for processing: 0h 0m 0s 320ms
