╭──────────────────────────────────────────────────────────────────────────────╮
│  Executing geNomad annotate (v1.5.2). This will perform gene calling in the  │
│  input sequences and annotate the predicted proteins with geNomad's          │
│  markers.                                                                    │
│  ──────────────────────────────────────────────────────────────────────────  │
│  Outputs:                                                                    │
│    2.2_taxonomy/20_genomad_results/assembly_annotate                         │
│    ├── assembly_annotate.json (execution parameters)                         │
│    ├── assembly_genes.tsv (gene annotation data)                             │
│    ├── assembly_taxonomy.tsv (taxonomic assignment)                          │
│    ├── assembly_mmseqs2.tsv (MMseqs2 output file)                            │
│    └── assembly_proteins.faa (protein FASTA file)                            │
╰──────────────────────────────────────────────────────────────────────────────╯
[14:23:01] Executing genomad annotate.                                          
[14:23:01] Creating the 2.2_taxonomy/20_genomad_results/assembly_annotate       
           directory.                                                           
[14:23:12] Proteins predicted with prodigal-gv were written to                  
           assembly_proteins.faa.                                               
[14:25:23] Proteins annotated with MMseqs2 and geNomad database (v1.3) were     
           written to assembly_mmseqs2.tsv.                                     
[14:25:24] Gene data was written to assembly_genes.tsv.                         
[14:25:24] Taxonomic assignment data was written to assembly_taxonomy.tsv.      
[14:25:24] geNomad annotate finished!                                           
