
                  .
               ,'/ \`.
              |\/___\/|
              '\   /`/          ██╗ █████╗ ███████╗ ██████╗ ███████╗██████╗
               `.\ /,'           ██║██╔══██╗██╔════╝██╔════╝ ██╔════╝██╔══██╗
                  |              ██║███████║█████╗  ██║  ███╗█████╗  ██████╔╝
                  |         ██   ██║██╔══██║██╔══╝  ██║   ██║██╔══╝  ██╔══██╗
                 |=|        ╚█████╔╝██║  ██║███████╗╚██████╔╝███████╗██║  ██║
            /\  ,|=|.  /\    ╚════╝ ╚═╝  ╚═╝╚══════╝ ╚═════╝ ╚══════╝╚═╝  ╚═╝
        ,'`.  \/ |=| \/  ,'`. 
      ,'    `.|\ `-' /|,'    `. 
    ,'   .-._ \ `---' / _,-.   `.
       ,'    `-`-._,-'-'   `.
      '
    

## Jaeger 1.1.30a0 (yet AnothEr phaGe idEntifier) Deep-learning based
bacteriophage discovery https://github.com/Yasas1994/Jaeger.git


-----------------------------validating parameters------------------------------
[2024-09-18 14:20:45]: /vast/groups/VEO/tools/miniconda3_2024/envs/jaeger_dev/lib/python3.11/site-packages/jaegeraa/data
[2024-09-18 14:20:45]: validating fasta file
[2024-09-18 14:20:45]: 1065/1140 entries in 1.2_assembly/10_results_assembly_flye/cross_assembly/assembly.fasta
[2024-09-18 14:20:45]: could not find a GPU on the system.
For optimal performance run Jaeger on a GPU.
[2024-09-18 14:20:45]: /home/groups/VEO/tools/jaeger/v1.1.30a0/Jaeger/bin/jaeger run -i 1.2_assembly/10_results_assembly_flye/cross_assembly/assembly.fasta -o 1.3_virus_identification/10_jaeger/results_jaeger
[2024-09-18 14:20:45]: tensorflow: 2.15.1
[2024-09-18 14:20:45]: input file: assembly.fasta
[2024-09-18 14:20:45]: log file: assembly_jaeger.log
[2024-09-18 14:20:45]: outpath: /home/qe76qox/Viromics-Bioinformatics/1.3_virus_identification/10_jaeger/results_jaeger/assembly
[2024-09-18 14:20:45]: fragment size: 2048
[2024-09-18 14:20:45]: stride: 2048
[2024-09-18 14:20:45]: batch size: 96
[2024-09-18 14:20:45]: mode: CPU
[2024-09-18 14:20:46]: avail mem:  247.02GB
[2024-09-18 14:20:46]: avail cpus: 96
--------------------------------------------------------------------------------
[2024-09-18 14:20:46]: scaning for terminal repeats
[2024-09-18 14:20:46]: contig_1, 2568
[2024-09-18 14:20:46]: contig_1002, 1736
[2024-09-18 14:20:46]: contig_1003, 1842
[2024-09-18 14:20:46]: contig_1004, 2316
[2024-09-18 14:20:46]: contig_1005, 2675
[2024-09-18 14:20:46]: contig_1006, 43357
[2024-09-18 14:20:46]: contig_1007, 36319
[2024-09-18 14:20:46]: contig_1008, 2228
[2024-09-18 14:20:46]: contig_1009, 2645
[2024-09-18 14:20:46]: contig_101, 18777
[2024-09-18 14:20:46]: contig_1010, 14766
[2024-09-18 14:20:46]: contig_1011, 7212
[2024-09-18 14:20:46]: contig_1012, 5344
[2024-09-18 14:20:46]: contig_1013, 3407
[2024-09-18 14:20:46]: contig_1015, 9475
[2024-09-18 14:20:46]: contig_1016, 5614
[2024-09-18 14:20:46]: contig_1017, 5706
[2024-09-18 14:20:46]: contig_1019, 29669
[2024-09-18 14:20:46]: contig_102, 16498
[2024-09-18 14:20:46]: contig_1020, 13312
[2024-09-18 14:20:46]: contig_1021, 15099
[2024-09-18 14:20:46]: contig_1022, 8047
[2024-09-18 14:20:46]: contig_1023, 2687
[2024-09-18 14:20:46]: contig_1024, 14400
[2024-09-18 14:20:46]: contig_1025, 2302
[2024-09-18 14:20:46]: contig_1026, 16895
[2024-09-18 14:20:46]: contig_1027, 6838
[2024-09-18 14:20:46]: contig_1028, 23869
[2024-09-18 14:20:46]: contig_1029, 8033
[2024-09-18 14:20:46]: contig_103, 16445
[2024-09-18 14:20:46]: contig_1030, 2846
[2024-09-18 14:20:46]: contig_1031, 18289
[2024-09-18 14:20:46]: contig_1032, 12196
[2024-09-18 14:20:46]: contig_1033, 15904
[2024-09-18 14:20:46]: contig_1034, 18402
[2024-09-18 14:20:46]: contig_1035, 4478
[2024-09-18 14:20:46]: contig_1036, 6924
[2024-09-18 14:20:46]: contig_1037, 38696
[2024-09-18 14:20:46]: contig_1038, 10788
[2024-09-18 14:20:46]: contig_104, 16758
[2024-09-18 14:20:46]: contig_1040, 14240
[2024-09-18 14:20:46]: contig_1041, 2357
[2024-09-18 14:20:46]: contig_1042, 36454
[2024-09-18 14:20:46]: contig_1045, 3312
[2024-09-18 14:20:46]: contig_1046, 12857
[2024-09-18 14:20:46]: contig_1047, 3494
[2024-09-18 14:20:46]: contig_1048, 13007
[2024-09-18 14:20:46]: contig_1049, 2310
[2024-09-18 14:20:46]: contig_105, 29683
[2024-09-18 14:20:46]: contig_1050, 4930
[2024-09-18 14:20:46]: contig_1051, 8144
[2024-09-18 14:20:46]: contig_1052, 12060
[2024-09-18 14:20:46]: contig_1054, 50858
[2024-09-18 14:20:46]: contig_1055, 12907
[2024-09-18 14:20:46]: contig_1056, 3659
[2024-09-18 14:20:46]: contig_1057, 35778
[2024-09-18 14:20:46]: contig_1058, 17568
[2024-09-18 14:20:46]: contig_1059, 10854
[2024-09-18 14:20:46]: contig_1061, 6389
[2024-09-18 14:20:46]: contig_1062, 50552
[2024-09-18 14:20:46]: contig_1063, 2306
[2024-09-18 14:20:46]: contig_1064, 10968
[2024-09-18 14:20:46]: contig_1065, 9822
[2024-09-18 14:20:46]: contig_1066, 5137
[2024-09-18 14:20:46]: contig_1067, 7307
[2024-09-18 14:20:46]: contig_1068, 2239
[2024-09-18 14:20:46]: contig_1069, 11966
[2024-09-18 14:20:46]: contig_107, 1520
[2024-09-18 14:20:46]: contig_1070, 2758
[2024-09-18 14:20:46]: contig_1075, 1057
[2024-09-18 14:20:46]: contig_1077, 2046
[2024-09-18 14:20:46]: contig_1079, 15032
[2024-09-18 14:20:46]: contig_108, 16635
[2024-09-18 14:20:46]: contig_1080, 14146
[2024-09-18 14:20:46]: contig_1081, 20092
[2024-09-18 14:20:46]: contig_1082, 15906
[2024-09-18 14:20:46]: contig_1083, 10940
[2024-09-18 14:20:46]: contig_1084, 11038
[2024-09-18 14:20:46]: contig_1085, 2357
[2024-09-18 14:20:46]: contig_1086, 9069
[2024-09-18 14:20:46]: contig_1087, 16341
[2024-09-18 14:20:46]: contig_1088, 15786
[2024-09-18 14:20:46]: contig_1089, 11085
[2024-09-18 14:20:46]: contig_109, 15785
[2024-09-18 14:20:46]: contig_1092, 32186
[2024-09-18 14:20:46]: contig_1095, 23180
[2024-09-18 14:20:46]: contig_1096, 65151
[2024-09-18 14:20:46]: contig_1097, 14525
[2024-09-18 14:20:46]: contig_1098, 7500
[2024-09-18 14:20:46]: contig_1099, 12200
[2024-09-18 14:20:46]: contig_110, 33382
[2024-09-18 14:20:46]: contig_1100, 2768
[2024-09-18 14:20:46]: contig_1101, 31229
[2024-09-18 14:20:46]: contig_1102, 6228
[2024-09-18 14:20:46]: contig_1103, 7494
[2024-09-18 14:20:46]: contig_1104, 15323
[2024-09-18 14:20:46]: contig_1105, 4625
[2024-09-18 14:20:46]: contig_1106, 4836
[2024-09-18 14:20:46]: contig_1107, 36946
[2024-09-18 14:20:46]: contig_111, 21074
[2024-09-18 14:20:46]: contig_1110, 8026
[2024-09-18 14:20:46]: contig_1111, 31091
[2024-09-18 14:20:46]: contig_1113, 2391
[2024-09-18 14:20:46]: contig_1114, 6123
[2024-09-18 14:20:46]: contig_1115, 13060
[2024-09-18 14:20:46]: contig_1116, 46540
[2024-09-18 14:20:46]: contig_1117, 4765
[2024-09-18 14:20:46]: contig_1118, 21402
[2024-09-18 14:20:46]: contig_1119, 28019
[2024-09-18 14:20:46]: contig_112, 7845
[2024-09-18 14:20:46]: contig_1120, 1227
[2024-09-18 14:20:46]: contig_1129, 6485
[2024-09-18 14:20:46]: contig_113, 6409
[2024-09-18 14:20:46]: contig_1130, 4205
[2024-09-18 14:20:46]: contig_1131, 51372
[2024-09-18 14:20:46]: contig_1132, 2610
[2024-09-18 14:20:46]: contig_1133, 2613
[2024-09-18 14:20:46]: contig_1134, 23082
[2024-09-18 14:20:46]: contig_1135, 3167
[2024-09-18 14:20:46]: contig_1136, 37294
[2024-09-18 14:20:46]: contig_1137, 4224
[2024-09-18 14:20:46]: contig_1138, 1247
[2024-09-18 14:20:46]: contig_1139, 6822
[2024-09-18 14:20:46]: contig_114, 16419
[2024-09-18 14:20:46]: contig_1140, 8555
[2024-09-18 14:20:46]: contig_1141, 8793
[2024-09-18 14:20:46]: contig_1142, 3414
[2024-09-18 14:20:46]: contig_1143, 3012
[2024-09-18 14:20:46]: contig_1144, 7364
[2024-09-18 14:20:46]: contig_1145, 4604
[2024-09-18 14:20:46]: contig_1146, 5265
[2024-09-18 14:20:46]: contig_1147, 2235
[2024-09-18 14:20:46]: contig_1148, 15547
[2024-09-18 14:20:46]: contig_115, 3964
[2024-09-18 14:20:46]: contig_1151, 16042
[2024-09-18 14:20:46]: contig_1152, 3042
[2024-09-18 14:20:46]: contig_1153, 13553
[2024-09-18 14:20:46]: contig_1154, 12314
[2024-09-18 14:20:46]: contig_1155, 27817
[2024-09-18 14:20:46]: contig_1156, 10038
[2024-09-18 14:20:46]: contig_1157, 48870
[2024-09-18 14:20:46]: contig_1158, 3212
[2024-09-18 14:20:46]: contig_1159, 42592
[2024-09-18 14:20:46]: contig_116, 2724
[2024-09-18 14:20:46]: contig_1160, 30024
[2024-09-18 14:20:46]: contig_1161, 13423
[2024-09-18 14:20:46]: contig_1162, 11726
[2024-09-18 14:20:46]: contig_1163, 17919
[2024-09-18 14:20:46]: contig_1164, 12042
[2024-09-18 14:20:46]: contig_1165, 26465
[2024-09-18 14:20:46]: contig_1166, 16744
[2024-09-18 14:20:46]: contig_1169, 39797
[2024-09-18 14:20:46]: contig_117, 7851
[2024-09-18 14:20:46]: contig_1170, 36365
[2024-09-18 14:20:46]: contig_1171, 2522
[2024-09-18 14:20:46]: contig_1172, 4490
[2024-09-18 14:20:46]: contig_1175, 16175
[2024-09-18 14:20:46]: contig_1176, 6117
[2024-09-18 14:20:46]: contig_1177, 41139
[2024-09-18 14:20:46]: contig_1179, 2082
[2024-09-18 14:20:46]: contig_118, 33620
[2024-09-18 14:20:46]: contig_1182, 2446
[2024-09-18 14:20:46]: contig_1184, 30062
[2024-09-18 14:20:46]: contig_1187, 2323
[2024-09-18 14:20:46]: contig_1189, 6813
[2024-09-18 14:20:46]: contig_119, 7473
[2024-09-18 14:20:46]: contig_1190, 3799
[2024-09-18 14:20:46]: contig_1191, 14706
[2024-09-18 14:20:46]: contig_1192, 3111
[2024-09-18 14:20:46]: contig_1193, 4417
[2024-09-18 14:20:46]: contig_1194, 3296
[2024-09-18 14:20:46]: contig_1195, 3262
[2024-09-18 14:20:46]: contig_1196, 6269
[2024-09-18 14:20:46]: contig_1197, 4158
[2024-09-18 14:20:46]: contig_1198, 28588
[2024-09-18 14:20:46]: contig_1199, 15258
[2024-09-18 14:20:46]: contig_120, 27677
[2024-09-18 14:20:46]: contig_1200, 3318
[2024-09-18 14:20:46]: contig_1201, 15284
[2024-09-18 14:20:46]: contig_1202, 1403
[2024-09-18 14:20:46]: contig_1203, 1516
[2024-09-18 14:20:46]: contig_1204, 8194
[2024-09-18 14:20:46]: contig_1205, 52501
[2024-09-18 14:20:46]: contig_1206, 18267
[2024-09-18 14:20:46]: contig_1207, 14130
[2024-09-18 14:20:46]: contig_1208, 4058
[2024-09-18 14:20:46]: contig_1209, 3559
[2024-09-18 14:20:46]: contig_121, 2392
[2024-09-18 14:20:46]: contig_1210, 20334
[2024-09-18 14:20:46]: contig_1211, 2733
[2024-09-18 14:20:46]: contig_1212, 12984
[2024-09-18 14:20:46]: contig_1213, 1416
[2024-09-18 14:20:46]: contig_1214, 12914
[2024-09-18 14:20:46]: contig_1215, 14478
[2024-09-18 14:20:46]: contig_1218, 34004
[2024-09-18 14:20:46]: contig_1219, 2884
[2024-09-18 14:20:46]: contig_122, 9998
[2024-09-18 14:20:46]: contig_1220, 3240
[2024-09-18 14:20:46]: contig_1221, 9555
[2024-09-18 14:20:46]: contig_1222, 4307
[2024-09-18 14:20:46]: contig_1223, 44980
[2024-09-18 14:20:46]: contig_1224, 2683
[2024-09-18 14:20:46]: contig_1225, 21932
[2024-09-18 14:20:46]: contig_1226, 33104
[2024-09-18 14:20:46]: contig_1227, 3416
[2024-09-18 14:20:46]: contig_1228, 9552
[2024-09-18 14:20:46]: contig_1229, 10729
[2024-09-18 14:20:46]: contig_123, 43186
[2024-09-18 14:20:46]: contig_1230, 1256
[2024-09-18 14:20:46]: contig_1235, 21378
[2024-09-18 14:20:46]: contig_1236, 13367
[2024-09-18 14:20:46]: contig_1239, 36142
[2024-09-18 14:20:46]: contig_124, 11045
[2024-09-18 14:20:46]: contig_1240, 29943
[2024-09-18 14:20:46]: contig_1241, 5123
[2024-09-18 14:20:46]: contig_1242, 29633
[2024-09-18 14:20:46]: contig_1243, 10916
[2024-09-18 14:20:46]: contig_1244, 3520
[2024-09-18 14:20:46]: contig_1245, 22094
[2024-09-18 14:20:46]: contig_1246, 19963
[2024-09-18 14:20:46]: contig_1247, 11684
[2024-09-18 14:20:46]: contig_1248, 10564
[2024-09-18 14:20:46]: contig_1249, 10522
[2024-09-18 14:20:46]: contig_125, 6372
[2024-09-18 14:20:46]: contig_1250, 5671
[2024-09-18 14:20:46]: contig_1251, 1683
[2024-09-18 14:20:46]: contig_1252, 28085
[2024-09-18 14:20:46]: contig_1253, 4788
[2024-09-18 14:20:46]: contig_1254, 19106
[2024-09-18 14:20:46]: contig_1257, 36821
[2024-09-18 14:20:46]: contig_1262, 32671
[2024-09-18 14:20:46]: contig_1263, 7129
[2024-09-18 14:20:46]: contig_1264, 2496
[2024-09-18 14:20:46]: contig_1265, 34995
[2024-09-18 14:20:46]: contig_1266, 34121
[2024-09-18 14:20:46]: contig_1267, 3627
[2024-09-18 14:20:46]: contig_1268, 14593
[2024-09-18 14:20:46]: contig_1269, 3951
[2024-09-18 14:20:46]: contig_1270, 5605
[2024-09-18 14:20:46]: contig_1271, 14284
[2024-09-18 14:20:46]: contig_1272, 14845
[2024-09-18 14:20:46]: contig_1273, 12799
[2024-09-18 14:20:46]: contig_1274, 13726
[2024-09-18 14:20:46]: contig_1275, 22860
[2024-09-18 14:20:46]: contig_1278, 2245
[2024-09-18 14:20:46]: contig_1279, 4100
[2024-09-18 14:20:46]: contig_1280, 15384
[2024-09-18 14:20:46]: contig_1281, 20802
[2024-09-18 14:20:46]: contig_1282, 15884
[2024-09-18 14:20:46]: contig_1285, 6258
[2024-09-18 14:20:46]: contig_1286, 2321
[2024-09-18 14:20:46]: contig_1289, 56757
[2024-09-18 14:20:46]: contig_1290, 28705
[2024-09-18 14:20:47]: contig_1291, 16084
[2024-09-18 14:20:47]: contig_1292, 2994
[2024-09-18 14:20:47]: contig_1293, 15853
[2024-09-18 14:20:47]: contig_1294, 2360
[2024-09-18 14:20:47]: contig_1295, 4079
[2024-09-18 14:20:47]: contig_1296, 7781
[2024-09-18 14:20:47]: contig_1297, 44160
[2024-09-18 14:20:47]: contig_1298, 40164
[2024-09-18 14:20:47]: contig_1299, 5459
[2024-09-18 14:20:47]: contig_13, 6690
[2024-09-18 14:20:47]: contig_130, 16647
[2024-09-18 14:20:47]: contig_1301, 15224
[2024-09-18 14:20:47]: contig_1302, 13853
[2024-09-18 14:20:47]: contig_1303, 14427
[2024-09-18 14:20:47]: contig_1306, 4174
[2024-09-18 14:20:47]: contig_1307, 23947
[2024-09-18 14:20:47]: contig_131, 2821
[2024-09-18 14:20:47]: contig_1310, 3604
[2024-09-18 14:20:47]: contig_1311, 16921
[2024-09-18 14:20:47]: contig_1312, 36721
[2024-09-18 14:20:47]: contig_1315, 8990
[2024-09-18 14:20:47]: contig_1317, 15257
[2024-09-18 14:20:47]: contig_1318, 11229
[2024-09-18 14:20:47]: contig_1319, 5719
[2024-09-18 14:20:47]: contig_132, 37964
[2024-09-18 14:20:47]: contig_1320, 9585
[2024-09-18 14:20:47]: contig_1321, 27424
[2024-09-18 14:20:47]: contig_1322, 32879
[2024-09-18 14:20:47]: contig_1323, 35894
[2024-09-18 14:20:47]: contig_1326, 34454
[2024-09-18 14:20:47]: contig_1327, 37419
[2024-09-18 14:20:47]: contig_1329, 36267
[2024-09-18 14:20:47]: contig_133, 53613
[2024-09-18 14:20:47]: contig_1330, 32178
[2024-09-18 14:20:47]: contig_1331, 14555
[2024-09-18 14:20:47]: contig_1332, 5371
[2024-09-18 14:20:47]: contig_1333, 42611
[2024-09-18 14:20:47]: contig_1334, 2373
[2024-09-18 14:20:47]: contig_1335, 5650
[2024-09-18 14:20:47]: contig_1336, 23295
[2024-09-18 14:20:47]: contig_1338, 2648
[2024-09-18 14:20:47]: contig_134, 6006
[2024-09-18 14:20:47]: contig_1341, 13145
[2024-09-18 14:20:47]: contig_1342, 17432
[2024-09-18 14:20:47]: contig_1343, 19121
[2024-09-18 14:20:47]: contig_1344, 11964
[2024-09-18 14:20:47]: contig_1345, 5187
[2024-09-18 14:20:47]: contig_1346, 3795
[2024-09-18 14:20:47]: contig_1347, 4142
[2024-09-18 14:20:47]: contig_1348, 6704
[2024-09-18 14:20:47]: contig_1349, 15849
[2024-09-18 14:20:47]: contig_1350, 9250
[2024-09-18 14:20:47]: contig_1351, 16800
[2024-09-18 14:20:47]: contig_1352, 2947
[2024-09-18 14:20:47]: contig_1353, 13301
[2024-09-18 14:20:47]: contig_1354, 10310
[2024-09-18 14:20:47]: contig_1355, 4834
[2024-09-18 14:20:47]: contig_1356, 38955
[2024-09-18 14:20:47]: contig_1357, 5349
[2024-09-18 14:20:47]: contig_1358, 15745
[2024-09-18 14:20:47]: contig_1359, 10714
[2024-09-18 14:20:47]: contig_136, 2942
[2024-09-18 14:20:47]: contig_1360, 15027
[2024-09-18 14:20:47]: contig_1361, 6870
[2024-09-18 14:20:47]: contig_1362, 2721
[2024-09-18 14:20:47]: contig_1363, 23352
[2024-09-18 14:20:47]: contig_1364, 2495
[2024-09-18 14:20:47]: contig_1365, 3294
[2024-09-18 14:20:47]: contig_1366, 16007
[2024-09-18 14:20:47]: contig_1367, 7055
[2024-09-18 14:20:47]: contig_1368, 5506
[2024-09-18 14:20:47]: contig_1369, 10506
[2024-09-18 14:20:47]: contig_137, 1084
[2024-09-18 14:20:47]: contig_1370, 2943
[2024-09-18 14:20:47]: contig_1371, 7613
[2024-09-18 14:20:47]: contig_1374, 34580
[2024-09-18 14:20:47]: contig_1378, 32739
[2024-09-18 14:20:47]: contig_1379, 9923
[2024-09-18 14:20:47]: contig_138, 31528
[2024-09-18 14:20:47]: contig_1380, 3640
[2024-09-18 14:20:47]: contig_1381, 4261
[2024-09-18 14:20:47]: contig_1382, 15559
[2024-09-18 14:20:47]: contig_1383, 5387
[2024-09-18 14:20:47]: contig_1384, 14490
[2024-09-18 14:20:47]: contig_1385, 22725
[2024-09-18 14:20:47]: contig_1386, 10337
[2024-09-18 14:20:47]: contig_1388, 12957
[2024-09-18 14:20:47]: contig_1389, 2382
[2024-09-18 14:20:47]: contig_139, 26146
[2024-09-18 14:20:47]: contig_1391, 14845
[2024-09-18 14:20:47]: contig_1392, 2301
[2024-09-18 14:20:47]: contig_1393, 38768
[2024-09-18 14:20:47]: contig_1394, 46587
[2024-09-18 14:20:47]: contig_1395, 5709
[2024-09-18 14:20:47]: contig_1396, 33427
[2024-09-18 14:20:47]: contig_1397, 3934
[2024-09-18 14:20:47]: contig_1398, 12061
[2024-09-18 14:20:47]: contig_1399, 3456
[2024-09-18 14:20:47]: contig_14, 4698
[2024-09-18 14:20:47]: contig_140, 29706
[2024-09-18 14:20:47]: contig_1402, 8989
[2024-09-18 14:20:47]: contig_1403, 3598
[2024-09-18 14:20:47]: contig_1406, 2499
[2024-09-18 14:20:47]: contig_1407, 14835
[2024-09-18 14:20:47]: contig_1408, 14045
[2024-09-18 14:20:47]: contig_1409, 2740
[2024-09-18 14:20:47]: contig_1410, 2351
[2024-09-18 14:20:47]: contig_1411, 2881
[2024-09-18 14:20:47]: contig_1415, 11539
[2024-09-18 14:20:47]: contig_1416, 17481
[2024-09-18 14:20:47]: contig_1417, 14512
[2024-09-18 14:20:47]: contig_1418, 5117
[2024-09-18 14:20:47]: contig_1419, 5987
[2024-09-18 14:20:47]: contig_1420, 35652
[2024-09-18 14:20:47]: contig_1421, 8425
[2024-09-18 14:20:47]: contig_1422, 12685
[2024-09-18 14:20:47]: contig_1423, 39584
[2024-09-18 14:20:47]: contig_1424, 15363
[2024-09-18 14:20:47]: contig_1426, 2711
[2024-09-18 14:20:47]: contig_1427, 3497
[2024-09-18 14:20:47]: contig_1429, 9609
[2024-09-18 14:20:47]: contig_1430, 8840
[2024-09-18 14:20:47]: contig_1431, 4097
[2024-09-18 14:20:47]: contig_1432, 12315
[2024-09-18 14:20:47]: contig_1433, 16900
[2024-09-18 14:20:47]: contig_1434, 4271
[2024-09-18 14:20:47]: contig_1435, 13799
[2024-09-18 14:20:47]: contig_1436, 3531
[2024-09-18 14:20:47]: contig_1437, 16929
[2024-09-18 14:20:47]: contig_1438, 14529
[2024-09-18 14:20:47]: contig_1439, 34481
[2024-09-18 14:20:47]: contig_1440, 5680
[2024-09-18 14:20:47]: contig_1441, 16094
[2024-09-18 14:20:47]: contig_1442, 14485
[2024-09-18 14:20:47]: contig_1444, 17050
[2024-09-18 14:20:47]: contig_1445, 36714
[2024-09-18 14:20:47]: contig_1446, 13317
[2024-09-18 14:20:47]: contig_1447, 7843
[2024-09-18 14:20:47]: contig_1449, 14114
[2024-09-18 14:20:47]: contig_145, 3548
[2024-09-18 14:20:47]: contig_1450, 20125
[2024-09-18 14:20:47]: contig_1451, 33486
[2024-09-18 14:20:47]: contig_1452, 2840
[2024-09-18 14:20:47]: contig_1453, 19525
[2024-09-18 14:20:47]: contig_1454, 9115
[2024-09-18 14:20:47]: contig_1455, 13324
[2024-09-18 14:20:47]: contig_1456, 38967
[2024-09-18 14:20:47]: contig_1457, 15800
[2024-09-18 14:20:47]: contig_1458, 12639
[2024-09-18 14:20:47]: contig_1459, 15486
[2024-09-18 14:20:47]: contig_146, 3118
[2024-09-18 14:20:47]: contig_1460, 15850
[2024-09-18 14:20:47]: contig_1461, 9794
[2024-09-18 14:20:47]: contig_1462, 4669
[2024-09-18 14:20:47]: contig_1464, 2539
[2024-09-18 14:20:47]: contig_1465, 3148
[2024-09-18 14:20:47]: contig_1466, 8744
[2024-09-18 14:20:47]: contig_1467, 14727
[2024-09-18 14:20:47]: contig_1468, 5807
[2024-09-18 14:20:47]: contig_1469, 14375
[2024-09-18 14:20:47]: contig_147, 2885
[2024-09-18 14:20:47]: contig_1470, 8622
[2024-09-18 14:20:47]: contig_1471, 2530
[2024-09-18 14:20:47]: contig_1472, 30538
[2024-09-18 14:20:47]: contig_1473, 32864
[2024-09-18 14:20:47]: contig_1474, 31359
[2024-09-18 14:20:47]: contig_1475, 6511
[2024-09-18 14:20:47]: contig_1476, 10101
[2024-09-18 14:20:47]: contig_1477, 44251
[2024-09-18 14:20:47]: contig_1478, 9884
[2024-09-18 14:20:47]: contig_1479, 16245
[2024-09-18 14:20:47]: contig_148, 2681
[2024-09-18 14:20:47]: contig_1482, 36875
[2024-09-18 14:20:47]: contig_1483, 8111
[2024-09-18 14:20:47]: contig_1484, 68203
[2024-09-18 14:20:47]: contig_1485, 16835
[2024-09-18 14:20:47]: contig_1488, 20921
[2024-09-18 14:20:47]: contig_1489, 2809
[2024-09-18 14:20:47]: contig_149, 3804
[2024-09-18 14:20:47]: contig_1490, 2903
[2024-09-18 14:20:47]: contig_1491, 21380
[2024-09-18 14:20:47]: contig_1492, 5302
[2024-09-18 14:20:47]: contig_1493, 13539
[2024-09-18 14:20:47]: contig_1494, 5875
[2024-09-18 14:20:47]: contig_1495, 3900
[2024-09-18 14:20:47]: contig_1496, 34012
[2024-09-18 14:20:47]: contig_1497, 34801
[2024-09-18 14:20:47]: contig_1498, 28843
[2024-09-18 14:20:47]: contig_1499, 27661
[2024-09-18 14:20:47]: contig_15, 2787
[2024-09-18 14:20:47]: contig_1501, 19883
[2024-09-18 14:20:47]: contig_1504, 10529
[2024-09-18 14:20:47]: contig_1505, 8587
[2024-09-18 14:20:47]: contig_1506, 33842
[2024-09-18 14:20:47]: contig_1507, 1147
[2024-09-18 14:20:47]: contig_1508, 3077
[2024-09-18 14:20:47]: contig_1509, 15231
[2024-09-18 14:20:47]: contig_1510, 11229
[2024-09-18 14:20:47]: contig_1515, 8518
[2024-09-18 14:20:47]: contig_1516, 7431
[2024-09-18 14:20:47]: contig_1518, 10929
[2024-09-18 14:20:47]: contig_1519, 39859
[2024-09-18 14:20:47]: contig_152, 30797
[2024-09-18 14:20:47]: contig_1520, 2394
[2024-09-18 14:20:47]: contig_1521, 2365
[2024-09-18 14:20:47]: contig_1523, 6843
[2024-09-18 14:20:47]: contig_1524, 2339
[2024-09-18 14:20:47]: contig_1525, 28216
[2024-09-18 14:20:47]: contig_1527, 5651
[2024-09-18 14:20:47]: contig_1528, 5619
[2024-09-18 14:20:47]: contig_1529, 14681
[2024-09-18 14:20:47]: contig_1532, 7116
[2024-09-18 14:20:47]: contig_1535, 2652
[2024-09-18 14:20:47]: contig_1537, 6515
[2024-09-18 14:20:47]: contig_1539, 35193
[2024-09-18 14:20:47]: contig_1542, 31735
[2024-09-18 14:20:47]: contig_1543, 33118
[2024-09-18 14:20:47]: contig_1544, 15453
[2024-09-18 14:20:47]: contig_1545, 41551
[2024-09-18 14:20:47]: contig_1546, 38963
[2024-09-18 14:20:47]: contig_1547, 35347
[2024-09-18 14:20:47]: contig_1549, 40575
[2024-09-18 14:20:47]: contig_1550, 35720
[2024-09-18 14:20:47]: contig_1551, 34409
[2024-09-18 14:20:47]: contig_1552, 26758
[2024-09-18 14:20:47]: contig_1553, 7214
[2024-09-18 14:20:47]: contig_1554, 36349
[2024-09-18 14:20:47]: contig_1555, 36429
[2024-09-18 14:20:47]: contig_1556, 6539
[2024-09-18 14:20:47]: contig_1557, 5365
[2024-09-18 14:20:47]: contig_1558, 29951
[2024-09-18 14:20:47]: contig_1559, 10989
[2024-09-18 14:20:47]: contig_1560, 5911
[2024-09-18 14:20:47]: contig_16, 26548
[2024-09-18 14:20:47]: contig_163, 1238
[2024-09-18 14:20:47]: contig_164, 2125
[2024-09-18 14:20:47]: contig_165, 2769
[2024-09-18 14:20:47]: contig_166, 2713
[2024-09-18 14:20:47]: contig_167, 1620
[2024-09-18 14:20:47]: contig_168, 26659
[2024-09-18 14:20:47]: contig_169, 16030
[2024-09-18 14:20:47]: contig_17, 3234
[2024-09-18 14:20:47]: contig_170, 9363
[2024-09-18 14:20:47]: contig_173, 7718
[2024-09-18 14:20:47]: contig_174, 32589
[2024-09-18 14:20:47]: contig_175, 1219
[2024-09-18 14:20:47]: contig_18, 17994
[2024-09-18 14:20:47]: contig_183, 10170
[2024-09-18 14:20:47]: contig_184, 58762
[2024-09-18 14:20:47]: contig_185, 31011
[2024-09-18 14:20:47]: contig_186, 21189
[2024-09-18 14:20:47]: contig_188, 13826
[2024-09-18 14:20:47]: contig_189, 34390
[2024-09-18 14:20:47]: contig_19, 2987
[2024-09-18 14:20:47]: contig_192, 8032
[2024-09-18 14:20:47]: contig_197, 7652
[2024-09-18 14:20:47]: contig_198, 4994
[2024-09-18 14:20:47]: contig_199, 14474
[2024-09-18 14:20:47]: contig_2, 7614
[2024-09-18 14:20:47]: contig_20, 10453
[2024-09-18 14:20:47]: contig_200, 109562
[2024-09-18 14:20:47]: contig_201, 1654
[2024-09-18 14:20:47]: contig_202, 16673
[2024-09-18 14:20:47]: contig_203, 3778
[2024-09-18 14:20:47]: contig_204, 6133
[2024-09-18 14:20:47]: contig_206, 20220
[2024-09-18 14:20:47]: contig_207, 19172
[2024-09-18 14:20:47]: contig_208, 6946
[2024-09-18 14:20:47]: contig_209, 11202
[2024-09-18 14:20:47]: contig_210, 1521
[2024-09-18 14:20:47]: contig_211, 1816
[2024-09-18 14:20:47]: contig_213, 36935
[2024-09-18 14:20:47]: contig_214, 5905
[2024-09-18 14:20:47]: contig_215, 36484
[2024-09-18 14:20:47]: contig_218, 2069
[2024-09-18 14:20:47]: contig_219, 3090
[2024-09-18 14:20:47]: contig_220, 4852
[2024-09-18 14:20:47]: contig_221, 3061
[2024-09-18 14:20:47]: contig_222, 13066
[2024-09-18 14:20:47]: contig_223, 4122
[2024-09-18 14:20:47]: contig_224, 1625
[2024-09-18 14:20:47]: contig_225, 13356
[2024-09-18 14:20:47]: contig_226, 4565
[2024-09-18 14:20:47]: contig_227, 2015
[2024-09-18 14:20:48]: contig_228, 2013
[2024-09-18 14:20:48]: contig_23, 32783
[2024-09-18 14:20:48]: contig_230, 1436
[2024-09-18 14:20:48]: contig_233, 6071
[2024-09-18 14:20:48]: contig_234, 5091
[2024-09-18 14:20:48]: contig_235, 5153
[2024-09-18 14:20:48]: contig_236, 5228
[2024-09-18 14:20:48]: contig_237, 5328
[2024-09-18 14:20:48]: contig_24, 25396
[2024-09-18 14:20:48]: contig_241, 568
[2024-09-18 14:20:48]: contig_242, 2335
[2024-09-18 14:20:48]: contig_243, 8981
[2024-09-18 14:20:48]: contig_246, 31026
[2024-09-18 14:20:48]: contig_249, 7275
[2024-09-18 14:20:48]: contig_250, 9488
[2024-09-18 14:20:48]: contig_251, 2500
[2024-09-18 14:20:48]: contig_252, 5217
[2024-09-18 14:20:48]: contig_253, 14598
[2024-09-18 14:20:48]: contig_254, 9318
[2024-09-18 14:20:48]: contig_255, 4157
[2024-09-18 14:20:48]: contig_256, 29740
[2024-09-18 14:20:48]: contig_257, 14699
[2024-09-18 14:20:48]: contig_260, 39070
[2024-09-18 14:20:48]: contig_263, 4455
[2024-09-18 14:20:48]: contig_264, 15476
[2024-09-18 14:20:48]: contig_265, 14074
[2024-09-18 14:20:48]: contig_266, 14299
[2024-09-18 14:20:48]: contig_267, 62774
[2024-09-18 14:20:48]: contig_268, 30576
[2024-09-18 14:20:48]: contig_270, 10582
[2024-09-18 14:20:48]: contig_271, 35503
[2024-09-18 14:20:48]: contig_274, 13946
[2024-09-18 14:20:48]: contig_28, 1850
[2024-09-18 14:20:48]: contig_281, 5354
[2024-09-18 14:20:48]: contig_282, 2053
[2024-09-18 14:20:48]: contig_283, 13311
[2024-09-18 14:20:48]: contig_284, 24436
[2024-09-18 14:20:48]: contig_285, 29409
[2024-09-18 14:20:48]: contig_286, 14288
[2024-09-18 14:20:48]: contig_287, 3045
[2024-09-18 14:20:48]: contig_288, 20192
[2024-09-18 14:20:48]: contig_29, 1797
[2024-09-18 14:20:48]: contig_292, 15361
[2024-09-18 14:20:48]: contig_293, 1295
[2024-09-18 14:20:48]: contig_294, 3609
[2024-09-18 14:20:48]: contig_295, 3987
[2024-09-18 14:20:48]: contig_296, 16336
[2024-09-18 14:20:48]: contig_297, 12257
[2024-09-18 14:20:48]: contig_298, 24522
[2024-09-18 14:20:48]: contig_299, 4634
[2024-09-18 14:20:48]: contig_3, 1333
[2024-09-18 14:20:48]: contig_30, 2187
[2024-09-18 14:20:48]: contig_302, 13036
[2024-09-18 14:20:48]: contig_303, 12736
[2024-09-18 14:20:48]: contig_304, 15161
[2024-09-18 14:20:48]: contig_305, 12285
[2024-09-18 14:20:48]: contig_306, 3484
[2024-09-18 14:20:48]: contig_308, 29995
[2024-09-18 14:20:48]: contig_31, 2748
[2024-09-18 14:20:48]: contig_312, 3447
[2024-09-18 14:20:48]: contig_316, 38647
[2024-09-18 14:20:48]: contig_32, 11727
[2024-09-18 14:20:48]: contig_327, 28676
[2024-09-18 14:20:48]: contig_328, 4180
[2024-09-18 14:20:48]: contig_329, 991
[2024-09-18 14:20:48]: contig_33, 691
[2024-09-18 14:20:48]: contig_330, 3759
[2024-09-18 14:20:48]: contig_332, 3247
[2024-09-18 14:20:48]: contig_333, 3191
[2024-09-18 14:20:48]: contig_334, 1665
[2024-09-18 14:20:48]: contig_335, 2795
[2024-09-18 14:20:48]: contig_336, 2588
[2024-09-18 14:20:48]: contig_339, 36638
[2024-09-18 14:20:48]: contig_34, 2340
[2024-09-18 14:20:48]: contig_342, 33547
[2024-09-18 14:20:48]: contig_343, 15154
[2024-09-18 14:20:48]: contig_344, 28726
[2024-09-18 14:20:48]: contig_345, 9365
[2024-09-18 14:20:48]: contig_346, 17307
[2024-09-18 14:20:48]: contig_347, 8386
[2024-09-18 14:20:48]: contig_348, 7144
[2024-09-18 14:20:48]: contig_349, 2120
[2024-09-18 14:20:48]: contig_350, 1372
[2024-09-18 14:20:48]: contig_351, 3579
[2024-09-18 14:20:48]: contig_352, 11774
[2024-09-18 14:20:48]: contig_353, 5214
[2024-09-18 14:20:48]: contig_354, 4690
[2024-09-18 14:20:48]: contig_356, 3425
[2024-09-18 14:20:48]: contig_36, 24306
[2024-09-18 14:20:48]: contig_37, 7144
[2024-09-18 14:20:48]: contig_372, 3163
[2024-09-18 14:20:48]: contig_373, 10204
[2024-09-18 14:20:48]: contig_374, 3176
[2024-09-18 14:20:48]: contig_375, 10927
[2024-09-18 14:20:48]: contig_376, 7958
[2024-09-18 14:20:48]: contig_377, 15428
[2024-09-18 14:20:48]: contig_38, 12394
[2024-09-18 14:20:48]: contig_380, 38690
[2024-09-18 14:20:48]: contig_381, 11931
[2024-09-18 14:20:48]: contig_382, 36833
[2024-09-18 14:20:48]: contig_383, 62193
[2024-09-18 14:20:48]: contig_384, 12805
[2024-09-18 14:20:48]: contig_385, 11302
[2024-09-18 14:20:48]: contig_387, 6339
[2024-09-18 14:20:48]: contig_388, 15332
[2024-09-18 14:20:48]: contig_389, 12304
[2024-09-18 14:20:48]: contig_39, 8163
[2024-09-18 14:20:48]: contig_390, 785
[2024-09-18 14:20:48]: contig_392, 9872
[2024-09-18 14:20:48]: contig_393, 10348
[2024-09-18 14:20:48]: contig_394, 8946
[2024-09-18 14:20:48]: contig_395, 15216
[2024-09-18 14:20:48]: contig_396, 5282
[2024-09-18 14:20:48]: contig_398, 14834
[2024-09-18 14:20:48]: contig_399, 10318
[2024-09-18 14:20:48]: contig_4, 2497
[2024-09-18 14:20:48]: contig_400, 15595
[2024-09-18 14:20:48]: contig_401, 12604
[2024-09-18 14:20:48]: contig_402, 1452
[2024-09-18 14:20:48]: contig_403, 6661
[2024-09-18 14:20:48]: contig_404, 4650
[2024-09-18 14:20:48]: contig_41, 9161
[2024-09-18 14:20:48]: contig_411, 2377
[2024-09-18 14:20:48]: contig_412, 25935
[2024-09-18 14:20:48]: contig_413, 33462
[2024-09-18 14:20:48]: contig_415, 6419
[2024-09-18 14:20:48]: contig_416, 25060
[2024-09-18 14:20:48]: contig_417, 11917
[2024-09-18 14:20:48]: contig_418, 4856
[2024-09-18 14:20:48]: contig_419, 2650
[2024-09-18 14:20:48]: contig_420, 9728
[2024-09-18 14:20:48]: contig_421, 34608
[2024-09-18 14:20:48]: contig_423, 1612
[2024-09-18 14:20:48]: contig_424, 42208
[2024-09-18 14:20:48]: contig_425, 18912
[2024-09-18 14:20:48]: contig_426, 24888
[2024-09-18 14:20:48]: contig_427, 3275
[2024-09-18 14:20:48]: contig_428, 14469
[2024-09-18 14:20:48]: contig_429, 10268
[2024-09-18 14:20:48]: contig_434, 56443
[2024-09-18 14:20:48]: contig_436, 6617
[2024-09-18 14:20:48]: contig_437, 38470
[2024-09-18 14:20:48]: contig_438, 14136
[2024-09-18 14:20:48]: contig_439, 4912
[2024-09-18 14:20:48]: contig_440, 2672
[2024-09-18 14:20:48]: contig_441, 1678
[2024-09-18 14:20:48]: contig_442, 11556
[2024-09-18 14:20:48]: contig_443, 19928
[2024-09-18 14:20:48]: contig_444, 1337
[2024-09-18 14:20:48]: contig_445, 5999
[2024-09-18 14:20:48]: contig_447, 44035
[2024-09-18 14:20:48]: contig_448, 2389
[2024-09-18 14:20:48]: contig_450, 1967
[2024-09-18 14:20:48]: contig_452, 1464
[2024-09-18 14:20:48]: contig_455, 5671
[2024-09-18 14:20:48]: contig_456, 4964
[2024-09-18 14:20:48]: contig_457, 7826
[2024-09-18 14:20:48]: contig_458, 1542
[2024-09-18 14:20:48]: contig_459, 1169
[2024-09-18 14:20:48]: contig_461, 17655
[2024-09-18 14:20:48]: contig_462, 15952
[2024-09-18 14:20:48]: contig_463, 9572
[2024-09-18 14:20:48]: contig_464, 15280
[2024-09-18 14:20:48]: contig_465, 11879
[2024-09-18 14:20:48]: contig_466, 15678
[2024-09-18 14:20:48]: contig_467, 1324
[2024-09-18 14:20:48]: contig_468, 15542
[2024-09-18 14:20:48]: contig_469, 13802
[2024-09-18 14:20:48]: contig_47, 3318
[2024-09-18 14:20:48]: contig_470, 3598
[2024-09-18 14:20:48]: contig_471, 2242
[2024-09-18 14:20:48]: contig_472, 3208
[2024-09-18 14:20:48]: contig_473, 39757
[2024-09-18 14:20:48]: contig_480, 17259
[2024-09-18 14:20:48]: contig_481, 19750
[2024-09-18 14:20:48]: contig_482, 2339
[2024-09-18 14:20:48]: contig_483, 23552
[2024-09-18 14:20:48]: contig_484, 2803
[2024-09-18 14:20:48]: contig_485, 11207
[2024-09-18 14:20:48]: contig_486, 4717
[2024-09-18 14:20:48]: contig_487, 11298
[2024-09-18 14:20:48]: contig_488, 12568
[2024-09-18 14:20:48]: contig_489, 4881
[2024-09-18 14:20:48]: contig_49, 7117
[2024-09-18 14:20:48]: contig_490, 40487
[2024-09-18 14:20:48]: contig_491, 17903
[2024-09-18 14:20:48]: contig_492, 38498
[2024-09-18 14:20:48]: contig_493, 16876
[2024-09-18 14:20:48]: contig_494, 1350
[2024-09-18 14:20:48]: contig_496, 775
[2024-09-18 14:20:48]: contig_497, 683
[2024-09-18 14:20:48]: contig_5, 21271
[2024-09-18 14:20:48]: contig_50, 7708
[2024-09-18 14:20:48]: contig_500, 2260
[2024-09-18 14:20:48]: contig_501, 15247
[2024-09-18 14:20:48]: contig_503, 6583
[2024-09-18 14:20:48]: contig_504, 16053
[2024-09-18 14:20:48]: contig_505, 4351
[2024-09-18 14:20:48]: contig_506, 15729
[2024-09-18 14:20:48]: contig_507, 10675
[2024-09-18 14:20:48]: contig_508, 11642
[2024-09-18 14:20:48]: contig_51, 6316
[2024-09-18 14:20:48]: contig_510, 2613
[2024-09-18 14:20:48]: contig_511, 34032
[2024-09-18 14:20:48]: contig_514, 15976
[2024-09-18 14:20:48]: contig_515, 25675
[2024-09-18 14:20:48]: contig_518, 2630
[2024-09-18 14:20:48]: contig_519, 40515
[2024-09-18 14:20:48]: contig_52, 3310
[2024-09-18 14:20:48]: contig_521, 8060
[2024-09-18 14:20:48]: contig_522, 28058
[2024-09-18 14:20:48]: contig_523, 17570
[2024-09-18 14:20:48]: contig_526, 1645
[2024-09-18 14:20:48]: contig_527, 1751
[2024-09-18 14:20:48]: contig_528, 13278
[2024-09-18 14:20:48]: contig_529, 7042
[2024-09-18 14:20:48]: contig_53, 4292
[2024-09-18 14:20:48]: contig_530, 8617
[2024-09-18 14:20:48]: contig_531, 35272
[2024-09-18 14:20:48]: contig_536, 34338
[2024-09-18 14:20:48]: contig_538, 6187
[2024-09-18 14:20:48]: contig_539, 27353
[2024-09-18 14:20:48]: contig_540, 9524
[2024-09-18 14:20:48]: contig_541, 3274
[2024-09-18 14:20:48]: contig_543, 36904
[2024-09-18 14:20:48]: contig_544, 2546
[2024-09-18 14:20:48]: contig_545, 1186
[2024-09-18 14:20:48]: contig_546, 27902
[2024-09-18 14:20:48]: contig_547, 8426
[2024-09-18 14:20:48]: contig_548, 3070
[2024-09-18 14:20:48]: contig_549, 16570
[2024-09-18 14:20:48]: contig_55, 8222
[2024-09-18 14:20:48]: contig_550, 18386
[2024-09-18 14:20:48]: contig_551, 25014
[2024-09-18 14:20:48]: contig_552, 6723
[2024-09-18 14:20:48]: contig_553, 37946
[2024-09-18 14:20:48]: contig_554, 2339
[2024-09-18 14:20:48]: contig_555, 26083
[2024-09-18 14:20:48]: contig_556, 10102
[2024-09-18 14:20:48]: contig_557, 14916
[2024-09-18 14:20:48]: contig_558, 13811
[2024-09-18 14:20:48]: contig_559, 8868
[2024-09-18 14:20:48]: contig_560, 21000
[2024-09-18 14:20:48]: contig_561, 2877
[2024-09-18 14:20:48]: contig_562, 6358
[2024-09-18 14:20:48]: contig_564, 1348
[2024-09-18 14:20:48]: contig_565, 2844
[2024-09-18 14:20:48]: contig_566, 12458
[2024-09-18 14:20:48]: contig_568, 19502
[2024-09-18 14:20:48]: contig_571, 2968
[2024-09-18 14:20:48]: contig_572, 21856
[2024-09-18 14:20:48]: contig_573, 14293
[2024-09-18 14:20:48]: contig_574, 20624
[2024-09-18 14:20:48]: contig_575, 2695
[2024-09-18 14:20:48]: contig_576, 37416
[2024-09-18 14:20:48]: contig_577, 17673
[2024-09-18 14:20:48]: contig_578, 4407
[2024-09-18 14:20:48]: contig_579, 7293
[2024-09-18 14:20:48]: contig_58, 85038
[2024-09-18 14:20:48]: contig_580, 4331
[2024-09-18 14:20:48]: contig_581, 3075
[2024-09-18 14:20:48]: contig_582, 25252
[2024-09-18 14:20:48]: contig_583, 9643
[2024-09-18 14:20:48]: contig_584, 14106
[2024-09-18 14:20:48]: contig_585, 2064
[2024-09-18 14:20:48]: contig_586, 2609
[2024-09-18 14:20:48]: contig_587, 10462
[2024-09-18 14:20:48]: contig_588, 4451
[2024-09-18 14:20:48]: contig_589, 4595
[2024-09-18 14:20:48]: contig_59, 4425
[2024-09-18 14:20:48]: contig_590, 7285
[2024-09-18 14:20:48]: contig_591, 16927
[2024-09-18 14:20:48]: contig_592, 2352
[2024-09-18 14:20:48]: contig_593, 37748
[2024-09-18 14:20:48]: contig_594, 10347
[2024-09-18 14:20:48]: contig_595, 18280
[2024-09-18 14:20:48]: contig_596, 47077
[2024-09-18 14:20:48]: contig_597, 12689
[2024-09-18 14:20:48]: contig_598, 32306
[2024-09-18 14:20:48]: contig_599, 20781
[2024-09-18 14:20:48]: contig_6, 14478
[2024-09-18 14:20:48]: contig_60, 13569
[2024-09-18 14:20:48]: contig_600, 8578
[2024-09-18 14:20:48]: contig_601, 85375
[2024-09-18 14:20:48]: contig_604, 2291
[2024-09-18 14:20:49]: contig_605, 1158
[2024-09-18 14:20:49]: contig_606, 3150
[2024-09-18 14:20:49]: contig_607, 5238
[2024-09-18 14:20:49]: contig_608, 21620
[2024-09-18 14:20:49]: contig_609, 4809
[2024-09-18 14:20:49]: contig_61, 3640
[2024-09-18 14:20:49]: contig_611, 22061
[2024-09-18 14:20:49]: contig_612, 34627
[2024-09-18 14:20:49]: contig_613, 15491
[2024-09-18 14:20:49]: contig_614, 24770
[2024-09-18 14:20:49]: contig_615, 8044
[2024-09-18 14:20:49]: contig_616, 4746
[2024-09-18 14:20:49]: contig_617, 4931
[2024-09-18 14:20:49]: contig_62, 5181
[2024-09-18 14:20:49]: contig_625, 4424
[2024-09-18 14:20:49]: contig_626, 2233
[2024-09-18 14:20:49]: contig_628, 10170
[2024-09-18 14:20:49]: contig_629, 4244
[2024-09-18 14:20:49]: contig_63, 9984
[2024-09-18 14:20:49]: contig_632, 33695
[2024-09-18 14:20:49]: contig_633, 14563
[2024-09-18 14:20:49]: contig_634, 2854
[2024-09-18 14:20:49]: contig_635, 2870
[2024-09-18 14:20:49]: contig_636, 8514
[2024-09-18 14:20:49]: contig_637, 1133
[2024-09-18 14:20:49]: contig_638, 6603
[2024-09-18 14:20:49]: contig_639, 3965
[2024-09-18 14:20:49]: contig_64, 6623
[2024-09-18 14:20:49]: contig_640, 4378
[2024-09-18 14:20:49]: contig_642, 10666
[2024-09-18 14:20:49]: contig_643, 10989
[2024-09-18 14:20:49]: contig_644, 72339
[2024-09-18 14:20:49]: contig_645, 21783
[2024-09-18 14:20:49]: contig_646, 28667
[2024-09-18 14:20:49]: contig_65, 8311
[2024-09-18 14:20:49]: contig_650, 12002
[2024-09-18 14:20:49]: contig_653, 13188
[2024-09-18 14:20:49]: contig_654, 14835
[2024-09-18 14:20:49]: contig_655, 3240
[2024-09-18 14:20:49]: contig_656, 10282
[2024-09-18 14:20:49]: contig_657, 2576
[2024-09-18 14:20:49]: contig_658, 22565
[2024-09-18 14:20:49]: contig_659, 13590
[2024-09-18 14:20:49]: contig_66, 36915
[2024-09-18 14:20:49]: contig_663, 6040
[2024-09-18 14:20:49]: contig_664, 7347
[2024-09-18 14:20:49]: contig_665, 4746
[2024-09-18 14:20:49]: contig_666, 4171
[2024-09-18 14:20:49]: contig_669, 23164
[2024-09-18 14:20:49]: contig_670, 10936
[2024-09-18 14:20:49]: contig_671, 11576
[2024-09-18 14:20:49]: contig_672, 8944
[2024-09-18 14:20:49]: contig_673, 21726
[2024-09-18 14:20:49]: contig_676, 28407
[2024-09-18 14:20:49]: contig_677, 6655
[2024-09-18 14:20:49]: contig_678, 2724
[2024-09-18 14:20:49]: contig_679, 6880
[2024-09-18 14:20:49]: contig_68, 6717
[2024-09-18 14:20:49]: contig_680, 23059
[2024-09-18 14:20:49]: contig_683, 15015
[2024-09-18 14:20:49]: contig_684, 12591
[2024-09-18 14:20:49]: contig_687, 3304
[2024-09-18 14:20:49]: contig_688, 2656
[2024-09-18 14:20:49]: contig_69, 5598
[2024-09-18 14:20:49]: contig_692, 11044
[2024-09-18 14:20:49]: contig_696, 14063
[2024-09-18 14:20:49]: contig_697, 2236
[2024-09-18 14:20:49]: contig_698, 17256
[2024-09-18 14:20:49]: contig_699, 13274
[2024-09-18 14:20:49]: contig_7, 12441
[2024-09-18 14:20:49]: contig_70, 7600
[2024-09-18 14:20:49]: contig_700, 7365
[2024-09-18 14:20:49]: contig_701, 28136
[2024-09-18 14:20:49]: contig_702, 7153
[2024-09-18 14:20:49]: contig_703, 10797
[2024-09-18 14:20:49]: contig_704, 11613
[2024-09-18 14:20:49]: contig_705, 22747
[2024-09-18 14:20:49]: contig_706, 5336
[2024-09-18 14:20:49]: contig_707, 4530
[2024-09-18 14:20:49]: contig_708, 49001
[2024-09-18 14:20:49]: contig_709, 4643
[2024-09-18 14:20:49]: contig_71, 6969
[2024-09-18 14:20:49]: contig_711, 2476
[2024-09-18 14:20:49]: contig_712, 1613
[2024-09-18 14:20:49]: contig_713, 30202
[2024-09-18 14:20:49]: contig_714, 5076
[2024-09-18 14:20:49]: contig_715, 2813
[2024-09-18 14:20:49]: contig_718, 13809
[2024-09-18 14:20:49]: contig_719, 11104
[2024-09-18 14:20:49]: contig_720, 14626
[2024-09-18 14:20:49]: contig_723, 2420
[2024-09-18 14:20:49]: contig_724, 5064
[2024-09-18 14:20:49]: contig_725, 1627
[2024-09-18 14:20:49]: contig_726, 8800
[2024-09-18 14:20:49]: contig_727, 28532
[2024-09-18 14:20:49]: contig_728, 10737
[2024-09-18 14:20:49]: contig_729, 8111
[2024-09-18 14:20:49]: contig_730, 2456
[2024-09-18 14:20:49]: contig_731, 14719
[2024-09-18 14:20:49]: contig_732, 4636
[2024-09-18 14:20:49]: contig_733, 7642
[2024-09-18 14:20:49]: contig_734, 36814
[2024-09-18 14:20:49]: contig_735, 9170
[2024-09-18 14:20:49]: contig_736, 7654
[2024-09-18 14:20:49]: contig_737, 795
[2024-09-18 14:20:49]: contig_738, 983
[2024-09-18 14:20:49]: contig_739, 8135
[2024-09-18 14:20:49]: contig_74, 31866
[2024-09-18 14:20:49]: contig_746, 20454
[2024-09-18 14:20:49]: contig_747, 7163
[2024-09-18 14:20:49]: contig_748, 2984
[2024-09-18 14:20:49]: contig_749, 9613
[2024-09-18 14:20:49]: contig_75, 16120
[2024-09-18 14:20:49]: contig_750, 2317
[2024-09-18 14:20:49]: contig_751, 36103
[2024-09-18 14:20:49]: contig_752, 8119
[2024-09-18 14:20:49]: contig_753, 3068
[2024-09-18 14:20:49]: contig_754, 2125
[2024-09-18 14:20:49]: contig_755, 12071
[2024-09-18 14:20:49]: contig_756, 3030
[2024-09-18 14:20:49]: contig_757, 7300
[2024-09-18 14:20:49]: contig_758, 11820
[2024-09-18 14:20:49]: contig_76, 42392
[2024-09-18 14:20:49]: contig_761, 2318
[2024-09-18 14:20:49]: contig_762, 2338
[2024-09-18 14:20:49]: contig_763, 15341
[2024-09-18 14:20:49]: contig_764, 11130
[2024-09-18 14:20:49]: contig_765, 7645
[2024-09-18 14:20:49]: contig_766, 14661
[2024-09-18 14:20:49]: contig_77, 7353
[2024-09-18 14:20:49]: contig_771, 3173
[2024-09-18 14:20:49]: contig_772, 4326
[2024-09-18 14:20:49]: contig_774, 7991
[2024-09-18 14:20:49]: contig_775, 37594
[2024-09-18 14:20:49]: contig_776, 19444
[2024-09-18 14:20:49]: contig_779, 30156
[2024-09-18 14:20:49]: contig_78, 25643
[2024-09-18 14:20:49]: contig_780, 14027
[2024-09-18 14:20:49]: contig_781, 5881
[2024-09-18 14:20:49]: contig_782, 5438
[2024-09-18 14:20:49]: contig_783, 2175
[2024-09-18 14:20:49]: contig_784, 2029
[2024-09-18 14:20:49]: contig_785, 17900
[2024-09-18 14:20:49]: contig_786, 6500
[2024-09-18 14:20:49]: contig_787, 8867
[2024-09-18 14:20:49]: contig_788, 10930
[2024-09-18 14:20:49]: contig_789, 11171
[2024-09-18 14:20:49]: contig_79, 6072
[2024-09-18 14:20:49]: contig_791, 14739
[2024-09-18 14:20:49]: contig_792, 6179
[2024-09-18 14:20:49]: contig_793, 6775
[2024-09-18 14:20:49]: contig_795, 19040
[2024-09-18 14:20:49]: contig_796, 5145
[2024-09-18 14:20:49]: contig_797, 9288
[2024-09-18 14:20:49]: contig_798, 2638
[2024-09-18 14:20:49]: contig_799, 34524
[2024-09-18 14:20:49]: contig_8, 2861
[2024-09-18 14:20:49]: contig_800, 3494
[2024-09-18 14:20:49]: contig_802, 3927
[2024-09-18 14:20:49]: contig_805, 7023
[2024-09-18 14:20:49]: contig_806, 7017
[2024-09-18 14:20:49]: contig_807, 8701
[2024-09-18 14:20:49]: contig_808, 5662
[2024-09-18 14:20:49]: contig_809, 1033
[2024-09-18 14:20:49]: contig_81, 20411
[2024-09-18 14:20:49]: contig_810, 1032
[2024-09-18 14:20:49]: contig_811, 34326
[2024-09-18 14:20:49]: contig_812, 15334
[2024-09-18 14:20:49]: contig_813, 8021
[2024-09-18 14:20:49]: contig_814, 8684
[2024-09-18 14:20:49]: contig_815, 56870
[2024-09-18 14:20:49]: contig_816, 10991
[2024-09-18 14:20:49]: contig_817, 7242
[2024-09-18 14:20:49]: contig_818, 3807
[2024-09-18 14:20:49]: contig_819, 9922
[2024-09-18 14:20:49]: contig_82, 8994
[2024-09-18 14:20:49]: contig_820, 13230
[2024-09-18 14:20:49]: contig_821, 1375
[2024-09-18 14:20:49]: contig_824, 10775
[2024-09-18 14:20:49]: contig_825, 67695
[2024-09-18 14:20:49]: contig_826, 13223
[2024-09-18 14:20:49]: contig_827, 8671
[2024-09-18 14:20:49]: contig_829, 1666
[2024-09-18 14:20:49]: contig_83, 12556
[2024-09-18 14:20:49]: contig_830, 4584
[2024-09-18 14:20:49]: contig_831, 21922
[2024-09-18 14:20:49]: contig_832, 3827
[2024-09-18 14:20:49]: contig_833, 5476
[2024-09-18 14:20:49]: contig_834, 2756
[2024-09-18 14:20:49]: contig_835, 12932
[2024-09-18 14:20:49]: contig_836, 8880
[2024-09-18 14:20:49]: contig_839, 27235
[2024-09-18 14:20:49]: contig_840, 17194
[2024-09-18 14:20:49]: contig_841, 1398
[2024-09-18 14:20:49]: contig_842, 3941
[2024-09-18 14:20:49]: contig_843, 1422
[2024-09-18 14:20:49]: contig_844, 15479
[2024-09-18 14:20:49]: contig_845, 1698
[2024-09-18 14:20:49]: contig_848, 8032
[2024-09-18 14:20:49]: contig_849, 8706
[2024-09-18 14:20:49]: contig_85, 3780
[2024-09-18 14:20:49]: contig_850, 8647
[2024-09-18 14:20:49]: contig_851, 7555
[2024-09-18 14:20:49]: contig_852, 13259
[2024-09-18 14:20:49]: contig_854, 37646
[2024-09-18 14:20:49]: contig_855, 4853
[2024-09-18 14:20:49]: contig_856, 35606
[2024-09-18 14:20:49]: contig_857, 2885
[2024-09-18 14:20:49]: contig_858, 22519
[2024-09-18 14:20:49]: contig_859, 2582
[2024-09-18 14:20:49]: contig_860, 16677
[2024-09-18 14:20:49]: contig_861, 20918
[2024-09-18 14:20:49]: contig_862, 10191
[2024-09-18 14:20:49]: contig_863, 12093
[2024-09-18 14:20:49]: contig_864, 5276
[2024-09-18 14:20:49]: contig_865, 13942
[2024-09-18 14:20:49]: contig_871, 39689
[2024-09-18 14:20:49]: contig_872, 1305
[2024-09-18 14:20:49]: contig_874, 5437
[2024-09-18 14:20:49]: contig_877, 1406
[2024-09-18 14:20:49]: contig_879, 2496
[2024-09-18 14:20:49]: contig_880, 15420
[2024-09-18 14:20:49]: contig_881, 12193
[2024-09-18 14:20:49]: contig_882, 4700
[2024-09-18 14:20:49]: contig_884, 2607
[2024-09-18 14:20:49]: contig_886, 1185
[2024-09-18 14:20:49]: contig_887, 5186
[2024-09-18 14:20:49]: contig_888, 6944
[2024-09-18 14:20:49]: contig_889, 2947
[2024-09-18 14:20:49]: contig_89, 14969
[2024-09-18 14:20:49]: contig_890, 8178
[2024-09-18 14:20:49]: contig_891, 41869
[2024-09-18 14:20:49]: contig_892, 2610
[2024-09-18 14:20:49]: contig_896, 9069
[2024-09-18 14:20:49]: contig_897, 14788
[2024-09-18 14:20:49]: contig_898, 9404
[2024-09-18 14:20:49]: contig_899, 11485
[2024-09-18 14:20:49]: contig_9, 14726
[2024-09-18 14:20:49]: contig_90, 15282
[2024-09-18 14:20:49]: contig_900, 22701
[2024-09-18 14:20:49]: contig_901, 13928
[2024-09-18 14:20:49]: contig_904, 935
[2024-09-18 14:20:49]: contig_905, 2104
[2024-09-18 14:20:49]: contig_906, 2732
[2024-09-18 14:20:49]: contig_907, 26414
[2024-09-18 14:20:49]: contig_908, 8209
[2024-09-18 14:20:49]: contig_909, 23404
[2024-09-18 14:20:49]: contig_91, 12705
[2024-09-18 14:20:49]: contig_910, 14878
[2024-09-18 14:20:49]: contig_911, 13592
[2024-09-18 14:20:49]: contig_912, 1969
[2024-09-18 14:20:49]: contig_916, 605
[2024-09-18 14:20:49]: contig_918, 841
[2024-09-18 14:20:49]: contig_919, 6596
[2024-09-18 14:20:49]: contig_92, 54599
[2024-09-18 14:20:49]: contig_920, 586
[2024-09-18 14:20:49]: contig_921, 33084
[2024-09-18 14:20:49]: contig_925, 10448
[2024-09-18 14:20:49]: contig_926, 15689
[2024-09-18 14:20:49]: contig_927, 2448
[2024-09-18 14:20:49]: contig_928, 9611
[2024-09-18 14:20:49]: contig_929, 37442
[2024-09-18 14:20:49]: contig_93, 15925
[2024-09-18 14:20:49]: contig_939, 34501
[2024-09-18 14:20:49]: contig_94, 19369
[2024-09-18 14:20:49]: contig_940, 12113
[2024-09-18 14:20:49]: contig_941, 4916
[2024-09-18 14:20:49]: contig_942, 10073
[2024-09-18 14:20:49]: contig_943, 24175
[2024-09-18 14:20:49]: contig_944, 2735
[2024-09-18 14:20:49]: contig_945, 16491
[2024-09-18 14:20:49]: contig_946, 15200
[2024-09-18 14:20:49]: contig_947, 3359
[2024-09-18 14:20:49]: contig_948, 3708
[2024-09-18 14:20:49]: contig_949, 2751
[2024-09-18 14:20:49]: contig_950, 6670
[2024-09-18 14:20:49]: contig_952, 26026
[2024-09-18 14:20:49]: contig_953, 12874
[2024-09-18 14:20:49]: contig_956, 2369
[2024-09-18 14:20:49]: contig_957, 7907
[2024-09-18 14:20:49]: contig_959, 14108
[2024-09-18 14:20:49]: contig_96, 15996
[2024-09-18 14:20:49]: contig_960, 10491
[2024-09-18 14:20:49]: contig_961, 35062
[2024-09-18 14:20:49]: contig_962, 10976
[2024-09-18 14:20:49]: contig_963, 5355
[2024-09-18 14:20:50]: contig_966, 17291
[2024-09-18 14:20:50]: contig_967, 2367
[2024-09-18 14:20:50]: contig_968, 1669
[2024-09-18 14:20:50]: contig_969, 14630
[2024-09-18 14:20:50]: contig_970, 2617
[2024-09-18 14:20:50]: contig_971, 7326
[2024-09-18 14:20:50]: contig_972, 14650
[2024-09-18 14:20:50]: contig_973, 12142
[2024-09-18 14:20:50]: contig_974, 24279
[2024-09-18 14:20:50]: contig_976, 3192
[2024-09-18 14:20:50]: contig_977, 14816
[2024-09-18 14:20:50]: contig_978, 33844
[2024-09-18 14:20:50]: contig_979, 12840
[2024-09-18 14:20:50]: contig_98, 14750
[2024-09-18 14:20:50]: contig_980, 3439
[2024-09-18 14:20:50]: contig_981, 7002
[2024-09-18 14:20:50]: contig_982, 18345
[2024-09-18 14:20:50]: contig_983, 16274
[2024-09-18 14:20:50]: contig_985, 4183
[2024-09-18 14:20:50]: contig_986, 14233
[2024-09-18 14:20:50]: contig_987, 4914
[2024-09-18 14:20:50]: contig_988, 2542
[2024-09-18 14:20:50]: contig_989, 11818
[2024-09-18 14:20:50]: contig_99, 35015
[2024-09-18 14:20:50]: contig_990, 19323
[2024-09-18 14:20:50]: contig_991, 2181
[2024-09-18 14:20:50]: contig_992, 6558
[2024-09-18 14:20:50]: contig_993, 24859
[2024-09-18 14:20:50]: contig_996, 13992
[2024-09-18 14:20:50]: contig_997, 1153
[2024-09-18 14:20:50]: contig_998, 11404
[2024-09-18 14:20:50]: contig_999, 1230
[2024-09-18 14:20:50]: [LogicalDevice(name='/device:CPU:0', device_type='CPU')], ['CPU:0']
[2024-09-18 14:20:50]: Using OneDeviceStrategy ['CPU:0']
[2024-09-18 14:20:53]: loading model to memory
[2024-09-18 14:20:54]: avail mem :  246.84GB
--------------------------------------------------------------------------------
[2024-09-18 14:20:54]: starting model inference
[2024-09-18 14:21:13]: generating summary
[2024-09-18 14:21:13]: processed 1065/1140 sequences
[2024-09-18 14:21:13]: CPU time(s) : 383.05
[2024-09-18 14:21:13]: wall time(s) : 41.55
[2024-09-18 14:21:13]: memory usage : 1.49Gb (0.59%)
