2024-09-26 23:40:49.022 | INFO     | __main__:main:95 - Starting Pharokka v1.7.1
2024-09-26 23:40:49.024 | INFO     | __main__:main:96 - Command executed: Namespace(infile='3_Project/3.0_select_contigs/select_contigs_30.fasta', outdir='3_Project/3.4_Dataset_30/10_pharokka', database='/work/groups/VEO/databases/pharokka/v1.7.1/', threads='10', force=True, prefix='Default', locustag='Default', gene_predictor='phanotate', meta=True, split=False, coding_table='11', evalue='1E-05', fast=False, mmseqs2_only=False, meta_hmm=True, dnaapler=False, custom_hmm='', genbank=False, terminase=False, terminase_strand='nothing', terminase_start='nothing', skip_extra_annotations=False, skip_mash=False, minced_args='', mash_distance=0.2, citation=False)
2024-09-26 23:40:49.026 | INFO     | __main__:main:97 - Repository homepage is https://github.com/gbouras13/pharokka
2024-09-26 23:40:49.028 | INFO     | __main__:main:98 - Written by George Bouras: george.bouras@adelaide.edu.au
2024-09-26 23:40:49.030 | INFO     | __main__:main:100 - Checking database installation in /work/groups/VEO/databases/pharokka/v1.7.1/.
2024-09-26 23:40:49.041 | INFO     | __main__:main:103 - All databases have been successfully checked.
2024-09-26 23:40:49.044 | INFO     | __main__:main:119 - Checking dependencies.
2024-09-26 23:40:49.540 | INFO     | input_commands:check_dependencies:379 - Phanotate version found is v1.5.1
2024-09-26 23:40:49.542 | INFO     | input_commands:check_dependencies:388 - Phanotate version is ok.
2024-09-26 23:40:49.597 | INFO     | input_commands:check_dependencies:410 - MMseqs2 version found is v13.45111
2024-09-26 23:40:49.599 | INFO     | input_commands:check_dependencies:419 - MMseqs2 version is ok.
2024-09-26 23:40:49.797 | INFO     | input_commands:check_dependencies:443 - tRNAscan-SE version found is v2.0.12
2024-09-26 23:40:49.799 | INFO     | input_commands:check_dependencies:454 - tRNAscan-SE version is ok.
2024-09-26 23:40:50.184 | INFO     | input_commands:check_dependencies:478 - MinCED version found is v0.4.2
2024-09-26 23:40:50.187 | INFO     | input_commands:check_dependencies:489 - MinCED version is ok.
2024-09-26 23:40:50.199 | INFO     | input_commands:check_dependencies:515 - ARAGORN version found is v1.2.41
2024-09-26 23:40:50.201 | INFO     | input_commands:check_dependencies:526 - ARAGORN version is ok.
2024-09-26 23:40:50.275 | INFO     | input_commands:check_dependencies:543 - mash version found is v2.3
2024-09-26 23:40:50.279 | INFO     | input_commands:check_dependencies:550 - mash version is ok.
2024-09-26 23:40:53.051 | INFO     | input_commands:check_dependencies:569 - Dnaapler version found is v0.7.0
2024-09-26 23:40:53.054 | INFO     | input_commands:check_dependencies:576 - Dnaapler version is ok.
2024-09-26 23:40:53.057 | INFO     | input_commands:check_dependencies:588 - Pyrodigal version is v3.3.0
2024-09-26 23:40:53.059 | INFO     | input_commands:check_dependencies:589 - Pyrodigal version is ok.
2024-09-26 23:40:53.062 | INFO     | input_commands:check_dependencies:601 - Pyrodigal_gv version is v0.3.1
2024-09-26 23:40:53.064 | INFO     | input_commands:check_dependencies:602 - Pyrodigal_gv version is ok.
2024-09-26 23:40:53.106 | INFO     | input_commands:validate_fasta:230 - Checking input 3_Project/3.0_select_contigs/select_contigs_30.fasta.
2024-09-26 23:40:53.110 | INFO     | input_commands:validate_fasta:232 - Input 3_Project/3.0_select_contigs/select_contigs_30.fasta is in FASTA format.
2024-09-26 23:40:53.113 | INFO     | input_commands:validate_fasta:237 - Checking input 3_Project/3.0_select_contigs/select_contigs_30.fasta for duplicate FASTA headers.
2024-09-26 23:40:53.136 | INFO     | input_commands:validate_fasta:239 - All headers in 3_Project/3.0_select_contigs/select_contigs_30.fasta are unique.
2024-09-26 23:40:53.139 | INFO     | input_commands:validate_gene_predictor:264 - Phanotate will be used for gene prediction.
2024-09-26 23:40:53.141 | INFO     | __main__:main:238 - You have specified --meta_hmm and -m/--meta to run PyHMMER as well as MMseqs2 in meta mode. This may be take a while, please be patient.
2024-09-26 23:40:53.151 | INFO     | input_commands:validate_meta:294 - 30 input contigs detected.
2024-09-26 23:40:53.261 | INFO     | __main__:main:280 - Running Phanotate.
2024-09-26 23:40:53.264 | INFO     | __main__:main:282 - Applying meta mode.
2024-09-26 23:42:55.024 | INFO     | __main__:main:305 - Starting tRNA-scanSE. Applying meta mode.
2024-09-26 23:42:57.232 | INFO     | processes:run_minced:822 - Running MinCED.
2024-09-26 23:42:57.239 | INFO     | external_tools:run:50 - Started running minced 3_Project/3.0_select_contigs/select_contigs_30.fasta 3_Project/3.4_Dataset_30/10_pharokka/pharokka_minced_spacers.txt 3_Project/3.4_Dataset_30/10_pharokka/pharokka_minced.gff ...
2024-09-26 23:42:58.018 | INFO     | external_tools:run:52 - Done running minced 3_Project/3.0_select_contigs/select_contigs_30.fasta 3_Project/3.4_Dataset_30/10_pharokka/pharokka_minced_spacers.txt 3_Project/3.4_Dataset_30/10_pharokka/pharokka_minced.gff
2024-09-26 23:42:58.021 | INFO     | processes:run_aragorn:854 - Running Aragorn.
2024-09-26 23:42:58.024 | INFO     | external_tools:run:50 - Started running aragorn -l -gcbact -w -m -o 3_Project/3.4_Dataset_30/10_pharokka/pharokka_aragorn.txt 3_Project/3.0_select_contigs/select_contigs_30.fasta ...
2024-09-26 23:42:58.479 | INFO     | external_tools:run:52 - Done running aragorn -l -gcbact -w -m -o 3_Project/3.4_Dataset_30/10_pharokka/pharokka_aragorn.txt 3_Project/3.0_select_contigs/select_contigs_30.fasta
2024-09-26 23:42:58.483 | INFO     | __main__:main:317 - Starting MMseqs2.
2024-09-26 23:42:58.486 | INFO     | processes:run_mmseqs:675 - Running MMseqs2 on PHROG Database.
2024-09-26 23:42:58.491 | INFO     | external_tools:run:50 - Started running mmseqs createdb 3_Project/3.4_Dataset_30/10_pharokka/phanotate_aas_tmp.fasta 3_Project/3.4_Dataset_30/10_pharokka/target_dir/target_seqs ...
2024-09-26 23:42:59.192 | INFO     | external_tools:run:52 - Done running mmseqs createdb 3_Project/3.4_Dataset_30/10_pharokka/phanotate_aas_tmp.fasta 3_Project/3.4_Dataset_30/10_pharokka/target_dir/target_seqs
2024-09-26 23:42:59.199 | INFO     | external_tools:run:50 - Started running mmseqs search -e 1E-05 /work/groups/VEO/databases/pharokka/v1.7.1/phrogs_profile_db 3_Project/3.4_Dataset_30/10_pharokka/target_dir/target_seqs 3_Project/3.4_Dataset_30/10_pharokka/mmseqs/results_mmseqs 3_Project/3.4_Dataset_30/10_pharokka/tmp_dir/ -s 8.5 --threads 10 ...
2024-09-26 23:44:57.193 | INFO     | external_tools:run:52 - Done running mmseqs search -e 1E-05 /work/groups/VEO/databases/pharokka/v1.7.1/phrogs_profile_db 3_Project/3.4_Dataset_30/10_pharokka/target_dir/target_seqs 3_Project/3.4_Dataset_30/10_pharokka/mmseqs/results_mmseqs 3_Project/3.4_Dataset_30/10_pharokka/tmp_dir/ -s 8.5 --threads 10
2024-09-26 23:44:57.202 | INFO     | external_tools:run:50 - Started running mmseqs createtsv /work/groups/VEO/databases/pharokka/v1.7.1/phrogs_profile_db 3_Project/3.4_Dataset_30/10_pharokka/target_dir/target_seqs 3_Project/3.4_Dataset_30/10_pharokka/mmseqs/results_mmseqs 3_Project/3.4_Dataset_30/10_pharokka/mmseqs_results.tsv --full-header --threads 10 ...
2024-09-26 23:44:57.524 | INFO     | external_tools:run:52 - Done running mmseqs createtsv /work/groups/VEO/databases/pharokka/v1.7.1/phrogs_profile_db 3_Project/3.4_Dataset_30/10_pharokka/target_dir/target_seqs 3_Project/3.4_Dataset_30/10_pharokka/mmseqs/results_mmseqs 3_Project/3.4_Dataset_30/10_pharokka/mmseqs_results.tsv --full-header --threads 10
2024-09-26 23:44:57.531 | INFO     | processes:run_mmseqs:675 - Running MMseqs2 on CARD Database.
2024-09-26 23:44:57.536 | INFO     | external_tools:run:50 - Started running mmseqs createdb 3_Project/3.4_Dataset_30/10_pharokka/phanotate_aas_tmp.fasta 3_Project/3.4_Dataset_30/10_pharokka/CARD_target_dir/target_seqs ...
2024-09-26 23:44:58.257 | INFO     | external_tools:run:52 - Done running mmseqs createdb 3_Project/3.4_Dataset_30/10_pharokka/phanotate_aas_tmp.fasta 3_Project/3.4_Dataset_30/10_pharokka/CARD_target_dir/target_seqs
2024-09-26 23:44:58.264 | INFO     | external_tools:run:50 - Started running mmseqs search --min-seq-id 0.8 -c 0.4 /work/groups/VEO/databases/pharokka/v1.7.1/CARD 3_Project/3.4_Dataset_30/10_pharokka/CARD_target_dir/target_seqs 3_Project/3.4_Dataset_30/10_pharokka/CARD/results_mmseqs 3_Project/3.4_Dataset_30/10_pharokka/CARD_dir/ -s 8.5 --threads 10 ...
2024-09-26 23:45:15.936 | INFO     | external_tools:run:52 - Done running mmseqs search --min-seq-id 0.8 -c 0.4 /work/groups/VEO/databases/pharokka/v1.7.1/CARD 3_Project/3.4_Dataset_30/10_pharokka/CARD_target_dir/target_seqs 3_Project/3.4_Dataset_30/10_pharokka/CARD/results_mmseqs 3_Project/3.4_Dataset_30/10_pharokka/CARD_dir/ -s 8.5 --threads 10
2024-09-26 23:45:15.942 | INFO     | external_tools:run:50 - Started running mmseqs createtsv /work/groups/VEO/databases/pharokka/v1.7.1/CARD 3_Project/3.4_Dataset_30/10_pharokka/CARD_target_dir/target_seqs 3_Project/3.4_Dataset_30/10_pharokka/CARD/results_mmseqs 3_Project/3.4_Dataset_30/10_pharokka/CARD_results.tsv --full-header --threads 10 ...
2024-09-26 23:45:16.145 | INFO     | external_tools:run:52 - Done running mmseqs createtsv /work/groups/VEO/databases/pharokka/v1.7.1/CARD 3_Project/3.4_Dataset_30/10_pharokka/CARD_target_dir/target_seqs 3_Project/3.4_Dataset_30/10_pharokka/CARD/results_mmseqs 3_Project/3.4_Dataset_30/10_pharokka/CARD_results.tsv --full-header --threads 10
2024-09-26 23:45:16.153 | INFO     | processes:run_mmseqs:675 - Running MMseqs2 on VFDB Database.
2024-09-26 23:45:16.159 | INFO     | external_tools:run:50 - Started running mmseqs createdb 3_Project/3.4_Dataset_30/10_pharokka/phanotate_aas_tmp.fasta 3_Project/3.4_Dataset_30/10_pharokka/VFDB_target_dir/target_seqs ...
2024-09-26 23:45:16.879 | INFO     | external_tools:run:52 - Done running mmseqs createdb 3_Project/3.4_Dataset_30/10_pharokka/phanotate_aas_tmp.fasta 3_Project/3.4_Dataset_30/10_pharokka/VFDB_target_dir/target_seqs
2024-09-26 23:45:16.886 | INFO     | external_tools:run:50 - Started running mmseqs search --min-seq-id 0.8 -c 0.4 /work/groups/VEO/databases/pharokka/v1.7.1/vfdb 3_Project/3.4_Dataset_30/10_pharokka/VFDB_target_dir/target_seqs 3_Project/3.4_Dataset_30/10_pharokka/VFDB/results_mmseqs 3_Project/3.4_Dataset_30/10_pharokka/VFDB_dir/ -s 8.5 --threads 10 ...
2024-09-26 23:45:46.670 | INFO     | external_tools:run:52 - Done running mmseqs search --min-seq-id 0.8 -c 0.4 /work/groups/VEO/databases/pharokka/v1.7.1/vfdb 3_Project/3.4_Dataset_30/10_pharokka/VFDB_target_dir/target_seqs 3_Project/3.4_Dataset_30/10_pharokka/VFDB/results_mmseqs 3_Project/3.4_Dataset_30/10_pharokka/VFDB_dir/ -s 8.5 --threads 10
2024-09-26 23:45:46.677 | INFO     | external_tools:run:50 - Started running mmseqs createtsv /work/groups/VEO/databases/pharokka/v1.7.1/vfdb 3_Project/3.4_Dataset_30/10_pharokka/VFDB_target_dir/target_seqs 3_Project/3.4_Dataset_30/10_pharokka/VFDB/results_mmseqs 3_Project/3.4_Dataset_30/10_pharokka/vfdb_results.tsv --full-header --threads 10 ...
2024-09-26 23:45:46.921 | INFO     | external_tools:run:52 - Done running mmseqs createtsv /work/groups/VEO/databases/pharokka/v1.7.1/vfdb 3_Project/3.4_Dataset_30/10_pharokka/VFDB_target_dir/target_seqs 3_Project/3.4_Dataset_30/10_pharokka/VFDB/results_mmseqs 3_Project/3.4_Dataset_30/10_pharokka/vfdb_results.tsv --full-header --threads 10
2024-09-26 23:45:46.929 | INFO     | __main__:main:348 - Running PyHMMER on PHROGs.
2024-09-26 23:47:05.711 | INFO     | __main__:main:364 - Post Processing Output.
2024-09-26 23:47:05.974 | INFO     | post_processing:create_mmseqs_tophits:2146 - Processing MMseqs2 outputs.
2024-09-26 23:47:05.977 | INFO     | post_processing:create_mmseqs_tophits:2147 - Processing PHROGs output.
2024-09-26 23:47:06.857 | INFO     | post_processing:process_vfdb_results:2351 - Processing VFDB output.
2024-09-26 23:47:06.871 | INFO     | post_processing:process_vfdb_results:2437 - 0 VFDB virulence factors identified.
2024-09-26 23:47:06.874 | INFO     | post_processing:process_card_results:2455 - Processing CARD output.
2024-09-26 23:47:06.891 | INFO     | post_processing:process_card_results:2578 - 0 CARD AMR genes identified.
2024-09-26 23:47:07.560 | INFO     | __main__:main:435 - Converting gff to genbank.
2024-09-26 23:47:08.081 | INFO     | post_processing:extract_terl:1982 - Terminase large subunit found.
2024-09-26 23:47:08.084 | INFO     | post_processing:extract_terl:1985 - More than one CDS annotated as terminase large subunit found. 
Saving all.
2024-09-26 23:47:08.243 | INFO     | __main__:main:453 - Finding the closest match for each contig in INPHARED using mash.
2024-09-26 23:47:08.247 | INFO     | external_tools:run:50 - Started running mash sketch 3_Project/3.0_select_contigs/select_contigs_30.fasta -o 3_Project/3.4_Dataset_30/10_pharokka/input_mash_sketch.msh -i ...
2024-09-26 23:47:08.424 | INFO     | external_tools:run:52 - Done running mash sketch 3_Project/3.0_select_contigs/select_contigs_30.fasta -o 3_Project/3.4_Dataset_30/10_pharokka/input_mash_sketch.msh -i
2024-09-26 23:47:08.428 | INFO     | external_tools:run_to_stdout:59 - Started running mash dist 3_Project/3.4_Dataset_30/10_pharokka/input_mash_sketch.msh /work/groups/VEO/databases/pharokka/v1.7.1/1Aug2023_genomes.fa.msh -d 0.2 -i ...
2024-09-26 23:47:19.073 | INFO     | external_tools:run_to_stdout:61 - Done running mash dist 3_Project/3.4_Dataset_30/10_pharokka/input_mash_sketch.msh /work/groups/VEO/databases/pharokka/v1.7.1/1Aug2023_genomes.fa.msh -d 0.2 -i
2024-09-26 23:47:19.472 | INFO     | __main__:main:473 - Pharokka has finished.
2024-09-26 23:47:19.475 | INFO     | __main__:main:474 - Elapsed time: 390.46 seconds
2024-09-26 23:47:19.477 | INFO     | __main__:main:476 - If you use Pharokka in your research, please cite:
2024-09-26 23:47:19.479 | INFO     | __main__:main:477 - George Bouras, Roshan Nepal, Ghais Houtak, Alkis James Psaltis, Peter-John Wormald, Sarah Vreugde.
2024-09-26 23:47:19.481 | INFO     | __main__:main:480 - Pharokka: a fast scalable bacteriophage annotation tool.
2024-09-26 23:47:19.484 | INFO     | __main__:main:481 - Bioinformatics, Volume 39, Issue 1, January 2023, btac776.
2024-09-26 23:47:19.486 | INFO     | __main__:main:482 - https://doi.org/10.1093/bioinformatics/btac776.
2024-09-26 23:47:19.489 | INFO     | __main__:main:483 - You should also cite the full list of tools Pharokka uses, which can be found at https://github.com/gbouras13/pharokka#citation.
