2024-09-26 09:14:55.695 | INFO     | phold.utils.validation:instantiate_dirs:70 - Checking the output directory 3_Project/3.2_subsampled_phold/40_phold_plot_fasta
2024-09-26 09:14:55.715 | INFO     | phold.utils.validation:instantiate_dirs:76 - --force was specified even though the output directory does not already exist. Continuing
2024-09-26 09:14:55.745 | INFO     | phold.utils.util:begin_phold:72 - phold: annotating phage genomes with protein structures
2024-09-26 09:14:55.751 | INFO     | phold.utils.util:begin_phold:74 - You are using phold version 0.2.0
2024-09-26 09:14:55.756 | INFO     | phold.utils.util:begin_phold:75 - Repository homepage is https://github.com/gbouras13/phold
2024-09-26 09:14:55.761 | INFO     | phold.utils.util:begin_phold:76 - You are running phold plot
2024-09-26 09:14:55.766 | INFO     | phold.utils.util:begin_phold:77 - Listing parameters
2024-09-26 09:14:55.771 | INFO     | phold.utils.util:begin_phold:79 - Parameter: --input 3_Project/3.2_subsampled_phold/30_phold_on_fasta/phold.gbk
2024-09-26 09:14:55.776 | INFO     | phold.utils.util:begin_phold:79 - Parameter: --output 3_Project/3.2_subsampled_phold/40_phold_plot_fasta
2024-09-26 09:14:55.780 | INFO     | phold.utils.util:begin_phold:79 - Parameter: --force True
2024-09-26 09:14:55.785 | INFO     | phold.utils.util:begin_phold:79 - Parameter: --prefix phold
2024-09-26 09:14:55.790 | INFO     | phold.utils.util:begin_phold:79 - Parameter: --all False
2024-09-26 09:14:55.796 | INFO     | phold.utils.util:begin_phold:79 - Parameter: --plot_title None
2024-09-26 09:14:55.801 | INFO     | phold.utils.util:begin_phold:79 - Parameter: --label_hypotheticals False
2024-09-26 09:14:55.806 | INFO     | phold.utils.util:begin_phold:79 - Parameter: --remove_other_features_labels False
2024-09-26 09:14:55.811 | INFO     | phold.utils.util:begin_phold:79 - Parameter: --title_size 20.0
2024-09-26 09:14:55.817 | INFO     | phold.utils.util:begin_phold:79 - Parameter: --label_size 8
2024-09-26 09:14:55.821 | INFO     | phold.utils.util:begin_phold:79 - Parameter: --interval 5000
2024-09-26 09:14:55.826 | INFO     | phold.utils.util:begin_phold:79 - Parameter: --truncate 20
2024-09-26 09:14:55.831 | INFO     | phold.utils.util:begin_phold:79 - Parameter: --dpi 600
2024-09-26 09:14:55.836 | INFO     | phold.utils.util:begin_phold:79 - Parameter: --annotations 1.0
2024-09-26 09:14:55.840 | INFO     | phold.utils.util:begin_phold:79 - Parameter: --label_ids None
2024-09-26 09:14:55.845 | INFO     | phold.io.handle_genbank:get_genbank:57 - Checking if input 3_Project/3.2_subsampled_phold/30_phold_on_fasta/phold.gbk is a Genbank file
2024-09-26 09:14:55.949 | INFO     | phold.utils.validation:validate_input:50 - Successfully parsed input 3_Project/3.2_subsampled_phold/30_phold_on_fasta/phold.gbk as a Genbank format file
2024-09-26 09:14:55.993 | INFO     | phold:plot:1348 - Plotting contig_1062
2024-09-26 09:14:59.004 | INFO     | phold:plot:1348 - Plotting contig_1096
2024-09-26 09:15:02.176 | INFO     | phold:plot:1348 - Plotting contig_1169
2024-09-26 09:15:04.916 | INFO     | phold:plot:1348 - Plotting contig_1459
2024-09-26 09:15:07.532 | INFO     | phold:plot:1348 - Plotting contig_1460
2024-09-26 09:15:10.176 | INFO     | phold:plot:1348 - Plotting contig_200
2024-09-26 09:15:13.497 | INFO     | phold:plot:1348 - Plotting contig_267
2024-09-26 09:15:16.528 | INFO     | phold:plot:1348 - Plotting contig_400
2024-09-26 09:15:19.135 | INFO     | phold:plot:1348 - Plotting contig_58
2024-09-26 09:15:22.379 | INFO     | phold:plot:1348 - Plotting contig_644
2024-09-26 09:15:25.359 | INFO     | phold:plot:1348 - Plotting contig_815
2024-09-26 09:15:28.368 | INFO     | phold:plot:1348 - Plotting contig_820
