/home/groups/VEO/tools/quast/v5.2.0/quast.py -o 1.2_assembly/30_results_assessment_quast/cross_assembly 1.2_assembly/10_results_assembly_flye/cross_assembly/assembly.fasta

Version: 5.2.0

System information:
  OS: Linux-4.18.0-425.13.1.el8_7.x86_64-x86_64-with-glibc2.28 (linux_64)
  Python version: 3.12.2
  CPUs number: 96

Started: 2024-09-18 12:24:36

Logging to /home/qe76qox/Viromics-Bioinformatics/1.2_assembly/30_results_assessment_quast/cross_assembly/quast.log
NOTICE: Maximum number of threads is set to 24 (use --threads option to set it manually)

CWD: /home/qe76qox/Viromics-Bioinformatics
Main parameters: 
  MODE: default, threads: 24, min contig length: 500, min alignment length: 65, min alignment IDY: 95.0, \
  ambiguity: one, min local misassembly length: 200, min extensive misassembly length: 1000

WARNING: Can't draw plots: python-matplotlib is missing or corrupted.

Contigs:
  Pre-processing...
  1.2_assembly/10_results_assembly_flye/cross_assembly/assembly.fasta ==> assembly

2024-09-18 12:24:38
Running Basic statistics processor...
  Contig files: 
    assembly
  Calculating N50 and L50...
    assembly, N50 = 22094, L50 = 218, auN = 25740.1, Total length = 15511574, GC % = 47.82, # N's per 100 kbp =  0.00
Done.

NOTICE: Genes are not predicted by default. Use --gene-finding or --glimmer option to enable it.

2024-09-18 12:24:40
Creating large visual summaries...
This may take a while: press Ctrl-C to skip this step..
  1 of 1: Creating Icarus viewers...
Done

2024-09-18 12:24:41
RESULTS:
  Text versions of total report are saved to /home/qe76qox/Viromics-Bioinformatics/1.2_assembly/30_results_assessment_quast/cross_assembly/report.txt, report.tsv, and report.tex
  Text versions of transposed total report are saved to /home/qe76qox/Viromics-Bioinformatics/1.2_assembly/30_results_assessment_quast/cross_assembly/transposed_report.txt, transposed_report.tsv, and transposed_report.tex
  HTML version (interactive tables and plots) is saved to /home/qe76qox/Viromics-Bioinformatics/1.2_assembly/30_results_assessment_quast/cross_assembly/report.html
  Icarus (contig browser) is saved to /home/qe76qox/Viromics-Bioinformatics/1.2_assembly/30_results_assessment_quast/cross_assembly/icarus.html
  Log is saved to /home/qe76qox/Viromics-Bioinformatics/1.2_assembly/30_results_assessment_quast/cross_assembly/quast.log

Finished: 2024-09-18 12:24:41
Elapsed time: 0:00:05.198571
NOTICEs: 2; WARNINGs: 1; non-fatal ERRORs: 0

Thank you for using QUAST!
