createdb 2.2_taxonomy/20_genomad_results/assembly_annotate/assembly_proteins.faa 2.2_taxonomy/20_genomad_results/assembly_annotate/assembly_mmseqs2/query_db/query_db 

MMseqs Version:       	14.7e284
Database type         	0
Shuffle input database	true
Createdb mode         	0
Write lookup file     	1
Offset of numeric ids 	0
Compressed            	0
Verbosity             	3

Converting sequences
[=
Time for merging to query_db_h: 0h 0m 0s 600ms
Time for merging to query_db: 0h 0m 0s 555ms
Database type: Aminoacid
Time for processing: 0h 0m 2s 528ms
search 2.2_taxonomy/20_genomad_results/assembly_annotate/assembly_mmseqs2/query_db/query_db /work/groups/VEO/databases/geNomad/v1.3/genomad_db 2.2_taxonomy/20_genomad_results/assembly_annotate/assembly_mmseqs2/search_db/search_db 2.2_taxonomy/20_genomad_results/assembly_annotate/assembly_mmseqs2/tmp --threads 10 -s 4.2 --cov-mode 1 -c 0.2 -e 0.001 --split 0 --split-mode 0 --max-seqs 1000000 --min-ungapped-score 20 --max-rejected 225 

MMseqs Version:                        	14.7e284
Substitution matrix                    	aa:blosum62.out,nucl:nucleotide.out
Add backtrace                          	false
Alignment mode                         	2
Alignment mode                         	0
Allow wrapped scoring                  	false
E-value threshold                      	0.001
Seq. id. threshold                     	0
Min alignment length                   	0
Seq. id. mode                          	0
Alternative alignments                 	0
Coverage threshold                     	0.2
Coverage mode                          	1
Max sequence length                    	65535
Compositional bias                     	1
Compositional bias                     	1
Max reject                             	225
Max accept                             	2147483647
Include identical seq. id.             	false
Preload mode                           	0
Pseudo count a                         	substitution:1.100,context:1.400
Pseudo count b                         	substitution:4.100,context:5.800
Score bias                             	0
Realign hits                           	false
Realign score bias                     	-0.2
Realign max seqs                       	2147483647
Correlation score weight               	0
Gap open cost                          	aa:11,nucl:5
Gap extension cost                     	aa:1,nucl:2
Zdrop                                  	40
Threads                                	10
Compressed                             	0
Verbosity                              	3
Seed substitution matrix               	aa:VTML80.out,nucl:nucleotide.out
Sensitivity                            	4.2
k-mer length                           	5
k-score                                	seq:2147483647,prof:2147483647
Alphabet size                          	aa:21,nucl:5
Max results per query                  	1000000
Split database                         	0
Split mode                             	0
Split memory limit                     	0
Diagonal scoring                       	true
Exact k-mer matching                   	0
Mask residues                          	1
Mask residues probability              	0.9
Mask lower case residues               	0
Minimum diagonal score                 	20
Selected taxa                          	
Spaced k-mers                          	1
Spaced k-mer pattern                   	
Local temporary path                   	
Rescore mode                           	0
Remove hits by seq. id. and coverage   	false
Sort results                           	0
Mask profile                           	1
Profile E-value threshold              	0.1
Global sequence weighting              	false
Allow deletions                        	false
Filter MSA                             	1
Use filter only at N seqs              	0
Maximum seq. id. threshold             	0.9
Minimum seq. id.                       	0.0
Minimum score per column               	-20
Minimum coverage                       	0
Select N most diverse seqs             	1000
Pseudo count mode                      	0
Gap pseudo count                       	10
Min codons in orf                      	30
Max codons in length                   	32734
Max orf gaps                           	2147483647
Contig start mode                      	2
Contig end mode                        	2
Orf start mode                         	1
Forward frames                         	1,2,3
Reverse frames                         	1,2,3
Translation table                      	1
Translate orf                          	0
Use all table starts                   	false
Offset of numeric ids                  	0
Create lookup                          	0
Add orf stop                           	false
Overlap between sequences              	0
Sequence split mode                    	1
Header split mode                      	0
Chain overlapping alignments           	0
Merge query                            	1
Search type                            	0
Search iterations                      	1
Start sensitivity                      	4
Search steps                           	1
Exhaustive search mode                 	false
Filter results during exhaustive search	0
Strand selection                       	1
LCA search mode                        	false
Disk space limit                       	0
MPI runner                             	
Force restart with latest tmp          	false
Remove temporary files                 	false

prefilter 2.2_taxonomy/20_genomad_results/assembly_annotate/assembly_mmseqs2/query_db/query_db /work/groups/VEO/databases/geNomad/v1.3/genomad_db 2.2_taxonomy/20_genomad_results/assembly_annotate/assembly_mmseqs2/tmp/16668798472005969529/pref --sub-mat 'aa:blosum62.out,nucl:nucleotide.out' --seed-sub-mat 'aa:VTML80.out,nucl:nucleotide.out' -s 4.2 -k 5 --k-score seq:2147483647,prof:2147483647 --alph-size aa:21,nucl:5 --max-seq-len 65535 --max-seqs 1000000 --split 0 --split-mode 0 --split-memory-limit 0 -c 0.2 --cov-mode 1 --comp-bias-corr 1 --comp-bias-corr-scale 1 --diag-score 1 --exact-kmer-matching 0 --mask 1 --mask-prob 0.9 --mask-lower-case 0 --min-ungapped-score 20 --add-self-matches 0 --spaced-kmer-mode 1 --db-load-mode 0 --pca substitution:1.100,context:1.400 --pcb substitution:4.100,context:5.800 --threads 10 --compressed 0 -v 3 

Query database size: 12883 type: Aminoacid
Estimated memory consumption: 1G
Target database size: 227897 type: Profile
Process prefiltering step 1 of 1

Index table k-mer threshold: 89 at k-mer size 5 
Index table: counting k-mers
[=================================================================] 227.90K 25s 706ms
Index table: Masked residues: 0
Index table: fill
[=================================================================] 227.90K 1m 4s 270ms
Index statistics
Entries:          2936647643
DB size:          16834 MB
Avg k-mer size:   719.043834
Top 10 k-mers
    WWWPP	9055
    PPPWW	8432
    GWWPW	8260
    PPWWW	8243
    DPWWW	8004
    PDWWW	7855
    PWPWW	7809
    DPPWW	7754
    WPPWW	7661
    GWPWW	7598
Time for index table init: 0h 1m 44s 573ms
k-mer similarity threshold: 89
Starting prefiltering scores calculation (step 1 of 1)
Query db start 1 to 12883
Target db start 1 to 227897
[=================================================================] 12.88K 1s 48ms

0.860702 k-mers per position
59932 DB matches per sequence
0 overflows
0 queries produce too many hits (truncated result)
221 sequences passed prefiltering per query sequence
150 median result list length
9 sequences with 0 size result lists
Time for merging to pref: 0h 0m 0s 221ms
Time for processing: 0h 1m 46s 673ms
swapresults 2.2_taxonomy/20_genomad_results/assembly_annotate/assembly_mmseqs2/query_db/query_db /work/groups/VEO/databases/geNomad/v1.3/genomad_db 2.2_taxonomy/20_genomad_results/assembly_annotate/assembly_mmseqs2/tmp/16668798472005969529/pref 2.2_taxonomy/20_genomad_results/assembly_annotate/assembly_mmseqs2/tmp/16668798472005969529/pref_swapped --sub-mat 'aa:blosum62.out,nucl:nucleotide.out' -e 0.001 --split-memory-limit 0 --gap-open aa:11,nucl:5 --gap-extend aa:1,nucl:2 --threads 10 --compressed 0 --db-load-mode 0 -v 3 

Computing offsets.
[=================================================================] 12.88K 0s 85ms

Reading results.
[=================================================================] 12.88K 0s 42ms

Output database: 2.2_taxonomy/20_genomad_results/assembly_annotate/assembly_mmseqs2/tmp/16668798472005969529/pref_swapped
[=================================================================] 227.90K 0s 152ms

Time for merging to pref_swapped: 0h 0m 1s 617ms
Time for processing: 0h 0m 2s 179ms
align /work/groups/VEO/databases/geNomad/v1.3/genomad_db 2.2_taxonomy/20_genomad_results/assembly_annotate/assembly_mmseqs2/query_db/query_db 2.2_taxonomy/20_genomad_results/assembly_annotate/assembly_mmseqs2/tmp/16668798472005969529/pref_swapped 2.2_taxonomy/20_genomad_results/assembly_annotate/assembly_mmseqs2/tmp/16668798472005969529/aln_swapped --sub-mat 'aa:blosum62.out,nucl:nucleotide.out' -a 0 --alignment-mode 2 --alignment-output-mode 0 --wrapped-scoring 0 -e 0.001 --min-seq-id 0 --min-aln-len 0 --seq-id-mode 0 --alt-ali 0 -c 0.2 --cov-mode 2 --max-seq-len 65535 --comp-bias-corr 1 --comp-bias-corr-scale 1 --max-rejected 225 --max-accept 2147483647 --add-self-matches 0 --db-load-mode 0 --pca substitution:1.100,context:1.400 --pcb substitution:4.100,context:5.800 --score-bias 0 --realign 0 --realign-score-bias -0.2 --realign-max-seqs 2147483647 --corr-score-weight 0 --gap-open aa:11,nucl:5 --gap-extend aa:1,nucl:2 --zdrop 40 --threads 10 --compressed 0 -v 3 

Compute score and coverage
Query database size: 227897 type: Profile
Target database size: 12883 type: Aminoacid
Calculation of alignments
[=================================================================] 227.90K 10s 341ms
Time for merging to aln_swapped: 0h 0m 1s 420ms
2375570 alignments calculated
55773 sequence pairs passed the thresholds (0.023478 of overall calculated)
0.244729 hits per query sequence
Time for processing: 0h 0m 12s 133ms
swapresults /work/groups/VEO/databases/geNomad/v1.3/genomad_db 2.2_taxonomy/20_genomad_results/assembly_annotate/assembly_mmseqs2/query_db/query_db 2.2_taxonomy/20_genomad_results/assembly_annotate/assembly_mmseqs2/tmp/16668798472005969529/aln_swapped 2.2_taxonomy/20_genomad_results/assembly_annotate/assembly_mmseqs2/search_db/search_db --sub-mat 'aa:blosum62.out,nucl:nucleotide.out' -e 0.001 --split-memory-limit 0 --gap-open aa:11,nucl:5 --gap-extend aa:1,nucl:2 --threads 10 --compressed 0 --db-load-mode 0 -v 3 

Computing offsets.
[=================================================================] 227.90K 0s 48ms

Reading results.
[=================================================================] 227.90K 0s 20ms

Output database: 2.2_taxonomy/20_genomad_results/assembly_annotate/assembly_mmseqs2/search_db/search_db
[=================================================================] 12.88K 0s 93ms

Time for merging to search_db: 0h 0m 0s 211ms
Time for processing: 0h 0m 0s 738ms
filterdb 2.2_taxonomy/20_genomad_results/assembly_annotate/assembly_mmseqs2/search_db/search_db 2.2_taxonomy/20_genomad_results/assembly_annotate/assembly_mmseqs2/besthit_db/besthit_db --extract-lines 1 

MMseqs Version:              	14.7e284
Filter expression            	
Filter column                	1
Column to take               	-1
Filter regex                 	^.*$
Positive filter              	true
Filter file                  	
Beats first                  	false
Mapping file                 	
Trim to one column           	false
Extract N lines              	1
Numerical comparison operator	
Numerical comparison value   	0
Sort entries                 	0
Include identical seq. id.   	false
join to DB                   	
Threads                      	96
Compressed                   	0
Verbosity                    	3

Filtering by extracting the first 1 lines
[=================================================================] 12.88K 0s 58ms
Time for merging to besthit_db: 0h 0m 1s 346ms
Time for processing: 0h 0m 3s 71ms
convertalis 2.2_taxonomy/20_genomad_results/assembly_annotate/assembly_mmseqs2/query_db/query_db /work/groups/VEO/databases/geNomad/v1.3/genomad_db 2.2_taxonomy/20_genomad_results/assembly_annotate/assembly_mmseqs2/besthit_db/besthit_db 2.2_taxonomy/20_genomad_results/assembly_annotate/assembly_mmseqs2.tsv --format-output qheader,target,evalue,bits,taxid --threads 10 

MMseqs Version:        	14.7e284
Substitution matrix    	aa:blosum62.out,nucl:nucleotide.out
Alignment format       	0
Format alignment output	qheader,target,evalue,bits,taxid
Translation table      	1
Gap open cost          	aa:11,nucl:5
Gap extension cost     	aa:1,nucl:2
Database output        	false
Preload mode           	0
Search type            	0
Threads                	10
Compressed             	0
Verbosity              	3

[=================================================================] 12.88K 0s 94ms
Time for merging to assembly_mmseqs2.tsv: 0h 0m 0s 268ms
Time for processing: 0h 0m 1s 408ms
