/var/spool/slurm/d/job2130539/slurm_script: line 41: idir: command not found
usage: vclust.py prefilter -i <file> -o <file> [-k <int>] [--min-kmers <int>]
                           [--min-ident <float>] [--batch-size <int>]
                           [--keep_temp] [--bin <file>] [--bin-fasta <file>]
                           [-t <int>] [-v] [-h]
vclust.py prefilter: error: argument -i/--in: input does not exist: /assembly.fasta
usage: vclust.py align -i <file> -o <file> [--filter <file>]
                       [--filter-threshold <float>] [--outfmt <str>]
                       [--out-ani <float>] [--out-tani <float>]
                       [--out-gani <float>] [--out-cov <float>] [--bin <file>]
                       [--mal <int>] [--msl <int>] [--mrd <int>] [--mqd <int>]
                       [--reg <int>] [--aw <int>] [--am <int>] [--ar <int>]
                       [-t <int>] [-v] [-h]
vclust.py align: error: argument -i/--in: input does not exist: /assembly.fasta
usage: vclust.py cluster -i <file> -o <file> --ids <file> [-r]
                         [--algorithm <str>] [--metric <str>] [--tani <float>]
                         [--gani <float>] [--ani <float>] [--cov <float>]
                         [--num_alns <int>] [--leiden-resolution <float>]
                         [--bin <file>] [-v] [-h]
vclust.py cluster: error: argument -i/--in: input does not exist: 1.2_assembly/20_results_assessment_vclust/single_assemblies/ani.tsv
usage: vclust.py cluster -i <file> -o <file> --ids <file> [-r]
                         [--algorithm <str>] [--metric <str>] [--tani <float>]
                         [--gani <float>] [--ani <float>] [--cov <float>]
                         [--num_alns <int>] [--leiden-resolution <float>]
                         [--bin <file>] [-v] [-h]
vclust.py cluster: error: argument -i/--in: input does not exist: 1.2_assembly/20_results_assessment_vclust/single_assemblies/ani.tsv
usage: vclust.py cluster -i <file> -o <file> --ids <file> [-r]
                         [--algorithm <str>] [--metric <str>] [--tani <float>]
                         [--gani <float>] [--ani <float>] [--cov <float>]
                         [--num_alns <int>] [--leiden-resolution <float>]
                         [--bin <file>] [-v] [-h]
vclust.py cluster: error: argument -i/--in: input does not exist: 1.2_assembly/20_results_assessment_vclust/single_assemblies/ani.tsv
usage: vclust.py cluster -i <file> -o <file> --ids <file> [-r]
                         [--algorithm <str>] [--metric <str>] [--tani <float>]
                         [--gani <float>] [--ani <float>] [--cov <float>]
                         [--num_alns <int>] [--leiden-resolution <float>]
                         [--bin <file>] [-v] [-h]
vclust.py cluster: error: argument -i/--in: input does not exist: 1.2_assembly/20_results_assessment_vclust/single_assemblies/ani.tsv
Traceback (most recent call last):
  File "/home/qe76qox/Viromics-Bioinformatics/python_scripts/assembly/20_run_filter_representatives.py", line 30, in <module>
    main()
  File "/home/qe76qox/Viromics-Bioinformatics/python_scripts/assembly/20_run_filter_representatives.py", line 16, in main
    cluster_reps_df = pd.read_csv(cluster_reps_filename, sep='\t')
  File "/home/qe76qox/Viromics-Bioinformatics/py3env/lib64/python3.9/site-packages/pandas/io/parsers/readers.py", line 1026, in read_csv
    return _read(filepath_or_buffer, kwds)
  File "/home/qe76qox/Viromics-Bioinformatics/py3env/lib64/python3.9/site-packages/pandas/io/parsers/readers.py", line 620, in _read
    parser = TextFileReader(filepath_or_buffer, **kwds)
  File "/home/qe76qox/Viromics-Bioinformatics/py3env/lib64/python3.9/site-packages/pandas/io/parsers/readers.py", line 1620, in __init__
    self._engine = self._make_engine(f, self.engine)
  File "/home/qe76qox/Viromics-Bioinformatics/py3env/lib64/python3.9/site-packages/pandas/io/parsers/readers.py", line 1880, in _make_engine
    self.handles = get_handle(
  File "/home/qe76qox/Viromics-Bioinformatics/py3env/lib64/python3.9/site-packages/pandas/io/common.py", line 873, in get_handle
    handle = open(
FileNotFoundError: [Errno 2] No such file or directory: '/home/qe76qox/Viromics-Bioinformatics/1.2_assembly/20_results_assessment_vclust/single_assemblies/clusterreps.tsv'
/var/spool/slurm/d/job2130539/slurm_script: line 41: idir: command not found
usage: vclust.py prefilter -i <file> -o <file> [-k <int>] [--min-kmers <int>]
                           [--min-ident <float>] [--batch-size <int>]
                           [--keep_temp] [--bin <file>] [--bin-fasta <file>]
                           [-t <int>] [-v] [-h]
vclust.py prefilter: error: argument -i/--in: input does not exist: /assembly.fasta
usage: vclust.py align -i <file> -o <file> [--filter <file>]
                       [--filter-threshold <float>] [--outfmt <str>]
                       [--out-ani <float>] [--out-tani <float>]
                       [--out-gani <float>] [--out-cov <float>] [--bin <file>]
                       [--mal <int>] [--msl <int>] [--mrd <int>] [--mqd <int>]
                       [--reg <int>] [--aw <int>] [--am <int>] [--ar <int>]
                       [-t <int>] [-v] [-h]
vclust.py align: error: argument -i/--in: input does not exist: /assembly.fasta
usage: vclust.py cluster -i <file> -o <file> --ids <file> [-r]
                         [--algorithm <str>] [--metric <str>] [--tani <float>]
                         [--gani <float>] [--ani <float>] [--cov <float>]
                         [--num_alns <int>] [--leiden-resolution <float>]
                         [--bin <file>] [-v] [-h]
vclust.py cluster: error: argument -i/--in: input does not exist: 1.2_assembly/20_results_assessment_vclust/single_assemblies/ani.tsv
usage: vclust.py cluster -i <file> -o <file> --ids <file> [-r]
                         [--algorithm <str>] [--metric <str>] [--tani <float>]
                         [--gani <float>] [--ani <float>] [--cov <float>]
                         [--num_alns <int>] [--leiden-resolution <float>]
                         [--bin <file>] [-v] [-h]
vclust.py cluster: error: argument -i/--in: input does not exist: 1.2_assembly/20_results_assessment_vclust/single_assemblies/ani.tsv
usage: vclust.py cluster -i <file> -o <file> --ids <file> [-r]
                         [--algorithm <str>] [--metric <str>] [--tani <float>]
                         [--gani <float>] [--ani <float>] [--cov <float>]
                         [--num_alns <int>] [--leiden-resolution <float>]
                         [--bin <file>] [-v] [-h]
vclust.py cluster: error: argument -i/--in: input does not exist: 1.2_assembly/20_results_assessment_vclust/single_assemblies/ani.tsv
usage: vclust.py cluster -i <file> -o <file> --ids <file> [-r]
                         [--algorithm <str>] [--metric <str>] [--tani <float>]
                         [--gani <float>] [--ani <float>] [--cov <float>]
                         [--num_alns <int>] [--leiden-resolution <float>]
                         [--bin <file>] [-v] [-h]
vclust.py cluster: error: argument -i/--in: input does not exist: 1.2_assembly/20_results_assessment_vclust/single_assemblies/ani.tsv
Traceback (most recent call last):
  File "/home/qe76qox/Viromics-Bioinformatics/python_scripts/assembly/20_run_filter_representatives.py", line 30, in <module>
    main()
  File "/home/qe76qox/Viromics-Bioinformatics/python_scripts/assembly/20_run_filter_representatives.py", line 16, in main
    cluster_reps_df = pd.read_csv(cluster_reps_filename, sep='\t')
  File "/home/qe76qox/Viromics-Bioinformatics/py3env/lib64/python3.9/site-packages/pandas/io/parsers/readers.py", line 1026, in read_csv
    return _read(filepath_or_buffer, kwds)
  File "/home/qe76qox/Viromics-Bioinformatics/py3env/lib64/python3.9/site-packages/pandas/io/parsers/readers.py", line 620, in _read
    parser = TextFileReader(filepath_or_buffer, **kwds)
  File "/home/qe76qox/Viromics-Bioinformatics/py3env/lib64/python3.9/site-packages/pandas/io/parsers/readers.py", line 1620, in __init__
    self._engine = self._make_engine(f, self.engine)
  File "/home/qe76qox/Viromics-Bioinformatics/py3env/lib64/python3.9/site-packages/pandas/io/parsers/readers.py", line 1880, in _make_engine
    self.handles = get_handle(
  File "/home/qe76qox/Viromics-Bioinformatics/py3env/lib64/python3.9/site-packages/pandas/io/common.py", line 873, in get_handle
    handle = open(
FileNotFoundError: [Errno 2] No such file or directory: '/home/qe76qox/Viromics-Bioinformatics/1.2_assembly/20_results_assessment_vclust/single_assemblies/clusterreps.tsv'
/var/spool/slurm/d/job2130539/slurm_script: line 41: idir: command not found
usage: vclust.py prefilter -i <file> -o <file> [-k <int>] [--min-kmers <int>]
                           [--min-ident <float>] [--batch-size <int>]
                           [--keep_temp] [--bin <file>] [--bin-fasta <file>]
                           [-t <int>] [-v] [-h]
vclust.py prefilter: error: argument -i/--in: input does not exist: /assembly.fasta
usage: vclust.py align -i <file> -o <file> [--filter <file>]
                       [--filter-threshold <float>] [--outfmt <str>]
                       [--out-ani <float>] [--out-tani <float>]
                       [--out-gani <float>] [--out-cov <float>] [--bin <file>]
                       [--mal <int>] [--msl <int>] [--mrd <int>] [--mqd <int>]
                       [--reg <int>] [--aw <int>] [--am <int>] [--ar <int>]
                       [-t <int>] [-v] [-h]
vclust.py align: error: argument -i/--in: input does not exist: /assembly.fasta
usage: vclust.py cluster -i <file> -o <file> --ids <file> [-r]
                         [--algorithm <str>] [--metric <str>] [--tani <float>]
                         [--gani <float>] [--ani <float>] [--cov <float>]
                         [--num_alns <int>] [--leiden-resolution <float>]
                         [--bin <file>] [-v] [-h]
vclust.py cluster: error: argument -i/--in: input does not exist: 1.2_assembly/20_results_assessment_vclust/single_assemblies/ani.tsv
usage: vclust.py cluster -i <file> -o <file> --ids <file> [-r]
                         [--algorithm <str>] [--metric <str>] [--tani <float>]
                         [--gani <float>] [--ani <float>] [--cov <float>]
                         [--num_alns <int>] [--leiden-resolution <float>]
                         [--bin <file>] [-v] [-h]
vclust.py cluster: error: argument -i/--in: input does not exist: 1.2_assembly/20_results_assessment_vclust/single_assemblies/ani.tsv
usage: vclust.py cluster -i <file> -o <file> --ids <file> [-r]
                         [--algorithm <str>] [--metric <str>] [--tani <float>]
                         [--gani <float>] [--ani <float>] [--cov <float>]
                         [--num_alns <int>] [--leiden-resolution <float>]
                         [--bin <file>] [-v] [-h]
vclust.py cluster: error: argument -i/--in: input does not exist: 1.2_assembly/20_results_assessment_vclust/single_assemblies/ani.tsv
usage: vclust.py cluster -i <file> -o <file> --ids <file> [-r]
                         [--algorithm <str>] [--metric <str>] [--tani <float>]
                         [--gani <float>] [--ani <float>] [--cov <float>]
                         [--num_alns <int>] [--leiden-resolution <float>]
                         [--bin <file>] [-v] [-h]
vclust.py cluster: error: argument -i/--in: input does not exist: 1.2_assembly/20_results_assessment_vclust/single_assemblies/ani.tsv
Traceback (most recent call last):
  File "/home/qe76qox/Viromics-Bioinformatics/python_scripts/assembly/20_run_filter_representatives.py", line 30, in <module>
    main()
  File "/home/qe76qox/Viromics-Bioinformatics/python_scripts/assembly/20_run_filter_representatives.py", line 16, in main
    cluster_reps_df = pd.read_csv(cluster_reps_filename, sep='\t')
  File "/home/qe76qox/Viromics-Bioinformatics/py3env/lib64/python3.9/site-packages/pandas/io/parsers/readers.py", line 1026, in read_csv
    return _read(filepath_or_buffer, kwds)
  File "/home/qe76qox/Viromics-Bioinformatics/py3env/lib64/python3.9/site-packages/pandas/io/parsers/readers.py", line 620, in _read
    parser = TextFileReader(filepath_or_buffer, **kwds)
  File "/home/qe76qox/Viromics-Bioinformatics/py3env/lib64/python3.9/site-packages/pandas/io/parsers/readers.py", line 1620, in __init__
    self._engine = self._make_engine(f, self.engine)
  File "/home/qe76qox/Viromics-Bioinformatics/py3env/lib64/python3.9/site-packages/pandas/io/parsers/readers.py", line 1880, in _make_engine
    self.handles = get_handle(
  File "/home/qe76qox/Viromics-Bioinformatics/py3env/lib64/python3.9/site-packages/pandas/io/common.py", line 873, in get_handle
    handle = open(
FileNotFoundError: [Errno 2] No such file or directory: '/home/qe76qox/Viromics-Bioinformatics/1.2_assembly/20_results_assessment_vclust/single_assemblies/clusterreps.tsv'
