2024-09-25 16:05:52.865 | INFO     | phold.utils.util:begin_phold:72 - phold: annotating phage genomes with protein structures
2024-09-25 16:05:52.871 | INFO     | phold.utils.util:begin_phold:74 - You are using phold version 0.2.0
2024-09-25 16:05:52.875 | INFO     | phold.utils.util:begin_phold:75 - Repository homepage is https://github.com/gbouras13/phold
2024-09-25 16:05:52.879 | INFO     | phold.utils.util:begin_phold:76 - You are running phold run
2024-09-25 16:05:52.883 | INFO     | phold.utils.util:begin_phold:77 - Listing parameters
2024-09-25 16:05:52.888 | INFO     | phold.utils.util:begin_phold:79 - Parameter: --input 3_Project/3.0_select_contigs/select_contigs.gbk
2024-09-25 16:05:52.893 | INFO     | phold.utils.util:begin_phold:79 - Parameter: --output 3_Project/3.2_subsampled_phold/10_phold_on_pharoka
2024-09-25 16:05:52.897 | INFO     | phold.utils.util:begin_phold:79 - Parameter: --threads 96
2024-09-25 16:05:52.902 | INFO     | phold.utils.util:begin_phold:79 - Parameter: --force False
2024-09-25 16:05:52.906 | INFO     | phold.utils.util:begin_phold:79 - Parameter: --prefix phold
2024-09-25 16:05:52.912 | INFO     | phold.utils.util:begin_phold:79 - Parameter: --evalue 0.001
2024-09-25 16:05:52.916 | INFO     | phold.utils.util:begin_phold:79 - Parameter: --database /veodata/01/databases/phold/v240724/
2024-09-25 16:05:52.921 | INFO     | phold.utils.util:begin_phold:79 - Parameter: --batch_size 1
2024-09-25 16:05:52.926 | INFO     | phold.utils.util:begin_phold:79 - Parameter: --sensitivity 9.5
2024-09-25 16:05:52.930 | INFO     | phold.utils.util:begin_phold:79 - Parameter: --keep_tmp_files False
2024-09-25 16:05:52.935 | INFO     | phold.utils.util:begin_phold:79 - Parameter: --cpu True
2024-09-25 16:05:52.940 | INFO     | phold.utils.util:begin_phold:79 - Parameter: --omit_probs False
2024-09-25 16:05:52.944 | INFO     | phold.utils.util:begin_phold:79 - Parameter: --finetune False
2024-09-25 16:05:52.949 | INFO     | phold.utils.util:begin_phold:79 - Parameter: --finetune_path None
2024-09-25 16:05:52.954 | INFO     | phold.utils.util:begin_phold:79 - Parameter: --card_vfdb_evalue 1e-10
2024-09-25 16:05:52.959 | INFO     | phold.utils.util:begin_phold:79 - Parameter: --separate False
2024-09-25 16:05:52.964 | INFO     | phold.utils.util:begin_phold:79 - Parameter: --max_seqs 10000
2024-09-25 16:05:52.970 | INFO     | phold.utils.util:begin_phold:79 - Parameter: --save_per_residue_embeddings False
2024-09-25 16:05:52.975 | INFO     | phold.utils.util:begin_phold:79 - Parameter: --save_per_protein_embeddings False
2024-09-25 16:05:52.980 | INFO     | phold.utils.util:begin_phold:79 - Parameter: --only_representatives False
2024-09-25 16:05:52.984 | INFO     | phold.utils.util:begin_phold:79 - Parameter: --ultra_sensitive False
2024-09-25 16:05:53.016 | INFO     | phold.utils.validation:check_dependencies:126 - Foldseek version found is v9.427df8a
2024-09-25 16:05:53.021 | INFO     | phold.utils.validation:check_dependencies:135 - Foldseek version is ok
2024-09-25 16:05:53.026 | INFO     | phold.databases.db:validate_db:361 - Checking Phold database installation in /veodata/01/databases/phold/v240724
2024-09-25 16:05:53.035 | INFO     | phold.databases.db:validate_db:364 - All Phold databases files are present
2024-09-25 16:05:53.040 | INFO     | phold.io.handle_genbank:get_genbank:57 - Checking if input 3_Project/3.0_select_contigs/select_contigs.gbk is a Genbank file
2024-09-25 16:05:53.263 | INFO     | phold.utils.validation:validate_input:50 - Successfully parsed input 3_Project/3.0_select_contigs/select_contigs.gbk as a Genbank format file
2024-09-25 16:05:53.276 | INFO     | phold.features.predict_3Di:get_T5_model:121 - Using device: cpu
2024-09-25 16:05:53.281 | INFO     | phold.features.predict_3Di:get_T5_model:127 - Loading T5 from: /veodata/01/databases/phold/v240724/Rostlab/ProstT5_fp16
2024-09-25 16:05:53.284 | INFO     | phold.features.predict_3Di:get_T5_model:128 - If /veodata/01/databases/phold/v240724/Rostlab/ProstT5_fp16 is not found, it will be downloaded
2024-09-25 16:06:09.855 | INFO     | phold.features.predict_3Di:get_T5_model:164 - Rostlab/ProstT5_fp16 loaded
2024-09-25 16:06:09.894 | INFO     | phold.features.predict_3Di:get_embeddings:436 - Beginning ProstT5 predictions
2024-09-25 16:06:09.899 | INFO     | phold.features.predict_3Di:get_embeddings:443 - Using models in full-precision
2024-09-25 16:16:56.016 | INFO     | phold.features.predict_3Di:write_predictions:278 - Finished writing results to 3_Project/3.2_subsampled_phold/10_phold_on_pharoka/phold_3di.fasta
2024-09-25 16:16:56.317 | INFO     | phold.utils.external_tools:run:44 - Started running foldseek tsv2db 3_Project/3.2_subsampled_phold/10_phold_on_pharoka/foldseek_db/aa.tsv 3_Project/3.2_subsampled_phold/10_phold_on_pharoka/foldseek_db/phold --output-dbtype 0 ...
2024-09-25 16:16:56.406 | INFO     | phold.utils.external_tools:run:46 - Done running foldseek tsv2db 3_Project/3.2_subsampled_phold/10_phold_on_pharoka/foldseek_db/aa.tsv 3_Project/3.2_subsampled_phold/10_phold_on_pharoka/foldseek_db/phold --output-dbtype 0
2024-09-25 16:16:56.421 | INFO     | phold.utils.external_tools:run:44 - Started running foldseek tsv2db 3_Project/3.2_subsampled_phold/10_phold_on_pharoka/foldseek_db/3di.tsv 3_Project/3.2_subsampled_phold/10_phold_on_pharoka/foldseek_db/phold_ss --output-dbtype 0 ...
2024-09-25 16:16:56.492 | INFO     | phold.utils.external_tools:run:46 - Done running foldseek tsv2db 3_Project/3.2_subsampled_phold/10_phold_on_pharoka/foldseek_db/3di.tsv 3_Project/3.2_subsampled_phold/10_phold_on_pharoka/foldseek_db/phold_ss --output-dbtype 0
2024-09-25 16:16:56.506 | INFO     | phold.utils.external_tools:run:44 - Started running foldseek tsv2db 3_Project/3.2_subsampled_phold/10_phold_on_pharoka/foldseek_db/header.tsv 3_Project/3.2_subsampled_phold/10_phold_on_pharoka/foldseek_db/phold_h --output-dbtype 12 ...
2024-09-25 16:16:56.571 | INFO     | phold.utils.external_tools:run:46 - Done running foldseek tsv2db 3_Project/3.2_subsampled_phold/10_phold_on_pharoka/foldseek_db/header.tsv 3_Project/3.2_subsampled_phold/10_phold_on_pharoka/foldseek_db/phold_h --output-dbtype 12
2024-09-25 16:16:56.596 | INFO     | phold.utils.external_tools:run:44 - Started running foldseek search 3_Project/3.2_subsampled_phold/10_phold_on_pharoka/foldseek_db/phold /veodata/01/databases/phold/v240724/all_phold_structures_clustered_searchDB 3_Project/3.2_subsampled_phold/10_phold_on_pharoka/result_db/result_db 3_Project/3.2_subsampled_phold/10_phold_on_pharoka/temp_db --threads 96 -e 0.001 -s 9.5 --max-seqs 10000 --cluster-search 1 ...
2024-09-25 16:17:50.863 | INFO     | phold.utils.external_tools:run:46 - Done running foldseek search 3_Project/3.2_subsampled_phold/10_phold_on_pharoka/foldseek_db/phold /veodata/01/databases/phold/v240724/all_phold_structures_clustered_searchDB 3_Project/3.2_subsampled_phold/10_phold_on_pharoka/result_db/result_db 3_Project/3.2_subsampled_phold/10_phold_on_pharoka/temp_db --threads 96 -e 0.001 -s 9.5 --max-seqs 10000 --cluster-search 1
2024-09-25 16:17:50.876 | INFO     | phold.utils.external_tools:run:44 - Started running foldseek createtsv 3_Project/3.2_subsampled_phold/10_phold_on_pharoka/foldseek_db/phold /veodata/01/databases/phold/v240724/all_phold_structures 3_Project/3.2_subsampled_phold/10_phold_on_pharoka/result_db/result_db 3_Project/3.2_subsampled_phold/10_phold_on_pharoka/foldseek_results.tsv ...
2024-09-25 16:17:53.673 | INFO     | phold.utils.external_tools:run:46 - Done running foldseek createtsv 3_Project/3.2_subsampled_phold/10_phold_on_pharoka/foldseek_db/phold /veodata/01/databases/phold/v240724/all_phold_structures 3_Project/3.2_subsampled_phold/10_phold_on_pharoka/result_db/result_db 3_Project/3.2_subsampled_phold/10_phold_on_pharoka/foldseek_results.tsv
2024-09-25 16:17:53.680 | INFO     | phold.results.topfunction:get_topfunctions:35 - Processing Foldseek output
2024-09-25 16:17:59.055 | INFO     | phold.utils.util:end_phold:101 - phold run has finished
2024-09-25 16:17:59.059 | INFO     | phold.utils.util:end_phold:102 - Elapsed time: 726.21 seconds
